"../../../../../../Users/m.navascues/Desktop/2019-Fall-FPS/Astra/Content/Environment/Navigation/NewBlueprint.uasset" 0
"../../../../../../Users/m.navascues/Desktop/2019-Fall-FPS/Astra/Content/Levels/MainMenu_BuiltData.uasset" 1
"../../../../../../Users/m.navascues/Desktop/2019-Fall-FPS/Astra/Content/Levels/TestGym_movement_BuiltData.uasset" 2
"../../../Engine/Content/EngineFonts/RobotoDistanceField.uasset" 3
"../../../../../../Users/m.navascues/Desktop/2019-Fall-FPS/Astra/Content/Resources/Materials/TextMaterial.uasset" 4
"../../../../../../Users/m.navascues/Desktop/2019-Fall-FPS/Astra/Content/Player/TextRender.uasset" 5
"../../../../../../Users/m.navascues/Desktop/2019-Fall-FPS/Astra/Content/Player/PrototypeWeap/FX/Textures/T_LightStreak_01.uasset" 6
"../../../../../../Users/m.navascues/Desktop/2019-Fall-FPS/Astra/Content/Player/PrototypeWeap/FX/Materials/M_LightStreak_01.uasset" 7
"../../../../../../Users/m.navascues/Desktop/2019-Fall-FPS/Astra/Content/Player/PrototypeWeap/FX/Textures/T_GlowSphere_01.uasset" 8
"../../../../../../Users/m.navascues/Desktop/2019-Fall-FPS/Astra/Content/Player/PrototypeWeap/FX/Materials/M_Pop_01.uasset" 9
"../../../../../../Users/m.navascues/Desktop/2019-Fall-FPS/Astra/Content/Player/PrototypeWeap/FX/Textures/T_SmokeSimple_01.uasset" 10
"../../../../../../Users/m.navascues/Desktop/2019-Fall-FPS/Astra/Content/Player/PrototypeWeap/FX/Materials/M_SmokeSimple_01.uasset" 11
"../../../../../../Users/m.navascues/Desktop/2019-Fall-FPS/Astra/Content/Player/PrototypeWeap/FX/P_Grenadeauncher_MuzzleFlash.uasset" 12
"../../../../../../Users/m.navascues/Desktop/2019-Fall-FPS/Astra/Content/Player/PrototypeWeap/Prototype_GrenadeLauncher_Skeleton.uasset" 13
"../../../../../../Users/m.navascues/Desktop/2019-Fall-FPS/Astra/Content/Player/PrototypeWeap/Sound/Attenuation/WeaponShot_att.uasset" 14
"../../../../../../Users/m.navascues/Desktop/2019-Fall-FPS/Astra/Content/Player/PrototypeWeap/Sound/GrenadeLauncher/GL_Fire_Cue.uasset" 15
"../../../../../../Users/m.navascues/Desktop/2019-Fall-FPS/Astra/Content/Player/PrototypeWeap/Anims/Fire_GrenadeLauncher_W.uasset" 16
"../../../../../../Users/m.navascues/Desktop/2019-Fall-FPS/Astra/Content/Player/PrototypeWeap/FX/Textures/T_SparkImpacts_2x2_01.uasset" 17
"../../../../../../Users/m.navascues/Desktop/2019-Fall-FPS/Astra/Content/Player/PrototypeWeap/FX/Materials/M_SparksImpact_2x2_01.uasset" 18
"../../../../../../Users/m.navascues/Desktop/2019-Fall-FPS/Astra/Content/Player/PrototypeWeap/FX/P_Pistol_MuzzleFlash.uasset" 19
"../../../../../../Users/m.navascues/Desktop/2019-Fall-FPS/Astra/Content/Player/PrototypeWeap/Prototype_Pistol_Skeleton.uasset" 20
"../../../../../../Users/m.navascues/Desktop/2019-Fall-FPS/Astra/Content/Player/PrototypeWeap/Sound/Pistol/PistolA_Fire_Cue.uasset" 21
"../../../../../../Users/m.navascues/Desktop/2019-Fall-FPS/Astra/Content/Player/PrototypeWeap/Anims/Fire_Pistol_W.uasset" 22
"../../../../../../Users/m.navascues/Desktop/2019-Fall-FPS/Astra/Content/Player/PrototypeWeap/FX/P_AssaultRifle_MuzzleFlash.uasset" 23
"../../../../../../Users/m.navascues/Desktop/2019-Fall-FPS/Astra/Content/Player/PrototypeWeap/Prototype_AssaultRifle_Skeleton.uasset" 24
"../../../../../../Users/m.navascues/Desktop/2019-Fall-FPS/Astra/Content/Player/PrototypeWeap/Sound/Rifle/RifleA_Fire_Cue.uasset" 25
"../../../../../../Users/m.navascues/Desktop/2019-Fall-FPS/Astra/Content/Player/PrototypeWeap/Anims/Fire_Rifle_W.uasset" 26
"../../../../../../Users/m.navascues/Desktop/2019-Fall-FPS/Astra/Content/Player/PrototypeWeap/FX/P_RocketLauncher_MuzzleFlash.uasset" 27
"../../../../../../Users/m.navascues/Desktop/2019-Fall-FPS/Astra/Content/Player/PrototypeWeap/Prototype_RocketLauncher_Skeleton.uasset" 28
"../../../../../../Users/m.navascues/Desktop/2019-Fall-FPS/Astra/Content/Player/PrototypeWeap/Sound/RocketLauncher/RL_FireA_Cue.uasset" 29
"../../../../../../Users/m.navascues/Desktop/2019-Fall-FPS/Astra/Content/Player/PrototypeWeap/Anims/Fire_RocketLauncher_W.uasset" 30
"../../../../../../Users/m.navascues/Desktop/2019-Fall-FPS/Astra/Content/Player/PrototypeWeap/FX/Textures/T_Spark_01.uasset" 31
"../../../../../../Users/m.navascues/Desktop/2019-Fall-FPS/Astra/Content/Player/PrototypeWeap/FX/Materials/M_Spark_01.uasset" 32
"../../../../../../Users/m.navascues/Desktop/2019-Fall-FPS/Astra/Content/Player/PrototypeWeap/FX/P_Shotgun_MuzzleFlash.uasset" 33
"../../../../../../Users/m.navascues/Desktop/2019-Fall-FPS/Astra/Content/Player/PrototypeWeap/Prototype_Shotgun_Skeleton.uasset" 34
"../../../../../../Users/m.navascues/Desktop/2019-Fall-FPS/Astra/Content/Player/PrototypeWeap/Sound/Shotgun/Shotgun_Fire_Cue.uasset" 35
"../../../../../../Users/m.navascues/Desktop/2019-Fall-FPS/Astra/Content/Player/PrototypeWeap/Sound/Attenuation/WeaponHandling_att.uasset" 36
"../../../../../../Users/m.navascues/Desktop/2019-Fall-FPS/Astra/Content/Player/PrototypeWeap/Sound/Shotgun/Shotgun_Reload_Cue.uasset" 37
"../../../../../../Users/m.navascues/Desktop/2019-Fall-FPS/Astra/Content/Player/PrototypeWeap/Anims/Fire_Shotgun_W.uasset" 38
"../../../../../../Users/m.navascues/Desktop/2019-Fall-FPS/Astra/Content/Player/PrototypeWeap/FX/P_SniperRifle_MuzzleFlash.uasset" 39
"../../../../../../Users/m.navascues/Desktop/2019-Fall-FPS/Astra/Content/Player/PrototypeWeap/Prototype_SniperRifle_Skeleton.uasset" 40
"../../../../../../Users/m.navascues/Desktop/2019-Fall-FPS/Astra/Content/Player/PrototypeWeap/Sound/SniperRifle/SR_Fire_Cue.uasset" 41
"../../../../../../Users/m.navascues/Desktop/2019-Fall-FPS/Astra/Content/Player/PrototypeWeap/Anims/Fire_SniperRifle_W.uasset" 42
"../../../../../../Users/m.navascues/Desktop/2019-Fall-FPS/Astra/Content/Player/PrototypeWeap/Sound/Rifle/Rifle_Reload_Cue.uasset" 43
"../../../../../../Users/m.navascues/Desktop/2019-Fall-FPS/Astra/Content/Player/PrototypeWeap/Sound/Rifle/Rifle_ReloadMagEject.uasset" 44
"../../../../../../Users/m.navascues/Desktop/2019-Fall-FPS/Astra/Content/Player/PrototypeWeap/Sound/Rifle/Rifle_ReloadMagEject_Cue.uasset" 45
"../../../../../../Users/m.navascues/Desktop/2019-Fall-FPS/Astra/Content/Player/PrototypeWeap/Anims/Prone_Reload_Rifle_W.uasset" 46
"../../../../../../Users/m.navascues/Desktop/2019-Fall-FPS/Astra/Content/Player/PrototypeWeap/Sound/Shotgun/Shotgun_ReloadIn_Cue.uasset" 47
"../../../../../../Users/m.navascues/Desktop/2019-Fall-FPS/Astra/Content/Player/PrototypeWeap/Sound/Shotgun/Shotgun_ReloadOut_Cue.uasset" 48
"../../../../../../Users/m.navascues/Desktop/2019-Fall-FPS/Astra/Content/Player/PrototypeWeap/Anims/Prone_Reload_Shotgun_W.uasset" 49
"../../../../../../Users/m.navascues/Desktop/2019-Fall-FPS/Astra/Content/Player/PrototypeWeap/Sound/SniperRifle/SR_Reload_Cue.uasset" 50
"../../../../../../Users/m.navascues/Desktop/2019-Fall-FPS/Astra/Content/Player/PrototypeWeap/Sound/SniperRifle/SR_ReloadMagEject.uasset" 51
"../../../../../../Users/m.navascues/Desktop/2019-Fall-FPS/Astra/Content/Player/PrototypeWeap/Sound/SniperRifle/SR_ReloadMagEject_Cue.uasset" 52
"../../../../../../Users/m.navascues/Desktop/2019-Fall-FPS/Astra/Content/Player/PrototypeWeap/Sound/SniperRifle/SR_ReloadMagInsert.uasset" 53
"../../../../../../Users/m.navascues/Desktop/2019-Fall-FPS/Astra/Content/Player/PrototypeWeap/Sound/SniperRifle/SR_ReloadMagInsert_Cue.uasset" 54
"../../../../../../Users/m.navascues/Desktop/2019-Fall-FPS/Astra/Content/Player/PrototypeWeap/Anims/Prone_Reload_SniperRifle_W.uasset" 55
"../../../../../../Users/m.navascues/Desktop/2019-Fall-FPS/Astra/Content/Player/PrototypeWeap/Sound/GrenadeLauncher/GL_Reload_Cue.uasset" 56
"../../../../../../Users/m.navascues/Desktop/2019-Fall-FPS/Astra/Content/Player/PrototypeWeap/Sound/GrenadeLauncher/GL_ReloadGrab.uasset" 57
"../../../../../../Users/m.navascues/Desktop/2019-Fall-FPS/Astra/Content/Player/PrototypeWeap/Sound/GrenadeLauncher/GL_ReloadGrab_Cue.uasset" 58
"../../../../../../Users/m.navascues/Desktop/2019-Fall-FPS/Astra/Content/Player/PrototypeWeap/Sound/GrenadeLauncher/GL_ReloadInsert.uasset" 59
"../../../../../../Users/m.navascues/Desktop/2019-Fall-FPS/Astra/Content/Player/PrototypeWeap/Sound/GrenadeLauncher/GL_ReloadInsert_Cue.uasset" 60
"../../../../../../Users/m.navascues/Desktop/2019-Fall-FPS/Astra/Content/Player/PrototypeWeap/Anims/Reload_GrenadeLauncher_W.uasset" 61
"../../../../../../Users/m.navascues/Desktop/2019-Fall-FPS/Astra/Content/Player/PrototypeWeap/Sound/Pistol/Pistol_Reload_Cue.uasset" 62
"../../../../../../Users/m.navascues/Desktop/2019-Fall-FPS/Astra/Content/Player/PrototypeWeap/Sound/Pistol/Pistol_ReloadMagEject01.uasset" 63
"../../../../../../Users/m.navascues/Desktop/2019-Fall-FPS/Astra/Content/Player/PrototypeWeap/Sound/Pistol/Pistol_ReloadMagEject_Cue.uasset" 64
"../../../../../../Users/m.navascues/Desktop/2019-Fall-FPS/Astra/Content/Player/PrototypeWeap/Anims/Reload_Pistol_W.uasset" 65
"../../../../../../Users/m.navascues/Desktop/2019-Fall-FPS/Astra/Content/Player/PrototypeWeap/Anims/Reload_Rifle_Hips_W.uasset" 66
"../../../../../../Users/m.navascues/Desktop/2019-Fall-FPS/Astra/Content/Player/PrototypeWeap/Anims/Reload_Rifle_Ironsights_W.uasset" 67
"../../../../../../Users/m.navascues/Desktop/2019-Fall-FPS/Astra/Content/Player/PrototypeWeap/Sound/RocketLauncher/RL_Reload_Cue.uasset" 68
"../../../../../../Users/m.navascues/Desktop/2019-Fall-FPS/Astra/Content/Player/PrototypeWeap/Sound/RocketLauncher/RL_ReloadIn_Cue.uasset" 69
"../../../../../../Users/m.navascues/Desktop/2019-Fall-FPS/Astra/Content/Player/PrototypeWeap/Anims/Reload_RocketLauncher_W.uasset" 70
"../../../../../../Users/m.navascues/Desktop/2019-Fall-FPS/Astra/Content/Player/PrototypeWeap/Anims/Reload_Shotgun_Hips_W.uasset" 71
"../../../../../../Users/m.navascues/Desktop/2019-Fall-FPS/Astra/Content/Player/PrototypeWeap/Anims/Reload_Shotgun_Ironsights_W.uasset" 72
"../../../../../../Users/m.navascues/Desktop/2019-Fall-FPS/Astra/Content/Player/PrototypeWeap/Anims/Reload_SniperRifle_Hips_W.uasset" 73
"../../../../../../Users/m.navascues/Desktop/2019-Fall-FPS/Astra/Content/Player/PrototypeWeap/Anims/Reload_SniperRifle_Ironsights_W.uasset" 74
"../../../../../../Users/m.navascues/Desktop/2019-Fall-FPS/Astra/Content/Player/PrototypeWeap/FX/Materials/M_Tracer_01.uasset" 75
"../../../../../../Users/m.navascues/Desktop/2019-Fall-FPS/Astra/Content/Player/PrototypeWeap/FX/Meshes/St_Tracer_A.uasset" 76
"../../../../../../Users/m.navascues/Desktop/2019-Fall-FPS/Astra/Content/Player/PrototypeWeap/FX/P_AssaultRifle_Tracer.uasset" 77
"../../../../../../Users/m.navascues/Desktop/2019-Fall-FPS/Astra/Content/Player/PrototypeWeap/FX/Textures/T_Ember_01.uasset" 78
"../../../../../../Users/m.navascues/Desktop/2019-Fall-FPS/Astra/Content/Player/PrototypeWeap/FX/Materials/M_Ember_01.uasset" 79
"../../../../../../Users/m.navascues/Desktop/2019-Fall-FPS/Astra/Content/Player/PrototypeWeap/FX/P_Impact_01.uasset" 80
"../../../../../../Users/m.navascues/Desktop/2019-Fall-FPS/Astra/Content/Player/PrototypeWeap/FX/Textures/T_Knife_RibbonGradient_01.uasset" 81
"../../../../../../Users/m.navascues/Desktop/2019-Fall-FPS/Astra/Content/Player/PrototypeWeap/FX/Materials/M_Knife_RibbonTrail_01.uasset" 82
"../../../../../../Users/m.navascues/Desktop/2019-Fall-FPS/Astra/Content/Player/PrototypeWeap/FX/P_Knife_RibbonTrail.uasset" 83
"../../../../../../Users/m.navascues/Desktop/2019-Fall-FPS/Astra/Content/Player/PrototypeWeap/FX/P_Pistol_Tracer.uasset" 84
"../../../../../../Users/m.navascues/Desktop/2019-Fall-FPS/Astra/Content/Player/PrototypeWeap/FX/Textures/T_SphereNoise_01.uasset" 85
"../../../../../../Users/m.navascues/Desktop/2019-Fall-FPS/Astra/Content/Player/PrototypeWeap/FX/Materials/M_SphereNoise_01.uasset" 86
"../../../../../../Users/m.navascues/Desktop/2019-Fall-FPS/Astra/Content/Player/PrototypeWeap/FX/Meshes/St_Sphere_01.uasset" 87
"../../../../../../Users/m.navascues/Desktop/2019-Fall-FPS/Astra/Content/Player/PrototypeWeap/FX/P_RocketLauncher_Explosion.uasset" 88
"../../../../../../Users/m.navascues/Desktop/2019-Fall-FPS/Astra/Content/Player/PrototypeWeap/FX/P_RocketLauncher_Trail.uasset" 89
"../../../../../../Users/m.navascues/Desktop/2019-Fall-FPS/Astra/Content/Player/PrototypeWeap/FX/P_Shotgun_Tracer.uasset" 90
"../../../Engine/Content/EngineResources/Black.uasset" 91
"../../../../../../Users/m.navascues/Desktop/2019-Fall-FPS/Astra/Content/Player/PrototypeWeap/Textures/T_Prototype_GrenadeLauncher_D.uasset" 92
"../../../../../../Users/m.navascues/Desktop/2019-Fall-FPS/Astra/Content/Player/PrototypeWeap/Textures/T_Prototype_GrenadeLauncher_M.uasset" 93
"../../../../../../Users/m.navascues/Desktop/2019-Fall-FPS/Astra/Content/Player/PrototypeWeap/Textures/T_Prototype_GrenadeLauncher_N.uasset" 94
"../../../../../../Users/m.navascues/Desktop/2019-Fall-FPS/Astra/Content/Player/PrototypeWeap/Materials/M_Master.uasset" 95
"../../../../../../Users/m.navascues/Desktop/2019-Fall-FPS/Astra/Content/Player/PrototypeWeap/Textures/T_Prototype_AssaultRifle_D.uasset" 96
"../../../../../../Users/m.navascues/Desktop/2019-Fall-FPS/Astra/Content/Player/PrototypeWeap/Textures/T_Prototype_AssaultRifle_M.uasset" 97
"../../../../../../Users/m.navascues/Desktop/2019-Fall-FPS/Astra/Content/Player/PrototypeWeap/Textures/T_Prototype_AssaultRifle_N.uasset" 98
"../../../../../../Users/m.navascues/Desktop/2019-Fall-FPS/Astra/Content/Player/PrototypeWeap/Materials/M_AssualtRifleVer2_Inst.uasset" 99
"../../../../../../Users/m.navascues/Desktop/2019-Fall-FPS/Astra/Content/Player/PrototypeWeap/Textures/T_Prototype_GrenadeLauncherScope_E.uasset" 100
"../../../../../../Users/m.navascues/Desktop/2019-Fall-FPS/Astra/Content/Player/PrototypeWeap/Materials/M_GrenadeLauncherVer2_Inst.uasset" 101
"../../../../../../Users/m.navascues/Desktop/2019-Fall-FPS/Astra/Content/Player/PrototypeWeap/Textures/T_Prototype_Pistol_D.uasset" 102
"../../../../../../Users/m.navascues/Desktop/2019-Fall-FPS/Astra/Content/Player/PrototypeWeap/Textures/T_Prototype_Pistol_M.uasset" 103
"../../../../../../Users/m.navascues/Desktop/2019-Fall-FPS/Astra/Content/Player/PrototypeWeap/Textures/T_Prototype_Pistol_N.uasset" 104
"../../../../../../Users/m.navascues/Desktop/2019-Fall-FPS/Astra/Content/Player/PrototypeWeap/Materials/M_PistolVer2_Inst.uasset" 105
"../../../../../../Users/m.navascues/Desktop/2019-Fall-FPS/Astra/Content/Player/PrototypeWeap/Textures/T_Prototype_RocketLauncher_D.uasset" 106
"../../../../../../Users/m.navascues/Desktop/2019-Fall-FPS/Astra/Content/Player/PrototypeWeap/Textures/T_Prototype_RocketLauncher_M.uasset" 107
"../../../../../../Users/m.navascues/Desktop/2019-Fall-FPS/Astra/Content/Player/PrototypeWeap/Textures/T_Prototype_RocketLauncher_N.uasset" 108
"../../../../../../Users/m.navascues/Desktop/2019-Fall-FPS/Astra/Content/Player/PrototypeWeap/Materials/M_RocketLauncherVer2_Inst.uasset" 109
"../../../../../../Users/m.navascues/Desktop/2019-Fall-FPS/Astra/Content/Player/PrototypeWeap/Textures/T_Prototype_Shotgun_D.uasset" 110
"../../../../../../Users/m.navascues/Desktop/2019-Fall-FPS/Astra/Content/Player/PrototypeWeap/Textures/T_Prototype_Shotgun_M.uasset" 111
"../../../../../../Users/m.navascues/Desktop/2019-Fall-FPS/Astra/Content/Player/PrototypeWeap/Textures/T_Prototype_Shotgun_N.uasset" 112
"../../../../../../Users/m.navascues/Desktop/2019-Fall-FPS/Astra/Content/Player/PrototypeWeap/Materials/M_ShotgunVer2_Inst.uasset" 113
"../../../../../../Users/m.navascues/Desktop/2019-Fall-FPS/Astra/Content/Player/PrototypeWeap/Textures/T_Prototype_SniperRifle_D.uasset" 114
"../../../../../../Users/m.navascues/Desktop/2019-Fall-FPS/Astra/Content/Player/PrototypeWeap/Textures/T_Prototype_SniperRifle_M.uasset" 115
"../../../../../../Users/m.navascues/Desktop/2019-Fall-FPS/Astra/Content/Player/PrototypeWeap/Textures/T_Prototype_SniperRifle_N.uasset" 116
"../../../../../../Users/m.navascues/Desktop/2019-Fall-FPS/Astra/Content/Player/PrototypeWeap/Textures/T_Prototype_SniperRifleScope_E.uasset" 117
"../../../../../../Users/m.navascues/Desktop/2019-Fall-FPS/Astra/Content/Player/PrototypeWeap/Materials/M_SniperRifleVer2_Inst.uasset" 118
"../../../../../../Users/m.navascues/Desktop/2019-Fall-FPS/Astra/Content/Player/PrototypeWeap/Sound/Attenuation/WeaponShotClose_Att.uasset" 119
"../../../../../../Users/m.navascues/Desktop/2019-Fall-FPS/Astra/Content/Player/PrototypeWeap/Sound/GrenadeLauncher/GL_AmmoPickup.uasset" 120
"../../../../../../Users/m.navascues/Desktop/2019-Fall-FPS/Astra/Content/Player/PrototypeWeap/Sound/GrenadeLauncher/GL_AmmoPickup_Cue.uasset" 121
"../../../../../../Users/m.navascues/Desktop/2019-Fall-FPS/Astra/Content/Player/PrototypeWeap/Sound/GrenadeLauncher/GL_Bounce01.uasset" 122
"../../../../../../Users/m.navascues/Desktop/2019-Fall-FPS/Astra/Content/Player/PrototypeWeap/Sound/GrenadeLauncher/GL_Bounce02.uasset" 123
"../../../../../../Users/m.navascues/Desktop/2019-Fall-FPS/Astra/Content/Player/PrototypeWeap/Sound/GrenadeLauncher/GL_Bounce03.uasset" 124
"../../../../../../Users/m.navascues/Desktop/2019-Fall-FPS/Astra/Content/Player/PrototypeWeap/Sound/GrenadeLauncher/GL_Bounce04.uasset" 125
"../../../../../../Users/m.navascues/Desktop/2019-Fall-FPS/Astra/Content/Player/PrototypeWeap/Sound/GrenadeLauncher/GL_Bounce05.uasset" 126
"../../../../../../Users/m.navascues/Desktop/2019-Fall-FPS/Astra/Content/Player/PrototypeWeap/Sound/GrenadeLauncher/GL_Bounce06.uasset" 127
"../../../../../../Users/m.navascues/Desktop/2019-Fall-FPS/Astra/Content/Player/PrototypeWeap/Sound/Attenuation/ProjectileImpact_att.uasset" 128
"../../../../../../Users/m.navascues/Desktop/2019-Fall-FPS/Astra/Content/Player/PrototypeWeap/Sound/GrenadeLauncher/GL_Bounce_Cue.uasset" 129
"../../../../../../Users/m.navascues/Desktop/2019-Fall-FPS/Astra/Content/Player/PrototypeWeap/Sound/GrenadeLauncher/GL_Explosion02.uasset" 130
"../../../../../../Users/m.navascues/Desktop/2019-Fall-FPS/Astra/Content/Player/PrototypeWeap/Sound/GrenadeLauncher/GL_Explosion03.uasset" 131
"../../../../../../Users/m.navascues/Desktop/2019-Fall-FPS/Astra/Content/Player/PrototypeWeap/Sound/GrenadeLauncher/GL_Explosion04.uasset" 132
"../../../../../../Users/m.navascues/Desktop/2019-Fall-FPS/Astra/Content/Player/PrototypeWeap/Sound/GrenadeLauncher/GL_Explosion05.uasset" 133
"../../../../../../Users/m.navascues/Desktop/2019-Fall-FPS/Astra/Content/Player/PrototypeWeap/Sound/GrenadeLauncher/GL_Explosion06.uasset" 134
"../../../../../../Users/m.navascues/Desktop/2019-Fall-FPS/Astra/Content/Player/PrototypeWeap/Sound/GrenadeLauncher/GL_Fire01.uasset" 135
"../../../../../../Users/m.navascues/Desktop/2019-Fall-FPS/Astra/Content/Player/PrototypeWeap/Sound/GrenadeLauncher/GL_Fire02.uasset" 136
"../../../../../../Users/m.navascues/Desktop/2019-Fall-FPS/Astra/Content/Player/PrototypeWeap/Sound/GrenadeLauncher/GL_Fire03.uasset" 137
"../../../../../../Users/m.navascues/Desktop/2019-Fall-FPS/Astra/Content/Player/PrototypeWeap/Sound/GrenadeLauncher/GL_Fire04.uasset" 138
"../../../../../../Users/m.navascues/Desktop/2019-Fall-FPS/Astra/Content/Player/PrototypeWeap/Sound/GrenadeLauncher/GL_Fire05.uasset" 139
"../../../../../../Users/m.navascues/Desktop/2019-Fall-FPS/Astra/Content/Player/PrototypeWeap/Sound/GrenadeLauncher/GL_Fire06.uasset" 140
"../../../../../../Users/m.navascues/Desktop/2019-Fall-FPS/Astra/Content/Player/PrototypeWeap/Sound/GrenadeLauncher/GL_Fire_ST01.uasset" 141
"../../../../../../Users/m.navascues/Desktop/2019-Fall-FPS/Astra/Content/Player/PrototypeWeap/Sound/GrenadeLauncher/GL_Fire_ST02.uasset" 142
"../../../../../../Users/m.navascues/Desktop/2019-Fall-FPS/Astra/Content/Player/PrototypeWeap/Sound/GrenadeLauncher/GL_Fire_ST03.uasset" 143
"../../../../../../Users/m.navascues/Desktop/2019-Fall-FPS/Astra/Content/Player/PrototypeWeap/Sound/GrenadeLauncher/GL_Fire_ST04.uasset" 144
"../../../../../../Users/m.navascues/Desktop/2019-Fall-FPS/Astra/Content/Player/PrototypeWeap/Sound/GrenadeLauncher/GL_Fire_ST05.uasset" 145
"../../../../../../Users/m.navascues/Desktop/2019-Fall-FPS/Astra/Content/Player/PrototypeWeap/Sound/GrenadeLauncher/GL_Fire_ST06.uasset" 146
"../../../../../../Users/m.navascues/Desktop/2019-Fall-FPS/Astra/Content/Player/PrototypeWeap/Sound/GrenadeLauncher/GL_Lower.uasset" 147
"../../../../../../Users/m.navascues/Desktop/2019-Fall-FPS/Astra/Content/Player/PrototypeWeap/Sound/GrenadeLauncher/GL_Lower_Cue.uasset" 148
"../../../../../../Users/m.navascues/Desktop/2019-Fall-FPS/Astra/Content/Player/PrototypeWeap/Sound/GrenadeLauncher/GL_Raise.uasset" 149
"../../../../../../Users/m.navascues/Desktop/2019-Fall-FPS/Astra/Content/Player/PrototypeWeap/Sound/GrenadeLauncher/GL_Raise_Cue.uasset" 150
"../../../../../../Users/m.navascues/Desktop/2019-Fall-FPS/Astra/Content/Player/PrototypeWeap/Sound/GrenadeLauncher/GL_Reload01.uasset" 151
"../../../../../../Users/m.navascues/Desktop/2019-Fall-FPS/Astra/Content/Player/PrototypeWeap/Sound/GrenadeLauncher/GL_Reload02.uasset" 152
"../../../../../../Users/m.navascues/Desktop/2019-Fall-FPS/Astra/Content/Player/PrototypeWeap/Sound/GrenadeLauncher/GL_Reload03.uasset" 153
"../../../../../../Users/m.navascues/Desktop/2019-Fall-FPS/Astra/Content/Player/PrototypeWeap/Sound/Knife/Knife_ImpactBody02.uasset" 154
"../../../../../../Users/m.navascues/Desktop/2019-Fall-FPS/Astra/Content/Player/PrototypeWeap/Sound/Knife/Knife_ImpactBody03.uasset" 155
"../../../../../../Users/m.navascues/Desktop/2019-Fall-FPS/Astra/Content/Player/PrototypeWeap/Sound/Knife/Knife_ImpactBody04.uasset" 156
"../../../../../../Users/m.navascues/Desktop/2019-Fall-FPS/Astra/Content/Player/PrototypeWeap/Sound/Knife/Knife_ImpactBody05.uasset" 157
"../../../../../../Users/m.navascues/Desktop/2019-Fall-FPS/Astra/Content/Player/PrototypeWeap/Sound/Knife/Knife_ImpactBody_Cue.uasset" 158
"../../../../../../Users/m.navascues/Desktop/2019-Fall-FPS/Astra/Content/Player/PrototypeWeap/Sound/Knife/Knife_ImpactSurface_Hard01.uasset" 159
"../../../../../../Users/m.navascues/Desktop/2019-Fall-FPS/Astra/Content/Player/PrototypeWeap/Sound/Knife/Knife_ImpactSurface_Hard02.uasset" 160
"../../../../../../Users/m.navascues/Desktop/2019-Fall-FPS/Astra/Content/Player/PrototypeWeap/Sound/Knife/Knife_ImpactSurface_Hard03.uasset" 161
"../../../../../../Users/m.navascues/Desktop/2019-Fall-FPS/Astra/Content/Player/PrototypeWeap/Sound/Knife/Knife_ImpactSurface_Hard04.uasset" 162
"../../../../../../Users/m.navascues/Desktop/2019-Fall-FPS/Astra/Content/Player/PrototypeWeap/Sound/Knife/Knife_ImpactSurface_Hard05.uasset" 163
"../../../../../../Users/m.navascues/Desktop/2019-Fall-FPS/Astra/Content/Player/PrototypeWeap/Sound/Knife/Knife_ImpactSurface_Light01.uasset" 164
"../../../../../../Users/m.navascues/Desktop/2019-Fall-FPS/Astra/Content/Player/PrototypeWeap/Sound/Knife/Knife_ImpactSurface_Light02.uasset" 165
"../../../../../../Users/m.navascues/Desktop/2019-Fall-FPS/Astra/Content/Player/PrototypeWeap/Sound/Knife/Knife_ImpactSurface_Light03.uasset" 166
"../../../../../../Users/m.navascues/Desktop/2019-Fall-FPS/Astra/Content/Player/PrototypeWeap/Sound/Knife/Knife_ImpactSurface_Light04.uasset" 167
"../../../../../../Users/m.navascues/Desktop/2019-Fall-FPS/Astra/Content/Player/PrototypeWeap/Sound/Knife/Knife_ImpactSurface_Light05.uasset" 168
"../../../../../../Users/m.navascues/Desktop/2019-Fall-FPS/Astra/Content/Player/PrototypeWeap/Sound/Knife/Knife_Impact_Hard_Cue.uasset" 169
"../../../../../../Users/m.navascues/Desktop/2019-Fall-FPS/Astra/Content/Player/PrototypeWeap/Sound/Knife/Knife_Impact_Light_Cue.uasset" 170
"../../../../../../Users/m.navascues/Desktop/2019-Fall-FPS/Astra/Content/Player/PrototypeWeap/Sound/Knife/Knife_Lower.uasset" 171
"../../../../../../Users/m.navascues/Desktop/2019-Fall-FPS/Astra/Content/Player/PrototypeWeap/Sound/Knife/Knife_Lower_Cue.uasset" 172
"../../../../../../Users/m.navascues/Desktop/2019-Fall-FPS/Astra/Content/Player/PrototypeWeap/Sound/Knife/Knife_Pickup.uasset" 173
"../../../../../../Users/m.navascues/Desktop/2019-Fall-FPS/Astra/Content/Player/PrototypeWeap/Sound/Knife/Knife_Pickup_Cue.uasset" 174
"../../../../../../Users/m.navascues/Desktop/2019-Fall-FPS/Astra/Content/Player/PrototypeWeap/Sound/Knife/Knife_Raise.uasset" 175
"../../../../../../Users/m.navascues/Desktop/2019-Fall-FPS/Astra/Content/Player/PrototypeWeap/Sound/Knife/Knife_Raise_Cue.uasset" 176
"../../../../../../Users/m.navascues/Desktop/2019-Fall-FPS/Astra/Content/Player/PrototypeWeap/Sound/Knife/Knife_Swish01.uasset" 177
"../../../../../../Users/m.navascues/Desktop/2019-Fall-FPS/Astra/Content/Player/PrototypeWeap/Sound/Knife/Knife_Swish02.uasset" 178
"../../../../../../Users/m.navascues/Desktop/2019-Fall-FPS/Astra/Content/Player/PrototypeWeap/Sound/Knife/Knife_Swish03.uasset" 179
"../../../../../../Users/m.navascues/Desktop/2019-Fall-FPS/Astra/Content/Player/PrototypeWeap/Sound/Knife/Knife_Swish04.uasset" 180
"../../../../../../Users/m.navascues/Desktop/2019-Fall-FPS/Astra/Content/Player/PrototypeWeap/Sound/Knife/Knife_Swish05.uasset" 181
"../../../../../../Users/m.navascues/Desktop/2019-Fall-FPS/Astra/Content/Player/PrototypeWeap/Sound/Knife/Knife_Swish06.uasset" 182
"../../../../../../Users/m.navascues/Desktop/2019-Fall-FPS/Astra/Content/Player/PrototypeWeap/Sound/Knife/Knife_Swish_Cue.uasset" 183
"../../../../../../Users/m.navascues/Desktop/2019-Fall-FPS/Astra/Content/Player/PrototypeWeap/Sound/Pistol/PistolA_Fire02.uasset" 184
"../../../../../../Users/m.navascues/Desktop/2019-Fall-FPS/Astra/Content/Player/PrototypeWeap/Sound/Pistol/PistolA_Fire03.uasset" 185
"../../../../../../Users/m.navascues/Desktop/2019-Fall-FPS/Astra/Content/Player/PrototypeWeap/Sound/Pistol/PistolA_Fire04.uasset" 186
"../../../../../../Users/m.navascues/Desktop/2019-Fall-FPS/Astra/Content/Player/PrototypeWeap/Sound/Pistol/PistolA_Fire05.uasset" 187
"../../../../../../Users/m.navascues/Desktop/2019-Fall-FPS/Astra/Content/Player/PrototypeWeap/Sound/Pistol/PistolA_Fire_ST01.uasset" 188
"../../../../../../Users/m.navascues/Desktop/2019-Fall-FPS/Astra/Content/Player/PrototypeWeap/Sound/Pistol/PistolA_Fire_ST02.uasset" 189
"../../../../../../Users/m.navascues/Desktop/2019-Fall-FPS/Astra/Content/Player/PrototypeWeap/Sound/Pistol/PistolA_Fire_ST03.uasset" 190
"../../../../../../Users/m.navascues/Desktop/2019-Fall-FPS/Astra/Content/Player/PrototypeWeap/Sound/Pistol/PistolA_Fire_ST04.uasset" 191
"../../../../../../Users/m.navascues/Desktop/2019-Fall-FPS/Astra/Content/Player/PrototypeWeap/Sound/Pistol/PistolA_Fire_ST05.uasset" 192
"../../../../../../Users/m.navascues/Desktop/2019-Fall-FPS/Astra/Content/Player/PrototypeWeap/Sound/Pistol/PistolB_Fire01.uasset" 193
"../../../../../../Users/m.navascues/Desktop/2019-Fall-FPS/Astra/Content/Player/PrototypeWeap/Sound/Pistol/PistolB_Fire02.uasset" 194
"../../../../../../Users/m.navascues/Desktop/2019-Fall-FPS/Astra/Content/Player/PrototypeWeap/Sound/Pistol/PistolB_Fire03.uasset" 195
"../../../../../../Users/m.navascues/Desktop/2019-Fall-FPS/Astra/Content/Player/PrototypeWeap/Sound/Pistol/PistolB_Fire04.uasset" 196
"../../../../../../Users/m.navascues/Desktop/2019-Fall-FPS/Astra/Content/Player/PrototypeWeap/Sound/Pistol/PistolB_Fire05.uasset" 197
"../../../../../../Users/m.navascues/Desktop/2019-Fall-FPS/Astra/Content/Player/PrototypeWeap/Sound/Pistol/PistolB_Fire06.uasset" 198
"../../../../../../Users/m.navascues/Desktop/2019-Fall-FPS/Astra/Content/Player/PrototypeWeap/Sound/Pistol/PistolB_Fire07.uasset" 199
"../../../../../../Users/m.navascues/Desktop/2019-Fall-FPS/Astra/Content/Player/PrototypeWeap/Sound/Pistol/PistolB_Fire_Cue.uasset" 200
"../../../../../../Users/m.navascues/Desktop/2019-Fall-FPS/Astra/Content/Player/PrototypeWeap/Sound/Pistol/PistolB_Fire_ST01.uasset" 201
"../../../../../../Users/m.navascues/Desktop/2019-Fall-FPS/Astra/Content/Player/PrototypeWeap/Sound/Pistol/PistolB_Fire_ST02.uasset" 202
"../../../../../../Users/m.navascues/Desktop/2019-Fall-FPS/Astra/Content/Player/PrototypeWeap/Sound/Pistol/PistolB_Fire_ST03.uasset" 203
"../../../../../../Users/m.navascues/Desktop/2019-Fall-FPS/Astra/Content/Player/PrototypeWeap/Sound/Pistol/PistolB_Fire_ST04.uasset" 204
"../../../../../../Users/m.navascues/Desktop/2019-Fall-FPS/Astra/Content/Player/PrototypeWeap/Sound/Pistol/PistolB_Fire_ST05.uasset" 205
"../../../../../../Users/m.navascues/Desktop/2019-Fall-FPS/Astra/Content/Player/PrototypeWeap/Sound/Pistol/PistolB_Fire_ST06.uasset" 206
"../../../../../../Users/m.navascues/Desktop/2019-Fall-FPS/Astra/Content/Player/PrototypeWeap/Sound/Pistol/PistolB_Fire_ST07.uasset" 207
"../../../../../../Users/m.navascues/Desktop/2019-Fall-FPS/Astra/Content/Player/PrototypeWeap/Sound/Pistol/Pistol_AmmoPickup.uasset" 208
"../../../../../../Users/m.navascues/Desktop/2019-Fall-FPS/Astra/Content/Player/PrototypeWeap/Sound/Pistol/Pistol_AmmoPickup_Cue.uasset" 209
"../../../../../../Users/m.navascues/Desktop/2019-Fall-FPS/Astra/Content/Player/PrototypeWeap/Sound/Pistol/Pistol_BulletImpact01.uasset" 210
"../../../../../../Users/m.navascues/Desktop/2019-Fall-FPS/Astra/Content/Player/PrototypeWeap/Sound/Pistol/Pistol_BulletImpact02.uasset" 211
"../../../../../../Users/m.navascues/Desktop/2019-Fall-FPS/Astra/Content/Player/PrototypeWeap/Sound/Pistol/Pistol_BulletImpact03.uasset" 212
"../../../../../../Users/m.navascues/Desktop/2019-Fall-FPS/Astra/Content/Player/PrototypeWeap/Sound/Pistol/Pistol_BulletImpact04.uasset" 213
"../../../../../../Users/m.navascues/Desktop/2019-Fall-FPS/Astra/Content/Player/PrototypeWeap/Sound/Pistol/Pistol_BulletImpact05.uasset" 214
"../../../../../../Users/m.navascues/Desktop/2019-Fall-FPS/Astra/Content/Player/PrototypeWeap/Sound/Pistol/Pistol_BulletImpact06.uasset" 215
"../../../../../../Users/m.navascues/Desktop/2019-Fall-FPS/Astra/Content/Player/PrototypeWeap/Sound/Pistol/Pistol_BulletImpact07.uasset" 216
"../../../../../../Users/m.navascues/Desktop/2019-Fall-FPS/Astra/Content/Player/PrototypeWeap/Sound/Pistol/Pistol_BulletImpact_Cue.uasset" 217
"../../../../../../Users/m.navascues/Desktop/2019-Fall-FPS/Astra/Content/Player/PrototypeWeap/Sound/Pistol/Pistol_BulletWhip01.uasset" 218
"../../../../../../Users/m.navascues/Desktop/2019-Fall-FPS/Astra/Content/Player/PrototypeWeap/Sound/Pistol/Pistol_BulletWhip02.uasset" 219
"../../../../../../Users/m.navascues/Desktop/2019-Fall-FPS/Astra/Content/Player/PrototypeWeap/Sound/Pistol/Pistol_BulletWhip03.uasset" 220
"../../../../../../Users/m.navascues/Desktop/2019-Fall-FPS/Astra/Content/Player/PrototypeWeap/Sound/Pistol/Pistol_BulletWhip04.uasset" 221
"../../../../../../Users/m.navascues/Desktop/2019-Fall-FPS/Astra/Content/Player/PrototypeWeap/Sound/Pistol/Pistol_BulletWhip05.uasset" 222
"../../../../../../Users/m.navascues/Desktop/2019-Fall-FPS/Astra/Content/Player/PrototypeWeap/Sound/Pistol/Pistol_BulletWhip06.uasset" 223
"../../../../../../Users/m.navascues/Desktop/2019-Fall-FPS/Astra/Content/Player/PrototypeWeap/Sound/Pistol/Pistol_BulletWhip07.uasset" 224
"../../../../../../Users/m.navascues/Desktop/2019-Fall-FPS/Astra/Content/Player/PrototypeWeap/Sound/Pistol/Pistol_BulletWhip_Cue.uasset" 225
"../../../../../../Users/m.navascues/Desktop/2019-Fall-FPS/Astra/Content/Player/PrototypeWeap/Sound/Pistol/Pistol_Lower01.uasset" 226
"../../../../../../Users/m.navascues/Desktop/2019-Fall-FPS/Astra/Content/Player/PrototypeWeap/Sound/Pistol/Pistol_Lower_Cue.uasset" 227
"../../../../../../Users/m.navascues/Desktop/2019-Fall-FPS/Astra/Content/Player/PrototypeWeap/Sound/Pistol/Pistol_Raise01.uasset" 228
"../../../../../../Users/m.navascues/Desktop/2019-Fall-FPS/Astra/Content/Player/PrototypeWeap/Sound/Pistol/Pistol_Raise_Cue.uasset" 229
"../../../../../../Users/m.navascues/Desktop/2019-Fall-FPS/Astra/Content/Player/PrototypeWeap/Sound/Pistol/Pistol_Reload01.uasset" 230
"../../../../../../Users/m.navascues/Desktop/2019-Fall-FPS/Astra/Content/Player/PrototypeWeap/Sound/Pistol/Pistol_Reload02.uasset" 231
"../../../../../../Users/m.navascues/Desktop/2019-Fall-FPS/Astra/Content/Player/PrototypeWeap/Sound/Pistol/Pistol_Reload03.uasset" 232
"../../../../../../Users/m.navascues/Desktop/2019-Fall-FPS/Astra/Content/Player/PrototypeWeap/Sound/Pistol/Pistol_ReloadMagEject02.uasset" 233
"../../../../../../Users/m.navascues/Desktop/2019-Fall-FPS/Astra/Content/Player/PrototypeWeap/Sound/Pistol/Pistol_ReloadMagInsert.uasset" 234
"../../../../../../Users/m.navascues/Desktop/2019-Fall-FPS/Astra/Content/Player/PrototypeWeap/Sound/Pistol/Pistol_ReloadMagInsert_Cue.uasset" 235
"../../../../../../Users/m.navascues/Desktop/2019-Fall-FPS/Astra/Content/Player/PrototypeWeap/Sound/Rifle/RifleA_Fire01.uasset" 236
"../../../../../../Users/m.navascues/Desktop/2019-Fall-FPS/Astra/Content/Player/PrototypeWeap/Sound/Rifle/RifleA_Fire02.uasset" 237
"../../../../../../Users/m.navascues/Desktop/2019-Fall-FPS/Astra/Content/Player/PrototypeWeap/Sound/Rifle/RifleA_Fire03.uasset" 238
"../../../../../../Users/m.navascues/Desktop/2019-Fall-FPS/Astra/Content/Player/PrototypeWeap/Sound/Rifle/RifleA_Fire04.uasset" 239
"../../../../../../Users/m.navascues/Desktop/2019-Fall-FPS/Astra/Content/Player/PrototypeWeap/Sound/Rifle/RifleA_Fire05.uasset" 240
"../../../../../../Users/m.navascues/Desktop/2019-Fall-FPS/Astra/Content/Player/PrototypeWeap/Sound/Rifle/RifleA_FireLoopEnd.uasset" 241
"../../../../../../Users/m.navascues/Desktop/2019-Fall-FPS/Astra/Content/Player/PrototypeWeap/Sound/Rifle/RifleA_FireLoopEnd_ST.uasset" 242
"../../../../../../Users/m.navascues/Desktop/2019-Fall-FPS/Astra/Content/Player/PrototypeWeap/Sound/Rifle/RifleA_FireEnd_Cue.uasset" 243
"../../../../../../Users/m.navascues/Desktop/2019-Fall-FPS/Astra/Content/Player/PrototypeWeap/Sound/Rifle/RifleA_FireLoop.uasset" 244
"../../../../../../Users/m.navascues/Desktop/2019-Fall-FPS/Astra/Content/Player/PrototypeWeap/Sound/Rifle/RifleA_FireLoop_ST.uasset" 245
"../../../../../../Users/m.navascues/Desktop/2019-Fall-FPS/Astra/Content/Player/PrototypeWeap/Sound/Rifle/RifleA_FireLoop_Cue.uasset" 246
"../../../../../../Users/m.navascues/Desktop/2019-Fall-FPS/Astra/Content/Player/PrototypeWeap/Sound/Rifle/RifleA_Fire_ST01.uasset" 247
"../../../../../../Users/m.navascues/Desktop/2019-Fall-FPS/Astra/Content/Player/PrototypeWeap/Sound/Rifle/RifleA_Fire_ST02.uasset" 248
"../../../../../../Users/m.navascues/Desktop/2019-Fall-FPS/Astra/Content/Player/PrototypeWeap/Sound/Rifle/RifleA_Fire_ST03.uasset" 249
"../../../../../../Users/m.navascues/Desktop/2019-Fall-FPS/Astra/Content/Player/PrototypeWeap/Sound/Rifle/RifleA_Fire_ST04.uasset" 250
"../../../../../../Users/m.navascues/Desktop/2019-Fall-FPS/Astra/Content/Player/PrototypeWeap/Sound/Rifle/RifleA_Fire_ST05.uasset" 251
"../../../../../../Users/m.navascues/Desktop/2019-Fall-FPS/Astra/Content/Player/PrototypeWeap/Sound/Rifle/RifleB_Fire01.uasset" 252
"../../../../../../Users/m.navascues/Desktop/2019-Fall-FPS/Astra/Content/Player/PrototypeWeap/Sound/Rifle/RifleB_Fire02.uasset" 253
"../../../../../../Users/m.navascues/Desktop/2019-Fall-FPS/Astra/Content/Player/PrototypeWeap/Sound/Rifle/RifleB_Fire03.uasset" 254
"../../../../../../Users/m.navascues/Desktop/2019-Fall-FPS/Astra/Content/Player/PrototypeWeap/Sound/Rifle/RifleB_Fire04.uasset" 255
"../../../../../../Users/m.navascues/Desktop/2019-Fall-FPS/Astra/Content/Player/PrototypeWeap/Sound/Rifle/RifleB_Fire05.uasset" 256
"../../../../../../Users/m.navascues/Desktop/2019-Fall-FPS/Astra/Content/Player/PrototypeWeap/Sound/Rifle/RifleB_FireLoopEnd.uasset" 257
"../../../../../../Users/m.navascues/Desktop/2019-Fall-FPS/Astra/Content/Player/PrototypeWeap/Sound/Rifle/RifleB_FireLoopEnd_ST.uasset" 258
"../../../../../../Users/m.navascues/Desktop/2019-Fall-FPS/Astra/Content/Player/PrototypeWeap/Sound/Rifle/RifleB_FireEnd_Cue.uasset" 259
"../../../../../../Users/m.navascues/Desktop/2019-Fall-FPS/Astra/Content/Player/PrototypeWeap/Sound/Rifle/RifleB_FireLoop.uasset" 260
"../../../../../../Users/m.navascues/Desktop/2019-Fall-FPS/Astra/Content/Player/PrototypeWeap/Sound/Rifle/RifleB_FireLoop_ST.uasset" 261
"../../../../../../Users/m.navascues/Desktop/2019-Fall-FPS/Astra/Content/Player/PrototypeWeap/Sound/Rifle/RifleB_FireLoop_Cue.uasset" 262
"../../../../../../Users/m.navascues/Desktop/2019-Fall-FPS/Astra/Content/Player/PrototypeWeap/Sound/Rifle/RifleB_Fire_Cue.uasset" 263
"../../../../../../Users/m.navascues/Desktop/2019-Fall-FPS/Astra/Content/Player/PrototypeWeap/Sound/Rifle/RifleB_Fire_ST01.uasset" 264
"../../../../../../Users/m.navascues/Desktop/2019-Fall-FPS/Astra/Content/Player/PrototypeWeap/Sound/Rifle/RifleB_Fire_ST02.uasset" 265
"../../../../../../Users/m.navascues/Desktop/2019-Fall-FPS/Astra/Content/Player/PrototypeWeap/Sound/Rifle/RifleB_Fire_ST03.uasset" 266
"../../../../../../Users/m.navascues/Desktop/2019-Fall-FPS/Astra/Content/Player/PrototypeWeap/Sound/Rifle/RifleB_Fire_ST04.uasset" 267
"../../../../../../Users/m.navascues/Desktop/2019-Fall-FPS/Astra/Content/Player/PrototypeWeap/Sound/Rifle/RifleB_Fire_ST05.uasset" 268
"../../../../../../Users/m.navascues/Desktop/2019-Fall-FPS/Astra/Content/Player/PrototypeWeap/Sound/Rifle/Rifle_AmmoPickup.uasset" 269
"../../../../../../Users/m.navascues/Desktop/2019-Fall-FPS/Astra/Content/Player/PrototypeWeap/Sound/Rifle/Rifle_AmmoPickup_Cue.uasset" 270
"../../../../../../Users/m.navascues/Desktop/2019-Fall-FPS/Astra/Content/Player/PrototypeWeap/Sound/Rifle/Rifle_BulletImpact01.uasset" 271
"../../../../../../Users/m.navascues/Desktop/2019-Fall-FPS/Astra/Content/Player/PrototypeWeap/Sound/Rifle/Rifle_BulletImpact02.uasset" 272
"../../../../../../Users/m.navascues/Desktop/2019-Fall-FPS/Astra/Content/Player/PrototypeWeap/Sound/Rifle/Rifle_BulletImpact03.uasset" 273
"../../../../../../Users/m.navascues/Desktop/2019-Fall-FPS/Astra/Content/Player/PrototypeWeap/Sound/Rifle/Rifle_BulletImpact04.uasset" 274
"../../../../../../Users/m.navascues/Desktop/2019-Fall-FPS/Astra/Content/Player/PrototypeWeap/Sound/Rifle/Rifle_BulletImpact05.uasset" 275
"../../../../../../Users/m.navascues/Desktop/2019-Fall-FPS/Astra/Content/Player/PrototypeWeap/Sound/Rifle/Rifle_BulletImpact06.uasset" 276
"../../../../../../Users/m.navascues/Desktop/2019-Fall-FPS/Astra/Content/Player/PrototypeWeap/Sound/Rifle/Rifle_BulletImpact_Cue.uasset" 277
"../../../../../../Users/m.navascues/Desktop/2019-Fall-FPS/Astra/Content/Player/PrototypeWeap/Sound/Rifle/Rifle_BulletWhip01.uasset" 278
"../../../../../../Users/m.navascues/Desktop/2019-Fall-FPS/Astra/Content/Player/PrototypeWeap/Sound/Rifle/Rifle_BulletWhip02.uasset" 279
"../../../../../../Users/m.navascues/Desktop/2019-Fall-FPS/Astra/Content/Player/PrototypeWeap/Sound/Rifle/Rifle_BulletWhip03.uasset" 280
"../../../../../../Users/m.navascues/Desktop/2019-Fall-FPS/Astra/Content/Player/PrototypeWeap/Sound/Rifle/Rifle_BulletWhip04.uasset" 281
"../../../../../../Users/m.navascues/Desktop/2019-Fall-FPS/Astra/Content/Player/PrototypeWeap/Sound/Rifle/Rifle_BulletWhip05.uasset" 282
"../../../../../../Users/m.navascues/Desktop/2019-Fall-FPS/Astra/Content/Player/PrototypeWeap/Sound/Rifle/Rifle_BulletWhip06.uasset" 283
"../../../../../../Users/m.navascues/Desktop/2019-Fall-FPS/Astra/Content/Player/PrototypeWeap/Sound/Rifle/Rifle_BulletWhip07.uasset" 284
"../../../../../../Users/m.navascues/Desktop/2019-Fall-FPS/Astra/Content/Player/PrototypeWeap/Sound/Rifle/Rifle_Lower01.uasset" 285
"../../../../../../Users/m.navascues/Desktop/2019-Fall-FPS/Astra/Content/Player/PrototypeWeap/Sound/Rifle/Rifle_Lower02.uasset" 286
"../../../../../../Users/m.navascues/Desktop/2019-Fall-FPS/Astra/Content/Player/PrototypeWeap/Sound/Rifle/Rifle_Lower_Cue.uasset" 287
"../../../../../../Users/m.navascues/Desktop/2019-Fall-FPS/Astra/Content/Player/PrototypeWeap/Sound/Rifle/Rifle_Raise01.uasset" 288
"../../../../../../Users/m.navascues/Desktop/2019-Fall-FPS/Astra/Content/Player/PrototypeWeap/Sound/Rifle/Rifle_Raise02.uasset" 289
"../../../../../../Users/m.navascues/Desktop/2019-Fall-FPS/Astra/Content/Player/PrototypeWeap/Sound/Rifle/Rifle_Raise_Cue.uasset" 290
"../../../../../../Users/m.navascues/Desktop/2019-Fall-FPS/Astra/Content/Player/PrototypeWeap/Sound/Rifle/Rifle_Reload01.uasset" 291
"../../../../../../Users/m.navascues/Desktop/2019-Fall-FPS/Astra/Content/Player/PrototypeWeap/Sound/Rifle/Rifle_Reload02.uasset" 292
"../../../../../../Users/m.navascues/Desktop/2019-Fall-FPS/Astra/Content/Player/PrototypeWeap/Sound/Rifle/Rifle_Reload03.uasset" 293
"../../../../../../Users/m.navascues/Desktop/2019-Fall-FPS/Astra/Content/Player/PrototypeWeap/Sound/Rifle/Rifle_Reload04.uasset" 294
"../../../../../../Users/m.navascues/Desktop/2019-Fall-FPS/Astra/Content/Player/PrototypeWeap/Sound/Rifle/Rifle_Reload05.uasset" 295
"../../../../../../Users/m.navascues/Desktop/2019-Fall-FPS/Astra/Content/Player/PrototypeWeap/Sound/Rifle/Rifle_ReloadMagInsert.uasset" 296
"../../../../../../Users/m.navascues/Desktop/2019-Fall-FPS/Astra/Content/Player/PrototypeWeap/Sound/Rifle/Rifle_ReloadMagInsert_Cue.uasset" 297
"../../../../../../Users/m.navascues/Desktop/2019-Fall-FPS/Astra/Content/Player/PrototypeWeap/Sound/RocketLauncher/RL_AmmoPickup.uasset" 298
"../../../../../../Users/m.navascues/Desktop/2019-Fall-FPS/Astra/Content/Player/PrototypeWeap/Sound/RocketLauncher/RL_AmmoPickup_Cue.uasset" 299
"../../../../../../Users/m.navascues/Desktop/2019-Fall-FPS/Astra/Content/Player/PrototypeWeap/Sound/RocketLauncher/RL_Explosion01.uasset" 300
"../../../../../../Users/m.navascues/Desktop/2019-Fall-FPS/Astra/Content/Player/PrototypeWeap/Sound/RocketLauncher/RL_Explosion02.uasset" 301
"../../../../../../Users/m.navascues/Desktop/2019-Fall-FPS/Astra/Content/Player/PrototypeWeap/Sound/RocketLauncher/RL_Explosion03.uasset" 302
"../../../../../../Users/m.navascues/Desktop/2019-Fall-FPS/Astra/Content/Player/PrototypeWeap/Sound/RocketLauncher/RL_Explosion04.uasset" 303
"../../../../../../Users/m.navascues/Desktop/2019-Fall-FPS/Astra/Content/Player/PrototypeWeap/Sound/RocketLauncher/RL_Explosion05.uasset" 304
"../../../../../../Users/m.navascues/Desktop/2019-Fall-FPS/Astra/Content/Player/PrototypeWeap/Sound/Attenuation/Explosion_att.uasset" 305
"../../../../../../Users/m.navascues/Desktop/2019-Fall-FPS/Astra/Content/Player/PrototypeWeap/Sound/RocketLauncher/RL_Explosion_Cue.uasset" 306
"../../../../../../Users/m.navascues/Desktop/2019-Fall-FPS/Astra/Content/Player/PrototypeWeap/Sound/RocketLauncher/RL_FireA01.uasset" 307
"../../../../../../Users/m.navascues/Desktop/2019-Fall-FPS/Astra/Content/Player/PrototypeWeap/Sound/RocketLauncher/RL_FireA02.uasset" 308
"../../../../../../Users/m.navascues/Desktop/2019-Fall-FPS/Astra/Content/Player/PrototypeWeap/Sound/RocketLauncher/RL_FireA03.uasset" 309
"../../../../../../Users/m.navascues/Desktop/2019-Fall-FPS/Astra/Content/Player/PrototypeWeap/Sound/RocketLauncher/RL_FireA04.uasset" 310
"../../../../../../Users/m.navascues/Desktop/2019-Fall-FPS/Astra/Content/Player/PrototypeWeap/Sound/RocketLauncher/RL_FireA05.uasset" 311
"../../../../../../Users/m.navascues/Desktop/2019-Fall-FPS/Astra/Content/Player/PrototypeWeap/Sound/RocketLauncher/RL_FireA06.uasset" 312
"../../../../../../Users/m.navascues/Desktop/2019-Fall-FPS/Astra/Content/Player/PrototypeWeap/Sound/RocketLauncher/RL_FireA07.uasset" 313
"../../../../../../Users/m.navascues/Desktop/2019-Fall-FPS/Astra/Content/Player/PrototypeWeap/Sound/RocketLauncher/RL_FireA_ST01.uasset" 314
"../../../../../../Users/m.navascues/Desktop/2019-Fall-FPS/Astra/Content/Player/PrototypeWeap/Sound/RocketLauncher/RL_FireA_ST02.uasset" 315
"../../../../../../Users/m.navascues/Desktop/2019-Fall-FPS/Astra/Content/Player/PrototypeWeap/Sound/RocketLauncher/RL_FireA_ST03.uasset" 316
"../../../../../../Users/m.navascues/Desktop/2019-Fall-FPS/Astra/Content/Player/PrototypeWeap/Sound/RocketLauncher/RL_FireA_ST04.uasset" 317
"../../../../../../Users/m.navascues/Desktop/2019-Fall-FPS/Astra/Content/Player/PrototypeWeap/Sound/RocketLauncher/RL_FireA_ST05.uasset" 318
"../../../../../../Users/m.navascues/Desktop/2019-Fall-FPS/Astra/Content/Player/PrototypeWeap/Sound/RocketLauncher/RL_FireA_ST06.uasset" 319
"../../../../../../Users/m.navascues/Desktop/2019-Fall-FPS/Astra/Content/Player/PrototypeWeap/Sound/RocketLauncher/RL_FireA_ST07.uasset" 320
"../../../../../../Users/m.navascues/Desktop/2019-Fall-FPS/Astra/Content/Player/PrototypeWeap/Sound/RocketLauncher/RL_FireB01.uasset" 321
"../../../../../../Users/m.navascues/Desktop/2019-Fall-FPS/Astra/Content/Player/PrototypeWeap/Sound/RocketLauncher/RL_FireB02.uasset" 322
"../../../../../../Users/m.navascues/Desktop/2019-Fall-FPS/Astra/Content/Player/PrototypeWeap/Sound/RocketLauncher/RL_FireB03.uasset" 323
"../../../../../../Users/m.navascues/Desktop/2019-Fall-FPS/Astra/Content/Player/PrototypeWeap/Sound/RocketLauncher/RL_FireB04.uasset" 324
"../../../../../../Users/m.navascues/Desktop/2019-Fall-FPS/Astra/Content/Player/PrototypeWeap/Sound/RocketLauncher/RL_FireB05.uasset" 325
"../../../../../../Users/m.navascues/Desktop/2019-Fall-FPS/Astra/Content/Player/PrototypeWeap/Sound/RocketLauncher/RL_FireB_Cue.uasset" 326
"../../../../../../Users/m.navascues/Desktop/2019-Fall-FPS/Astra/Content/Player/PrototypeWeap/Sound/RocketLauncher/RL_FireB_ST01.uasset" 327
"../../../../../../Users/m.navascues/Desktop/2019-Fall-FPS/Astra/Content/Player/PrototypeWeap/Sound/RocketLauncher/RL_FireB_ST02.uasset" 328
"../../../../../../Users/m.navascues/Desktop/2019-Fall-FPS/Astra/Content/Player/PrototypeWeap/Sound/RocketLauncher/RL_FireB_ST03.uasset" 329
"../../../../../../Users/m.navascues/Desktop/2019-Fall-FPS/Astra/Content/Player/PrototypeWeap/Sound/RocketLauncher/RL_FireB_ST04.uasset" 330
"../../../../../../Users/m.navascues/Desktop/2019-Fall-FPS/Astra/Content/Player/PrototypeWeap/Sound/RocketLauncher/RL_FireB_ST05.uasset" 331
"../../../../../../Users/m.navascues/Desktop/2019-Fall-FPS/Astra/Content/Player/PrototypeWeap/Sound/Attenuation/RocketLoop_att.uasset" 332
"../../../../../../Users/m.navascues/Desktop/2019-Fall-FPS/Astra/Content/Player/PrototypeWeap/Sound/RocketLauncher/RL_InAirLoop.uasset" 333
"../../../../../../Users/m.navascues/Desktop/2019-Fall-FPS/Astra/Content/Player/PrototypeWeap/Sound/RocketLauncher/RL_InAirLoop_Cue.uasset" 334
"../../../../../../Users/m.navascues/Desktop/2019-Fall-FPS/Astra/Content/Player/PrototypeWeap/Sound/RocketLauncher/RL_Lower01.uasset" 335
"../../../../../../Users/m.navascues/Desktop/2019-Fall-FPS/Astra/Content/Player/PrototypeWeap/Sound/RocketLauncher/RL_Lower02.uasset" 336
"../../../../../../Users/m.navascues/Desktop/2019-Fall-FPS/Astra/Content/Player/PrototypeWeap/Sound/RocketLauncher/RL_Lower_Cue.uasset" 337
"../../../../../../Users/m.navascues/Desktop/2019-Fall-FPS/Astra/Content/Player/PrototypeWeap/Sound/RocketLauncher/RL_Raise01.uasset" 338
"../../../../../../Users/m.navascues/Desktop/2019-Fall-FPS/Astra/Content/Player/PrototypeWeap/Sound/RocketLauncher/RL_Raise02.uasset" 339
"../../../../../../Users/m.navascues/Desktop/2019-Fall-FPS/Astra/Content/Player/PrototypeWeap/Sound/RocketLauncher/RL_Raise_Cue.uasset" 340
"../../../../../../Users/m.navascues/Desktop/2019-Fall-FPS/Astra/Content/Player/PrototypeWeap/Sound/RocketLauncher/RL_Reload01.uasset" 341
"../../../../../../Users/m.navascues/Desktop/2019-Fall-FPS/Astra/Content/Player/PrototypeWeap/Sound/RocketLauncher/RL_Reload02.uasset" 342
"../../../../../../Users/m.navascues/Desktop/2019-Fall-FPS/Astra/Content/Player/PrototypeWeap/Sound/RocketLauncher/RL_Reload03.uasset" 343
"../../../../../../Users/m.navascues/Desktop/2019-Fall-FPS/Astra/Content/Player/PrototypeWeap/Sound/RocketLauncher/RL_ReloadEject01.uasset" 344
"../../../../../../Users/m.navascues/Desktop/2019-Fall-FPS/Astra/Content/Player/PrototypeWeap/Sound/RocketLauncher/RL_ReloadEject02.uasset" 345
"../../../../../../Users/m.navascues/Desktop/2019-Fall-FPS/Astra/Content/Player/PrototypeWeap/Sound/RocketLauncher/RL_ReloadEject_Cue.uasset" 346
"../../../../../../Users/m.navascues/Desktop/2019-Fall-FPS/Astra/Content/Player/PrototypeWeap/Sound/RocketLauncher/RL_ReloadInsert01.uasset" 347
"../../../../../../Users/m.navascues/Desktop/2019-Fall-FPS/Astra/Content/Player/PrototypeWeap/Sound/RocketLauncher/RL_ReloadInsert02.uasset" 348
"../../../../../../Users/m.navascues/Desktop/2019-Fall-FPS/Astra/Content/Player/PrototypeWeap/Sound/RocketLauncher/RL_ReloadInsert03.uasset" 349
"../../../../../../Users/m.navascues/Desktop/2019-Fall-FPS/Astra/Content/Player/PrototypeWeap/Sound/Shotgun/Shotgun_AmmoPickup.uasset" 350
"../../../../../../Users/m.navascues/Desktop/2019-Fall-FPS/Astra/Content/Player/PrototypeWeap/Sound/Shotgun/Shotgun_AmmoPickup_Cue.uasset" 351
"../../../../../../Users/m.navascues/Desktop/2019-Fall-FPS/Astra/Content/Player/PrototypeWeap/Sound/Shotgun/Shotgun_BulletImpact01.uasset" 352
"../../../../../../Users/m.navascues/Desktop/2019-Fall-FPS/Astra/Content/Player/PrototypeWeap/Sound/Shotgun/Shotgun_BulletImpact02.uasset" 353
"../../../../../../Users/m.navascues/Desktop/2019-Fall-FPS/Astra/Content/Player/PrototypeWeap/Sound/Shotgun/Shotgun_BulletImpact03.uasset" 354
"../../../../../../Users/m.navascues/Desktop/2019-Fall-FPS/Astra/Content/Player/PrototypeWeap/Sound/Shotgun/Shotgun_BulletImpact04.uasset" 355
"../../../../../../Users/m.navascues/Desktop/2019-Fall-FPS/Astra/Content/Player/PrototypeWeap/Sound/Shotgun/Shotgun_BulletImpact05.uasset" 356
"../../../../../../Users/m.navascues/Desktop/2019-Fall-FPS/Astra/Content/Player/PrototypeWeap/Sound/Shotgun/Shotgun_BulletImpactA_Cue.uasset" 357
"../../../../../../Users/m.navascues/Desktop/2019-Fall-FPS/Astra/Content/Player/PrototypeWeap/Sound/Shotgun/Shotgun_BulletImpactB05.uasset" 358
"../../../../../../Users/m.navascues/Desktop/2019-Fall-FPS/Astra/Content/Player/PrototypeWeap/Sound/Shotgun/Shotgun_BulletImpactB06.uasset" 359
"../../../../../../Users/m.navascues/Desktop/2019-Fall-FPS/Astra/Content/Player/PrototypeWeap/Sound/Shotgun/Shotgun_BulletImpactB08.uasset" 360
"../../../../../../Users/m.navascues/Desktop/2019-Fall-FPS/Astra/Content/Player/PrototypeWeap/Sound/Shotgun/Shotgun_BulletImpactB12.uasset" 361
"../../../../../../Users/m.navascues/Desktop/2019-Fall-FPS/Astra/Content/Player/PrototypeWeap/Sound/Shotgun/Shotgun_BulletImpactB16.uasset" 362
"../../../../../../Users/m.navascues/Desktop/2019-Fall-FPS/Astra/Content/Player/PrototypeWeap/Sound/Shotgun/Shotgun_BulletImpactB_Cue.uasset" 363
"../../../../../../Users/m.navascues/Desktop/2019-Fall-FPS/Astra/Content/Player/PrototypeWeap/Sound/Shotgun/Shotgun_Fire01.uasset" 364
"../../../../../../Users/m.navascues/Desktop/2019-Fall-FPS/Astra/Content/Player/PrototypeWeap/Sound/Shotgun/Shotgun_Fire02.uasset" 365
"../../../../../../Users/m.navascues/Desktop/2019-Fall-FPS/Astra/Content/Player/PrototypeWeap/Sound/Shotgun/Shotgun_Fire03.uasset" 366
"../../../../../../Users/m.navascues/Desktop/2019-Fall-FPS/Astra/Content/Player/PrototypeWeap/Sound/Shotgun/Shotgun_Fire04.uasset" 367
"../../../../../../Users/m.navascues/Desktop/2019-Fall-FPS/Astra/Content/Player/PrototypeWeap/Sound/Shotgun/Shotgun_Fire05.uasset" 368
"../../../../../../Users/m.navascues/Desktop/2019-Fall-FPS/Astra/Content/Player/PrototypeWeap/Sound/Shotgun/Shotgun_Fire_ST01.uasset" 369
"../../../../../../Users/m.navascues/Desktop/2019-Fall-FPS/Astra/Content/Player/PrototypeWeap/Sound/Shotgun/Shotgun_Fire_ST02.uasset" 370
"../../../../../../Users/m.navascues/Desktop/2019-Fall-FPS/Astra/Content/Player/PrototypeWeap/Sound/Shotgun/Shotgun_Fire_ST03.uasset" 371
"../../../../../../Users/m.navascues/Desktop/2019-Fall-FPS/Astra/Content/Player/PrototypeWeap/Sound/Shotgun/Shotgun_Fire_ST04.uasset" 372
"../../../../../../Users/m.navascues/Desktop/2019-Fall-FPS/Astra/Content/Player/PrototypeWeap/Sound/Shotgun/Shotgun_Fire_ST05.uasset" 373
"../../../../../../Users/m.navascues/Desktop/2019-Fall-FPS/Astra/Content/Player/PrototypeWeap/Sound/Shotgun/Shotgun_Lower.uasset" 374
"../../../../../../Users/m.navascues/Desktop/2019-Fall-FPS/Astra/Content/Player/PrototypeWeap/Sound/Shotgun/Shotgun_Lower_Cue.uasset" 375
"../../../../../../Users/m.navascues/Desktop/2019-Fall-FPS/Astra/Content/Player/PrototypeWeap/Sound/Shotgun/Shotgun_Raise.uasset" 376
"../../../../../../Users/m.navascues/Desktop/2019-Fall-FPS/Astra/Content/Player/PrototypeWeap/Sound/Shotgun/Shotgun_Raise_Cue.uasset" 377
"../../../../../../Users/m.navascues/Desktop/2019-Fall-FPS/Astra/Content/Player/PrototypeWeap/Sound/Shotgun/Shotgun_Reload01.uasset" 378
"../../../../../../Users/m.navascues/Desktop/2019-Fall-FPS/Astra/Content/Player/PrototypeWeap/Sound/Shotgun/Shotgun_Reload02.uasset" 379
"../../../../../../Users/m.navascues/Desktop/2019-Fall-FPS/Astra/Content/Player/PrototypeWeap/Sound/Shotgun/Shotgun_Reload03.uasset" 380
"../../../../../../Users/m.navascues/Desktop/2019-Fall-FPS/Astra/Content/Player/PrototypeWeap/Sound/Shotgun/Shotgun_ReloadIn01.uasset" 381
"../../../../../../Users/m.navascues/Desktop/2019-Fall-FPS/Astra/Content/Player/PrototypeWeap/Sound/Shotgun/Shotgun_ReloadIn02.uasset" 382
"../../../../../../Users/m.navascues/Desktop/2019-Fall-FPS/Astra/Content/Player/PrototypeWeap/Sound/Shotgun/Shotgun_ReloadIn03.uasset" 383
"../../../../../../Users/m.navascues/Desktop/2019-Fall-FPS/Astra/Content/Player/PrototypeWeap/Sound/Shotgun/Shotgun_ReloadOut01.uasset" 384
"../../../../../../Users/m.navascues/Desktop/2019-Fall-FPS/Astra/Content/Player/PrototypeWeap/Sound/Shotgun/Shotgun_ReloadOut02.uasset" 385
"../../../../../../Users/m.navascues/Desktop/2019-Fall-FPS/Astra/Content/Player/PrototypeWeap/Sound/Shotgun/Shotgun_ReloadOut03.uasset" 386
"../../../../../../Users/m.navascues/Desktop/2019-Fall-FPS/Astra/Content/Player/PrototypeWeap/Sound/Shotgun/Shotgun_ReloadShell01.uasset" 387
"../../../../../../Users/m.navascues/Desktop/2019-Fall-FPS/Astra/Content/Player/PrototypeWeap/Sound/Shotgun/Shotgun_ReloadShell02.uasset" 388
"../../../../../../Users/m.navascues/Desktop/2019-Fall-FPS/Astra/Content/Player/PrototypeWeap/Sound/Shotgun/Shotgun_ReloadShell03.uasset" 389
"../../../../../../Users/m.navascues/Desktop/2019-Fall-FPS/Astra/Content/Player/PrototypeWeap/Sound/Shotgun/Shotgun_ReloadShell04.uasset" 390
"../../../../../../Users/m.navascues/Desktop/2019-Fall-FPS/Astra/Content/Player/PrototypeWeap/Sound/Shotgun/Shotgun_ReloadShell05.uasset" 391
"../../../../../../Users/m.navascues/Desktop/2019-Fall-FPS/Astra/Content/Player/PrototypeWeap/Sound/Shotgun/Shotgun_ReloadShell_Cue.uasset" 392
"../../../../../../Users/m.navascues/Desktop/2019-Fall-FPS/Astra/Content/Player/PrototypeWeap/Sound/SniperRifle/SR_AmmoPickup01.uasset" 393
"../../../../../../Users/m.navascues/Desktop/2019-Fall-FPS/Astra/Content/Player/PrototypeWeap/Sound/SniperRifle/SR_AmmoPickup01_Cue.uasset" 394
"../../../../../../Users/m.navascues/Desktop/2019-Fall-FPS/Astra/Content/Player/PrototypeWeap/Sound/SniperRifle/SR_AmmoPickup02.uasset" 395
"../../../../../../Users/m.navascues/Desktop/2019-Fall-FPS/Astra/Content/Player/PrototypeWeap/Sound/SniperRifle/SR_AmmoPickup02_Cue.uasset" 396
"../../../../../../Users/m.navascues/Desktop/2019-Fall-FPS/Astra/Content/Player/PrototypeWeap/Sound/SniperRifle/SR_AmmoPickup03.uasset" 397
"../../../../../../Users/m.navascues/Desktop/2019-Fall-FPS/Astra/Content/Player/PrototypeWeap/Sound/SniperRifle/SR_AmmoPickup03_Cue.uasset" 398
"../../../../../../Users/m.navascues/Desktop/2019-Fall-FPS/Astra/Content/Player/PrototypeWeap/Sound/SniperRifle/SR_BulletImpact01.uasset" 399
"../../../../../../Users/m.navascues/Desktop/2019-Fall-FPS/Astra/Content/Player/PrototypeWeap/Sound/SniperRifle/SR_BulletImpact02.uasset" 400
"../../../../../../Users/m.navascues/Desktop/2019-Fall-FPS/Astra/Content/Player/PrototypeWeap/Sound/SniperRifle/SR_BulletImpact03.uasset" 401
"../../../../../../Users/m.navascues/Desktop/2019-Fall-FPS/Astra/Content/Player/PrototypeWeap/Sound/SniperRifle/SR_BulletImpact04.uasset" 402
"../../../../../../Users/m.navascues/Desktop/2019-Fall-FPS/Astra/Content/Player/PrototypeWeap/Sound/SniperRifle/SR_BulletImpact05.uasset" 403
"../../../../../../Users/m.navascues/Desktop/2019-Fall-FPS/Astra/Content/Player/PrototypeWeap/Sound/SniperRifle/SR_BulletImpact_Cue.uasset" 404
"../../../../../../Users/m.navascues/Desktop/2019-Fall-FPS/Astra/Content/Player/PrototypeWeap/Sound/SniperRifle/SR_BulletWhip01.uasset" 405
"../../../../../../Users/m.navascues/Desktop/2019-Fall-FPS/Astra/Content/Player/PrototypeWeap/Sound/SniperRifle/SR_BulletWhip02.uasset" 406
"../../../../../../Users/m.navascues/Desktop/2019-Fall-FPS/Astra/Content/Player/PrototypeWeap/Sound/SniperRifle/SR_BulletWhip03.uasset" 407
"../../../../../../Users/m.navascues/Desktop/2019-Fall-FPS/Astra/Content/Player/PrototypeWeap/Sound/SniperRifle/SR_BulletWhip04.uasset" 408
"../../../../../../Users/m.navascues/Desktop/2019-Fall-FPS/Astra/Content/Player/PrototypeWeap/Sound/SniperRifle/SR_BulletWhip05.uasset" 409
"../../../../../../Users/m.navascues/Desktop/2019-Fall-FPS/Astra/Content/Player/PrototypeWeap/Sound/SniperRifle/SR_BulletWhip06.uasset" 410
"../../../../../../Users/m.navascues/Desktop/2019-Fall-FPS/Astra/Content/Player/PrototypeWeap/Sound/SniperRifle/SR_BulletWhip_Cue.uasset" 411
"../../../../../../Users/m.navascues/Desktop/2019-Fall-FPS/Astra/Content/Player/PrototypeWeap/Sound/SniperRifle/SR_Fire01.uasset" 412
"../../../../../../Users/m.navascues/Desktop/2019-Fall-FPS/Astra/Content/Player/PrototypeWeap/Sound/SniperRifle/SR_Fire02.uasset" 413
"../../../../../../Users/m.navascues/Desktop/2019-Fall-FPS/Astra/Content/Player/PrototypeWeap/Sound/SniperRifle/SR_Fire03.uasset" 414
"../../../../../../Users/m.navascues/Desktop/2019-Fall-FPS/Astra/Content/Player/PrototypeWeap/Sound/SniperRifle/SR_Fire04.uasset" 415
"../../../../../../Users/m.navascues/Desktop/2019-Fall-FPS/Astra/Content/Player/PrototypeWeap/Sound/SniperRifle/SR_Fire05.uasset" 416
"../../../../../../Users/m.navascues/Desktop/2019-Fall-FPS/Astra/Content/Player/PrototypeWeap/Sound/SniperRifle/SR_Fire06.uasset" 417
"../../../../../../Users/m.navascues/Desktop/2019-Fall-FPS/Astra/Content/Player/PrototypeWeap/Sound/SniperRifle/SR_Fire_ST01.uasset" 418
"../../../../../../Users/m.navascues/Desktop/2019-Fall-FPS/Astra/Content/Player/PrototypeWeap/Sound/SniperRifle/SR_Fire_ST02.uasset" 419
"../../../../../../Users/m.navascues/Desktop/2019-Fall-FPS/Astra/Content/Player/PrototypeWeap/Sound/SniperRifle/SR_Fire_ST03.uasset" 420
"../../../../../../Users/m.navascues/Desktop/2019-Fall-FPS/Astra/Content/Player/PrototypeWeap/Sound/SniperRifle/SR_Fire_ST04.uasset" 421
"../../../../../../Users/m.navascues/Desktop/2019-Fall-FPS/Astra/Content/Player/PrototypeWeap/Sound/SniperRifle/SR_Fire_ST05.uasset" 422
"../../../../../../Users/m.navascues/Desktop/2019-Fall-FPS/Astra/Content/Player/PrototypeWeap/Sound/SniperRifle/SR_Fire_ST06.uasset" 423
"../../../../../../Users/m.navascues/Desktop/2019-Fall-FPS/Astra/Content/Player/PrototypeWeap/Sound/SniperRifle/SR_Lower.uasset" 424
"../../../../../../Users/m.navascues/Desktop/2019-Fall-FPS/Astra/Content/Player/PrototypeWeap/Sound/SniperRifle/SR_Lower_Cue.uasset" 425
"../../../../../../Users/m.navascues/Desktop/2019-Fall-FPS/Astra/Content/Player/PrototypeWeap/Sound/SniperRifle/SR_Raise.uasset" 426
"../../../../../../Users/m.navascues/Desktop/2019-Fall-FPS/Astra/Content/Player/PrototypeWeap/Sound/SniperRifle/SR_Raise_Cue.uasset" 427
"../../../../../../Users/m.navascues/Desktop/2019-Fall-FPS/Astra/Content/Player/PrototypeWeap/Sound/SniperRifle/SR_Reload01.uasset" 428
"../../../../../../Users/m.navascues/Desktop/2019-Fall-FPS/Astra/Content/Player/PrototypeWeap/Sound/SniperRifle/SR_Reload02.uasset" 429
"../../../../../../Users/m.navascues/Desktop/2019-Fall-FPS/Astra/Content/Player/PrototypeWeap/Sound/SniperRifle/SR_Reload03.uasset" 430
"../../../../../../Users/m.navascues/Desktop/2019-Fall-FPS/Astra/Content/Player/PrototypeWeap/Sound/SniperRifle/SR_ZoomIn.uasset" 431
"../../../../../../Users/m.navascues/Desktop/2019-Fall-FPS/Astra/Content/Player/PrototypeWeap/Sound/SniperRifle/SR_ZoomIn_Cue.uasset" 432
"../../../../../../Users/m.navascues/Desktop/2019-Fall-FPS/Astra/Content/Player/PrototypeWeap/Sound/SniperRifle/SR_ZoomOut.uasset" 433
"../../../../../../Users/m.navascues/Desktop/2019-Fall-FPS/Astra/Content/Player/PrototypeWeap/Sound/SniperRifle/SR_ZoomOut_Cue.uasset" 434
"../../../../../../Users/m.navascues/Desktop/2019-Fall-FPS/Astra/Content/Player/PrototypeWeap/Materials/M_PistolVer1_Inst.uasset" 435
"../../../../../../Users/m.navascues/Desktop/2019-Fall-FPS/Astra/Content/Player/PrototypeWeap/PistolStaticMesh.uasset" 436
"../../../../../../Users/m.navascues/Desktop/2019-Fall-FPS/Astra/Content/Player/Weapons/EmptyWeapons/EmptyPistol.uasset" 437
"../../../../../../Users/m.navascues/Desktop/2019-Fall-FPS/Astra/Content/Player/Weapons/PickUps/Pickup.uasset" 438
"../../../../../../Users/m.navascues/Desktop/2019-Fall-FPS/Astra/Content/Player/Weapons/PickUps/Pickup_Pistol.uasset" 439
"../../../../../../Users/m.navascues/Desktop/2019-Fall-FPS/Astra/Content/Resources/Materials/bulletHoleGlass_Mat.uasset" 440
"../../../../../../Users/m.navascues/Desktop/2019-Fall-FPS/Astra/Content/Resources/Materials/Cristal.uasset" 441
"../../../../../../Users/m.navascues/Desktop/2019-Fall-FPS/Astra/Content/Resources/Materials/Default.uasset" 442
"../../../Engine/Content/Functions/Engine_MaterialFunctions02/Fresnel_Function.uasset" 443
"../../../../../../Users/m.navascues/Desktop/2019-Fall-FPS/Astra/Content/Resources/Materials/Glass.uasset" 444
"../../../Engine/Content/Functions/Engine_MaterialFunctions01/Gradient/LinearGradient.uasset" 445
"../../../Engine/Content/Functions/Engine_MaterialFunctions02/Utility/MakeFloat2.uasset" 446
"../../../Engine/Content/Functions/Engine_MaterialFunctions02/ValueStep.uasset" 447
"../../../../../../Users/m.navascues/Desktop/2019-Fall-FPS/Astra/Content/Resources/Particles/ParameterCollections/erode_enemy_particles.uasset" 448
"../../../../../../Users/m.navascues/Desktop/2019-Fall-FPS/Astra/Content/Resources/Particles/ParticleTextures/T_FireSmoke.uasset" 449
"../../../../../../Users/m.navascues/Desktop/2019-Fall-FPS/Astra/Content/Resources/Particles/ParticleTextures/T_Mask.uasset" 450
"../../../../../../Users/m.navascues/Desktop/2019-Fall-FPS/Astra/Content/Resources/Particles/ParticleTextures/T_muzzle_flash01.uasset" 451
"../../../../../../Users/m.navascues/Desktop/2019-Fall-FPS/Astra/Content/Resources/Particles/ParticleMaterials/M_Enemy_Dissolve_Particles1.uasset" 452
"../../../../../../Users/m.navascues/Desktop/2019-Fall-FPS/Astra/Content/Resources/Particles/ParticleInputs/MS_StaticMesh_Desitegration.uasset" 453
"../../Plugins/FX/Niagara/Content/DynamicInputs/Angles/NormalizedAngleToDegrees.uasset" 454
"../../Plugins/FX/Niagara/Content/DynamicInputs/TypeConversions/Vector2DFromFloat.uasset" 455
"../../Plugins/FX/Niagara/Content/Enums/ENiagaraRandomnessMode.uasset" 456
"../../Plugins/FX/Niagara/Content/Functions/RandomRange.uasset" 457
"../../Plugins/FX/Niagara/Content/DynamicInputs/UniformRange/UniformRangedFloat.uasset" 458
"../../Plugins/FX/Niagara/Content/Functions/Localspace/ParticleOwnerPosition.uasset" 459
"../../Plugins/FX/Niagara/Content/Functions/Emitter/EmitterChangeState.uasset" 460
"../../Plugins/FX/Niagara/Content/Modules/Emitter/EmitterLifeCycle.uasset" 461
"../../Plugins/FX/Niagara/Content/Modules/Emitter/SpawnRate.uasset" 462
"../../Plugins/FX/Niagara/Content/Modules/Solvers/ApplyInitialForces.uasset" 463
"../../Plugins/FX/Niagara/Content/Functions/DirectionAndLengthSafe.uasset" 464
"../../Plugins/FX/Niagara/Content/Functions/Rotation/AxisAngleToQuaternion.uasset" 465
"../../Plugins/FX/Niagara/Content/Functions/Rotation/MultiplyQuaternion.uasset" 466
"../../Plugins/FX/Niagara/Content/Modules/Solvers/SolveForcesAndVelocity.uasset" 467
"../../Plugins/FX/Niagara/Content/Modules/Spawn/Initialization/InitializeParticle.uasset" 468
"../../Plugins/FX/Niagara/Content/Enums/ENiagaraCoordinateSpace.uasset" 469
"../../Plugins/FX/Niagara/Content/Functions/Localspace/ENiagaraCoordinateSpace.uasset" 470
"../../Plugins/FX/Niagara/Content/Functions/Localspace/TransformBase.uasset" 471
"../../Plugins/FX/Niagara/Content/Functions/Localspace/TransformOffset.uasset" 472
"../../Plugins/FX/Niagara/Content/Modules/Spawn/Velocity/AddVelocity.uasset" 473
"../../Plugins/FX/Niagara/Content/Functions/FindAngleBetweenVectors.uasset" 474
"../../Plugins/FX/Niagara/Content/Functions/Masks/ConeMask.uasset" 475
"../../Plugins/FX/Niagara/Content/Modules/Update/Forces/CurlNoiseForce.uasset" 476
"../../Plugins/FX/Niagara/Content/Modules/Update/Lifetime/UpdateAge.uasset" 477
"../../../../../../Users/m.navascues/Desktop/2019-Fall-FPS/Astra/Content/Resources/Particles/EM_particle.uasset" 478
"../../Plugins/FX/Niagara/Content/Functions/System/SystemChangeState.uasset" 479
"../../Plugins/FX/Niagara/Content/Modules/System/SystemLifeCycle.uasset" 480
"../../../../../../Users/m.navascues/Desktop/2019-Fall-FPS/Astra/Content/Resources/Particles/enemy_disolve_sys.uasset" 481
"../../../../../../Users/m.navascues/Desktop/2019-Fall-FPS/Astra/Content/Resources/Particles/ParameterCollections/erode_enemy.uasset" 482
"../../../../../../Users/m.navascues/Desktop/2019-Fall-FPS/Astra/Content/Resources/Particles/ParticleInputs/MS_SkeletalMesh_Desitegration.uasset" 483
"../../../../../../Users/m.navascues/Desktop/2019-Fall-FPS/Astra/Content/Resources/Particles/ParticleMaterials/FM_Sphere_Mask.uasset" 484
"../../../Engine/Content/Functions/Engine_MaterialFunctions01/ImageAdjustment/3ColorBlend.uasset" 485
"../../../Engine/Content/Functions/Engine_MaterialFunctions01/ImageAdjustment/CheapContrast.uasset" 486
"../../../../../../Users/m.navascues/Desktop/2019-Fall-FPS/Astra/Content/Resources/Particles/ParticleMaterials/M_disolve_enemy.uasset" 487
"../../../../../../Users/m.navascues/Desktop/2019-Fall-FPS/Astra/Content/Resources/Particles/ParticleMaterials/M_disolve_enemy_Inst.uasset" 488
"../../../../../../Users/m.navascues/Desktop/2019-Fall-FPS/Astra/Content/Resources/Textures/AI/Enemies/Minion/Minion_Silhouette.uasset" 489
"../../../../../../Users/m.navascues/Desktop/2019-Fall-FPS/Astra/Content/Resources/Particles/ParticleMaterials/M_Enemy_Dissolve.uasset" 490
"../../../../../../Users/m.navascues/Desktop/2019-Fall-FPS/Astra/Content/Resources/Particles/ParticleMaterials/M_Enemy_Dissolve_Inst.uasset" 491
"../../../../../../Users/m.navascues/Desktop/2019-Fall-FPS/Astra/Content/Resources/Particles/ParticleMaterials/M_lava.uasset" 492
"../../../../../../Users/m.navascues/Desktop/2019-Fall-FPS/Astra/Content/Resources/Particles/ParticleMaterials/M_Particles_Inst.uasset" 493
"../../../../../../Users/m.navascues/Desktop/2019-Fall-FPS/Astra/Content/Resources/Particles/ParticleTextures/T_muzzle_flash02.uasset" 494
"../../../../../../Users/m.navascues/Desktop/2019-Fall-FPS/Astra/Content/Resources/Particles/ParticleTextures/T_sparks01.uasset" 495
"../../../../../../Users/m.navascues/Desktop/2019-Fall-FPS/Astra/Content/Resources/Sounds/03_-_BONGOS_LATIN_RHYTHM.uasset" 496
"../../../../../../Users/m.navascues/Desktop/2019-Fall-FPS/Astra/Content/Resources/Sounds/04_-_BONGOS_ROLL_LONG.uasset" 497
"../../../../../../Users/m.navascues/Desktop/2019-Fall-FPS/Astra/Content/Resources/Sounds/05_-_BONGOS_ACCENT.uasset" 498
"../../../../../../Users/m.navascues/Desktop/2019-Fall-FPS/Astra/Content/Player/PrototypeWeap/Sound/GrenadeLauncher/GL_Explosion01.uasset" 499
"../../../../../../Users/m.navascues/Desktop/2019-Fall-FPS/Astra/Content/Resources/Sounds/musictest.uasset" 500
"../../../../../../Users/m.navascues/Desktop/2019-Fall-FPS/Astra/Content/Resources/Textures/Decals/glassHole.uasset" 501
"../../../../../../Users/m.navascues/Desktop/2019-Fall-FPS/Astra/Content/UI/Fonts/DebugFont.uasset" 502
"../../../../../../Users/m.navascues/Desktop/2019-Fall-FPS/Astra/Content/Resources/Textures/HUD/Crosshair1.uasset" 503
"../../../Engine/Content/EditorBlueprintResources/StandardMacros.uasset" 504
"../../../../../../Users/m.navascues/Desktop/2019-Fall-FPS/Astra/Content/Environment/SpawnSystem/SpawnPoint.uasset" 505
"../../../../../../Users/m.navascues/Desktop/2019-Fall-FPS/Astra/Content/Environment/WaveSystem/WaveController.uasset" 506
"../../../../../../Users/m.navascues/Desktop/2019-Fall-FPS/Astra/Content/AI/Enemies/Minion/BasicNPC_BB.uasset" 507
"../../../../../../Users/m.navascues/Desktop/2019-Fall-FPS/Astra/Content/AI/Enemies/Minion/Minion_BTnodes/Attack.uasset" 508
"../../../../../../Users/m.navascues/Desktop/2019-Fall-FPS/Astra/Content/AI/Enemies/Minion/Minion_BTnodes/ChasePlayer.uasset" 509
"../../../../../../Users/m.navascues/Desktop/2019-Fall-FPS/Astra/Content/AI/Enemies/Minion/Minion_BTnodes/FindPlayerPosition.uasset" 510
"../../../../../../Users/m.navascues/Desktop/2019-Fall-FPS/Astra/Content/AI/Enemies/Minion/Minion_BTnodes/StopMoving.uasset" 511
"../../../../../../Users/m.navascues/Desktop/2019-Fall-FPS/Astra/Content/AI/Enemies/Minion/BasicNPC_BT.uasset" 512
"../../../../../../Users/m.navascues/Desktop/2019-Fall-FPS/Astra/Content/AI/Enemies/Minion/BasicNPC_AIController.uasset" 513
"../../../../../../Users/m.navascues/Desktop/2019-Fall-FPS/Astra/Content/Player/Weapons/Weapon.uasset" 514
"../../../Engine/Content/BasicShapes/BasicShapeMaterial.uasset" 515
"../../../Engine/Content/Functions/Engine_MaterialFunctions01/Opacity/CameraDepthFade.uasset" 516
"../../../Engine/Content/EngineMaterials/T_Default_Material_Grid_M.uasset" 517
"../../../Engine/Content/EngineMaterials/T_Default_Material_Grid_N.uasset" 518
"../../../Engine/Content/EngineMaterials/DefaultMaterial.uasset" 519
"../../../Engine/Content/BasicShapes/Sphere.uasset" 520
"../../../../../../Users/m.navascues/Desktop/2019-Fall-FPS/Astra/Content/Player/PrototypeWeap/Materials/M_ShotgunVer1_Inst.uasset" 521
"../../../../../../Users/m.navascues/Desktop/2019-Fall-FPS/Astra/Content/Player/PrototypeWeap/Prototype_Shotgun_PhysicsAsset.uasset" 522
"../../../../../../Users/m.navascues/Desktop/2019-Fall-FPS/Astra/Content/Player/PrototypeWeap/Prototype_Shotgun.uasset" 523
"../../../../../../Users/m.navascues/Desktop/2019-Fall-FPS/Astra/Content/Player/Weapons/Shotgun.uasset" 524
"../../../../../../Users/m.navascues/Desktop/2019-Fall-FPS/Astra/Content/Resources/Materials/Minion_Silhouette_Mat.uasset" 525
"../../../../../../Users/m.navascues/Desktop/2019-Fall-FPS/Astra/Content/Resources/Materials/red.uasset" 526
"../../../Engine/Content/EngineMaterials/WorldGridMaterial.uasset" 527
"../../../Engine/Content/BasicShapes/Cube.uasset" 528
"../../../../../../Users/m.navascues/Desktop/2019-Fall-FPS/Astra/Content/AI/Enemies/Minion/BasicNPC.uasset" 529
"../../../../../../Users/m.navascues/Desktop/2019-Fall-FPS/Astra/Content/Environment/SoundSystem/Track.uasset" 530
"../../../../../../Users/m.navascues/Desktop/2019-Fall-FPS/Astra/Content/Player/PrototypeWeap/Sound/Knife/Knife_ImpactBody01.uasset" 531
"../../../../../../Users/m.navascues/Desktop/2019-Fall-FPS/Astra/Content/Player/PrototypeWeap/Sound/Pistol/PistolA_Fire01.uasset" 532
"../../../../../../Users/m.navascues/Desktop/2019-Fall-FPS/Astra/Content/Environment/SoundSystem/TrackPlayerTest.uasset" 533
"../../../../../../Users/m.navascues/Desktop/2019-Fall-FPS/Astra/Content/Player/PrototypeWeap/Materials/M_GrenadeLauncherVer1_Inst.uasset" 534
"../../../../../../Users/m.navascues/Desktop/2019-Fall-FPS/Astra/Content/Player/PrototypeWeap/GrenadeLauncherStaticMesh.uasset" 535
"../../../../../../Users/m.navascues/Desktop/2019-Fall-FPS/Astra/Content/Player/Weapons/EmptyWeapons/EmptyGrenadeLauncher.uasset" 536
"../../../../../../Users/m.navascues/Desktop/2019-Fall-FPS/Astra/Content/Player/PrototypeWeap/Materials/M_AssualtRifleVer1_Inst.uasset" 537
"../../../../../../Users/m.navascues/Desktop/2019-Fall-FPS/Astra/Content/Player/PrototypeWeap/RifleStaticMesh.uasset" 538
"../../../../../../Users/m.navascues/Desktop/2019-Fall-FPS/Astra/Content/Player/Weapons/EmptyWeapons/EmptyMachinegun.uasset" 539
"../../../../../../Users/m.navascues/Desktop/2019-Fall-FPS/Astra/Content/Player/PrototypeWeap/ShotgunStaticMesh.uasset" 540
"../../../../../../Users/m.navascues/Desktop/2019-Fall-FPS/Astra/Content/Player/Weapons/EmptyWeapons/EmptyShotgun.uasset" 541
"../../../../../../Users/m.navascues/Desktop/2019-Fall-FPS/Astra/Content/Player/PrototypeWeap/FX/P_GrenadeLauncher_Explosion_01.uasset" 542
"../../../../../../Users/m.navascues/Desktop/2019-Fall-FPS/Astra/Content/Player/PrototypeWeap/FX/P_GrenadeLauncher_Trail.uasset" 543
"../../../../../../Users/m.navascues/Desktop/2019-Fall-FPS/Astra/Content/Player/PrototypeWeap/Prototype_GrenadeLauncher_Ammo.uasset" 544
"../../../../../../Users/m.navascues/Desktop/2019-Fall-FPS/Astra/Content/Player/PrototypeWeap/Sound/GrenadeLauncher/GL_Explosion_Cue.uasset" 545
"../../../../../../Users/m.navascues/Desktop/2019-Fall-FPS/Astra/Content/Player/Weapons/Projectiles/GrenadeLauncherProjectile.uasset" 546
"../../../../../../Users/m.navascues/Desktop/2019-Fall-FPS/Astra/Content/Player/PrototypeWeap/Prototype_GrenadeLauncher_PhysicsAsset.uasset" 547
"../../../../../../Users/m.navascues/Desktop/2019-Fall-FPS/Astra/Content/Player/PrototypeWeap/Prototype_GrenadeLauncher.uasset" 548
"../../../../../../Users/m.navascues/Desktop/2019-Fall-FPS/Astra/Content/Player/Weapons/GrenadeLauncher.uasset" 549
"../../../../../../Users/m.navascues/Desktop/2019-Fall-FPS/Astra/Content/Player/PrototypeWeap/Prototype_AssaultRifle_PhysicsAsset.uasset" 550
"../../../../../../Users/m.navascues/Desktop/2019-Fall-FPS/Astra/Content/Player/PrototypeWeap/Prototype_AssaultRifle.uasset" 551
"../../../../../../Users/m.navascues/Desktop/2019-Fall-FPS/Astra/Content/Player/Weapons/Machinegun.uasset" 552
"../../../../../../Users/m.navascues/Desktop/2019-Fall-FPS/Astra/Content/Resources/Textures/Decals/bulletHole.uasset" 553
"../../../../../../Users/m.navascues/Desktop/2019-Fall-FPS/Astra/Content/Resources/Materials/bulletHole_Mat.uasset" 554
"../../../../../../Users/m.navascues/Desktop/2019-Fall-FPS/Astra/Content/Player/PrototypeWeap/Prototype_Pistol_PhysicsAsset.uasset" 555
"../../../../../../Users/m.navascues/Desktop/2019-Fall-FPS/Astra/Content/Player/PrototypeWeap/Prototype_Pistol.uasset" 556
"../../../../../../Users/m.navascues/Desktop/2019-Fall-FPS/Astra/Content/Player/Weapons/Pistol.uasset" 557
"../../../../../../Users/m.navascues/Desktop/2019-Fall-FPS/Astra/Content/Player/FPCharacter.uasset" 558
"../../../../../../Users/m.navascues/Desktop/2019-Fall-FPS/Astra/Content/Utils/BlueprintLibrary/get_FPScharacter.uasset" 559
"../../../../../../Users/m.navascues/Desktop/2019-Fall-FPS/Astra/Content/Resources/Textures/HUD/grenadelaunchercrosshair.uasset" 560
"../../../../../../Users/m.navascues/Desktop/2019-Fall-FPS/Astra/Content/Resources/Textures/HUD/machineguncrosshair.uasset" 561
"../../../../../../Users/m.navascues/Desktop/2019-Fall-FPS/Astra/Content/Resources/Textures/HUD/shotguncrosshair.uasset" 562
"../../../../../../Users/m.navascues/Desktop/2019-Fall-FPS/Astra/Content/UI/HUD/HUD.uasset" 563
"../../../../../../Users/m.navascues/Desktop/2019-Fall-FPS/Astra/Content/UI/HUD/FPSHUD.uasset" 564
"../../../Engine/Content/Animation/DefaultAnimCurveCompressionSettings.uasset" 565
"../../../Engine/Content/ArtTools/RenderToTexture/Meshes/S_1_Unit_Plane.uasset" 566
"../../../Engine/Content/EditorLandscapeResources/DataLayer.uasset" 567
"../../../Engine/Content/EditorMaterials/GizmoMaterial.uasset" 568
"../../../Engine/Content/EditorMaterials/MAT_Groups_Toggle.uasset" 569
"../../../Engine/Content/EditorMaterials/MAT_Groups_Visibility.uasset" 570
"../../../Engine/Content/EditorMaterials/PreviewShadowIndicator.uasset" 571
"../../../Engine/Content/EditorMaterials/PreviewShadowIndicatorMaterial.uasset" 572
"../../../Engine/Content/EditorMaterials/MatineeGroups/MAT_ColorTrack.uasset" 573
"../../../Engine/Content/EditorMaterials/MatineeGroups/MAT_Groups_Anim.uasset" 574
"../../../Engine/Content/EditorMaterials/MatineeGroups/MAT_Groups_AudioMaster.uasset" 575
"../../../Engine/Content/EditorMaterials/MatineeGroups/MAT_Groups_Director.uasset" 576
"../../../Engine/Content/EditorMaterials/MatineeGroups/MAT_Groups_Event.uasset" 577
"../../../Engine/Content/EditorMaterials/MatineeGroups/MAT_Groups_Fade.uasset" 578
"../../../Engine/Content/EditorMaterials/MatineeGroups/MAT_Groups_Float.uasset" 579
"../../../Engine/Content/EditorMaterials/MatineeGroups/MAT_Groups_Move.uasset" 580
"../../../Engine/Content/EditorMaterials/MatineeGroups/MAT_Groups_Slomo.uasset" 581
"../../../Engine/Content/EditorMaterials/MatineeGroups/MAT_Groups_Sound.uasset" 582
"../../../Engine/Content/EditorMaterials/MatineeGroups/MAT_Groups_Vector.uasset" 583
"../../../Engine/Content/EditorMaterials/ParticleSystems/PSysThumbnail_NoImage.uasset" 584
"../../../Engine/Content/EditorMaterials/ParticleSystems/PSysThumbnail_OOD.uasset" 585
"../../../Engine/Content/EditorMaterials/Camera/CineMat.uasset" 586
"../../../Engine/Content/EditorMaterials/Camera/MI_CineMat_Rig.uasset" 587
"../../../Engine/Content/EditorMeshes/Camera/SM_CraneRig_Arm.uasset" 588
"../../../Engine/Content/EditorMeshes/Camera/SM_CraneRig_Base.uasset" 589
"../../../Engine/Content/EditorMeshes/Camera/SM_CraneRig_Body.uasset" 590
"../../../Engine/Content/EditorMeshes/Camera/SM_CraneRig_Mount.uasset" 591
"../../../Engine/Content/EditorMeshes/Camera/SM_RailRig_Mount.uasset" 592
"../../../Engine/Content/EditorMeshes/Camera/SM_RailRig_Track.uasset" 593
"../../../Engine/Content/EditorResources/BSPVertex.uasset" 594
"../../../Engine/Content/EditorResources/EmptyActor.uasset" 595
"../../../Engine/Content/EditorResources/S_Actor.uasset" 596
"../../../Engine/Content/EditorResources/S_Note.uasset" 597
"../../../Engine/Content/EditorResources/S_Trigger.uasset" 598
"../../../Engine/Content/EditorResources/LightIcons/S_LightError.uasset" 599
"../../../Engine/Content/EditorResources/SequenceRecorder/Countdown.uasset" 600
"../../../Engine/Content/EditorResources/SequenceRecorder/RecordingIndicator.uasset" 601
"../../../Engine/Content/EditorSounds/Notifications/CompileFailed.uasset" 602
"../../../Engine/Content/EditorSounds/Notifications/CompileFailed_Cue.uasset" 603
"../../../Engine/Content/EditorSounds/Notifications/CompileSuccess.uasset" 604
"../../../Engine/Content/EditorSounds/Notifications/CompileStart_Cue.uasset" 605
"../../../Engine/Content/EditorSounds/Notifications/CompileSuccess_Cue.uasset" 606
"../../../Engine/Content/EngineDamageTypes/DmgTypeBP_Environmental.uasset" 607
"../../../Engine/Content/EngineDebugMaterials/HeatmapGradient.uasset" 608
"../../../Engine/Content/EngineDebugMaterials/BoneWeightMaterial.uasset" 609
"../../../Engine/Content/EngineDebugMaterials/ClothMaterial.uasset" 610
"../../../Engine/Content/EngineDebugMaterials/ClothMaterial_WF.uasset" 611
"../../../Engine/Content/EngineDebugMaterials/DebugEditorMaterial.uasset" 612
"../../../Engine/Content/EngineDebugMaterials/DebugMeshMaterial.uasset" 613
"../../../Engine/Content/EngineDebugMaterials/GeomMaterial.uasset" 614
"../../../Engine/Content/EngineDebugMaterials/M_SimpleTranslucent.uasset" 615
"../../../Engine/Content/EngineFonts/Faces/RobotoBold.uasset" 616
"../../../Engine/Content/EngineFonts/Faces/RobotoBoldItalic.uasset" 617
"../../../Engine/Content/EngineFonts/Faces/RobotoItalic.uasset" 618
"../../../Engine/Content/EngineFonts/Faces/RobotoLight.uasset" 619
"../../../Engine/Content/EngineFonts/Faces/RobotoRegular.uasset" 620
"../../../Engine/Content/EngineFonts/Roboto.uasset" 621
"../../../Engine/Content/EngineFonts/Faces/RobotoTiny.uasset" 622
"../../../Engine/Content/EngineFonts/RobotoTiny.uasset" 623
"../../../Engine/Content/EngineMaterials/BaseFlattenDiffuseMap.uasset" 624
"../../../Engine/Content/EngineMaterials/BaseFlattenEmissiveMap.uasset" 625
"../../../Engine/Content/EngineMaterials/BaseFlattenGrayscaleMap.uasset" 626
"../../../Engine/Content/EngineMaterials/BaseFlattenNormalMap.uasset" 627
"../../../Engine/Content/EngineMaterials/BaseFlattenMaterial.uasset" 628
"../../../Engine/Content/EngineMaterials/DefaultBloomKernel.uasset" 629
"../../../Engine/Content/EngineMaterials/DefaultBokeh.uasset" 630
"../../../Engine/Content/EngineMaterials/DefaultDiffuse.uasset" 631
"../../../Engine/Content/EngineMaterials/DefaultDeferredDecalMaterial.uasset" 632
"../../../Engine/Content/EngineMaterials/DefaultLightFunctionMaterial.uasset" 633
"../../../Engine/Content/EngineMaterials/DefaultPhysicalMaterial.uasset" 634
"../../../Engine/Content/Functions/Engine_MaterialFunctions02/Utility/BreakOutFloat2Components.uasset" 635
"../../../Engine/Content/EngineMaterials/DefaultPostProcessMaterial.uasset" 636
"../../../Engine/Content/EngineMaterials/DefaultTextMaterialOpaque.uasset" 637
"../../../Engine/Content/EngineMaterials/DefaultWhiteGrid.uasset" 638
"../../../Engine/Content/EngineMaterials/EditorBrushMaterial.uasset" 639
"../../../Engine/Content/EngineMaterials/Good64x64TilingNoiseHighFreq.uasset" 640
"../../../Engine/Content/EngineMaterials/MiniFont.uasset" 641
"../../../Engine/Content/EngineMaterials/InvalidLightmapSettings.uasset" 642
"../../../Engine/Content/EngineMaterials/M_InvalidLightmapSettings.uasset" 643
"../../../Engine/Content/Functions/Engine_MaterialFunctions02/WorldPositionOffset/CameraOffset.uasset" 644
"../../../Engine/Content/EngineMaterials/PhAT_JointLimitMaterial.uasset" 645
"../../../Engine/Content/EngineMaterials/PreintegratedSkinBRDF.uasset" 646
"../../../Engine/Content/EngineMaterials/RemoveSurfaceMaterial.uasset" 647
"../../../Engine/Content/EngineMaterials/WeightMapPlaceholderTexture.uasset" 648
"../../../Engine/Content/EngineResources/WhiteSquareTexture.uasset" 649
"../../../Engine/Content/EngineMaterials/Widget3DPassThrough.uasset" 650
"../../../Engine/Content/EngineMaterials/Widget3DPassThrough_Masked.uasset" 651
"../../../Engine/Content/EngineMaterials/Widget3DPassThrough_Opaque.uasset" 652
"../../../Engine/Content/EngineMaterials/Widget3DPassThrough_Masked_OneSided.uasset" 653
"../../../Engine/Content/EngineMaterials/Widget3DPassThrough_Opaque_OneSided.uasset" 654
"../../../Engine/Content/EngineMaterials/Widget3DPassThrough_Translucent.uasset" 655
"../../../Engine/Content/EngineMaterials/Widget3DPassThrough_Translucent_OneSided.uasset" 656
"../../../Engine/Content/EngineMeshes/Cylinder.uasset" 657
"../../../Engine/Content/EngineMeshes/Sphere.uasset" 658
"../../../Engine/Content/EngineResources/DefaultTexture.uasset" 659
"../../../Engine/Content/EngineResources/DefaultTextureCube.uasset" 660
"../../../Engine/Content/EngineResources/DefaultVolumeTexture2D.uasset" 661
"../../../Engine/Content/EngineResources/DefaultVolumeTexture.uasset" 662
"../../../Engine/Content/EngineResources/GradientTexture0.uasset" 663
"../../../Engine/Content/EngineSounds/Master.uasset" 664
"../../../Engine/Content/Functions/Engine_MaterialFunctions01/Shading/ConvertFromDiffSpec.uasset" 665
"../../../Engine/Content/Functions/Engine_MaterialFunctions01/Shading/PowerToRoughness.uasset" 666
"../../../Engine/Content/Maps/Templates/Thumbnails/Default.uasset" 667
"../../../Engine/Content/Maps/Templates/Thumbnails/VR-Basic.uasset" 668
"../../../Engine/Content/MobileResources/T_MobileControls_texture.uasset" 669
"../../../Engine/Content/MobileResources/T_MobileMenu2.uasset" 670
"../../../Engine/Content/MobileResources/HUD/AnalogHat.uasset" 671
"../../../Engine/Content/MobileResources/HUD/VirtualJoystick_Background.uasset" 672
"../../../Engine/Content/MobileResources/HUD/VirtualJoystick_Thumb.uasset" 673
"../../../Engine/Content/MobileResources/HUD/DefaultVirtualJoysticks.uasset" 674
"../../../Engine/Content/MobileResources/HUD/LeftVirtualJoystickOnly.uasset" 675
"../../../Engine/Content/MobileResources/HUD/MobileHUDButton1_off.uasset" 676
"../../../Engine/Content/MobileResources/HUD/MobileHUDButton1_on.uasset" 677
"../../../Engine/Content/MobileResources/HUD/MobileHUDButton2_off.uasset" 678
"../../../Engine/Content/MobileResources/HUD/MobileHUDButton2_on.uasset" 679
"../../../Engine/Content/MobileResources/HUD/MobileHUDButton3.uasset" 680
"../../../Engine/Content/MobileResources/HUD/MobileHUDButtonFire.uasset" 681
"../../../Engine/Content/MobileResources/HUD/MobileHUDDirectionPad.uasset" 682
"../../../Engine/Content/MobileResources/HUD/MobileHUDDirectionPad2.uasset" 683
"../../../Engine/Content/MobileResources/HUD/MobileHUDDirectionPad3.uasset" 684
"../../../Engine/Content/MobileResources/HUD/MobileHUDDirectionStick.uasset" 685
"../../../Engine/Content/MobileResources/HUD/T_Castle_ThumbstickInner.uasset" 686
"../../../Engine/Content/MobileResources/HUD/T_Castle_ThumbstickOutter.uasset" 687
"../../../Engine/Content/Tutorial/ContentIntroCurve.uasset" 688
"../../../Engine/Content/Tutorial/Basics/LevelEditorAttract.uasset" 689
"../../../Engine/Content/Tutorial/Basics/TutorialAssets/icon_tab_Levels_40x.uasset" 690
"../../../Engine/Content/Tutorial/Basics/LevelEditorOverview.uasset" 691
"../../../Engine/Content/Tutorial/BlueprintTutorials/TutorialAssets/Blueprint_64x.uasset" 692
"../../../Engine/Content/Tutorial/BlueprintTutorials/BlueprintEditorTutorial.uasset" 693
"../../../Engine/Content/VREditor/LaserPointer/VR_LaserPower_01.uasset" 694
"../../../Engine/Content/VREditor/TransformGizmo/TransformGizmoMaterial.uasset" 695
"../../../Engine/Content/VREditor/TransformGizmo/TranslucentTransformGizmoMaterial.uasset" 696
"../../../Engine/Content/VREditor/TransformGizmo/BoundingBoxCorner.uasset" 697
"../../../Engine/Content/VREditor/TransformGizmo/BoundingBoxEdge.uasset" 698
"../../../Engine/Content/VREditor/TransformGizmo/PlaneTranslationHandle.uasset" 699
"../../../Engine/Content/VREditor/TransformGizmo/Main.uasset" 700
"../../../Engine/Content/VREditor/TransformGizmo/Xray.uasset" 701
"../../../Engine/Content/VREditor/TransformGizmo/SM_Sequencer_Key.uasset" 702
"../../../Engine/Content/VREditor/TransformGizmo/SM_Sequencer_Node.uasset" 703
"../../Plugins/2D/Paper2D/Content/PlaceholderTextures/DummySpriteTexture.uasset" 704
"../../Plugins/2D/Paper2D/Content/DummySprite.uasset" 705
"../../Plugins/2D/Paper2D/Content/DefaultPaperTerrainMaterial.uasset" 706
"../../Plugins/2D/Paper2D/Content/DummySpriteTexture.uasset" 707
"../../Plugins/2D/Paper2D/Content/DefaultSpriteMaterial.uasset" 708
"../../Plugins/2D/Paper2D/Content/MaskedUnlitSpriteMaterial.uasset" 709
"../../Plugins/2D/Paper2D/Content/OpaqueUnlitSpriteMaterial.uasset" 710
"../../Plugins/FX/Niagara/Content/Enums/ENiagaraBooleanLogicOps.uasset" 711
"../../Plugins/FX/Niagara/Content/Enums/ENiagaraExpansionMode.uasset" 712
"../../Plugins/FX/Niagara/Content/Enums/ENiagaraOrientationAxis.uasset" 713
"../../Plugins/Runtime/Oculus/OculusVR/Content/OculusMR_RenderTarget.uasset" 714
"../../../Engine/Content/Functions/Engine_MaterialFunctions02/Utility/BreakOutFloat4Components.uasset" 715
"../../../Engine/Content/Functions/Engine_MaterialFunctions02/Utility/MakeFloat3.uasset" 716
"../../Plugins/Runtime/Oculus/OculusVR/Content/Materials/OculusMR_ChromaKey.uasset" 717
"../../Plugins/Runtime/Oculus/OculusVR/Content/Materials/OculusMR_ChromaKey_Lit.uasset" 718
"../../Plugins/Runtime/Oculus/OculusVR/Content/Materials/OculusMR_OpaqueColoredMaterial.uasset" 719
"../../Plugins/Runtime/Oculus/OculusVR/Content/Materials/OculusMR_WhiteMaterial.uasset" 720
"../../Plugins/Runtime/Oculus/OculusVR/Content/Materials/PokeAHoleMaterial.uasset" 721
"../../Plugins/Runtime/Oculus/OculusVR/Content/Textures/GearVRController_AO.uasset" 722
"../../Plugins/Runtime/Oculus/OculusVR/Content/Textures/GearVRController_Color.uasset" 723
"../../Plugins/Runtime/Oculus/OculusVR/Content/Textures/GearVRController_Normal.uasset" 724
"../../Plugins/Runtime/Oculus/OculusVR/Content/Materials/GearVRControllerMaterial.uasset" 725
"../../Plugins/Runtime/Oculus/OculusVR/Content/Meshes/GearVrController.uasset" 726
"../../Plugins/Runtime/Oculus/OculusVR/Content/Textures/touchController_albedo.uasset" 727
"../../Plugins/Runtime/Oculus/OculusVR/Content/Textures/touchController_controlmap.uasset" 728
"../../Plugins/Runtime/Oculus/OculusVR/Content/Materials/touchController_mat.uasset" 729
"../../Plugins/Runtime/Oculus/OculusVR/Content/Meshes/LeftTouchController.uasset" 730
"../../Plugins/Runtime/Oculus/OculusVR/Content/Meshes/RiftHMD.uasset" 731
"../../Plugins/Runtime/Oculus/OculusVR/Content/Meshes/RightTouchController.uasset" 732
"../../../../../../Users/m.navascues/Desktop/2019-Fall-FPS/Astra/Content/Environment/Navigation/NavMesh_Links_BP.uasset" 733
"../../../../../../Users/m.navascues/Desktop/2019-Fall-FPS/Astra/Content/Resources/Materials/Blue.uasset" 734
"../../../Engine/Content/BasicShapes/Cylinder.uasset" 735
"../../../../../../Users/m.navascues/Desktop/2019-Fall-FPS/Astra/Content/AI/TargetDummy.uasset" 736
"../../../../../../Users/m.navascues/Desktop/2019-Fall-FPS/Astra/Content/Utils/Timelines/Sin.uasset" 737
"../../../Engine/Content/BasicShapes/Cube1.uasset" 738
"../../../../../../Users/m.navascues/Desktop/2019-Fall-FPS/Astra/Content/Resources/Models/AI/03___Default.uasset" 739
"../../../../../../Users/m.navascues/Desktop/2019-Fall-FPS/Astra/Content/Resources/Models/AI/Waiter_Box001.uasset" 740
"../../../../../../Users/m.navascues/Desktop/2019-Fall-FPS/Astra/Content/Resources/Models/AI/01___Default.uasset" 741
"../../../../../../Users/m.navascues/Desktop/2019-Fall-FPS/Astra/Content/Resources/Models/AI/02___Default.uasset" 742
"../../../../../../Users/m.navascues/Desktop/2019-Fall-FPS/Astra/Content/Resources/Models/AI/Waiter_Sphere001.uasset" 743
"../../../../../../Users/m.navascues/Desktop/2019-Fall-FPS/Astra/Content/AI/Waiter_Sphere001_Blueprint.uasset" 744
"../../../../../../Users/m.navascues/Desktop/2019-Fall-FPS/Astra/Content/Environment/InteractuableProps/Elevator.uasset" 745
"../../../../../../Users/m.navascues/Desktop/2019-Fall-FPS/Astra/Content/Environment/WaveSystem/CustomSpawnPoint.uasset" 746
"../../../../../../Users/m.navascues/Desktop/2019-Fall-FPS/Astra/Content/Levels/MainLevel_BuiltData.uasset" 747
"../../../Engine/Content/VREditor/BasicMeshes/T_CleanFloorGrunge_01_D.uasset" 748
"../../../Engine/Content/VREditor/BasicMeshes/M_Floor_01.uasset" 749
"../../../../../../Users/m.navascues/Desktop/2019-Fall-FPS/Astra/Content/Resources/Materials/Green.uasset" 750
"../../../../../../Users/m.navascues/Desktop/2019-Fall-FPS/Astra/Content/Resources/Materials/Waiter.uasset" 751
"../../../Engine/Content/BasicShapes/Cone.uasset" 752
"../../../Engine/Content/BasicShapes/Plane.uasset" 753
"../../../Engine/Content/MapTemplates/SM_Template_Map_Floor.uasset" 754
"../../../../../../Users/m.navascues/Desktop/2019-Fall-FPS/Astra/Content/Levels/MainLevel.umap" 755
"../../../../../../Users/m.navascues/Desktop/2019-Fall-FPS/Astra/Content/Levels/MainLevel_2_BuiltData.uasset" 756
"../../../Engine/Content/EngineMaterials/DefaultTextMaterialTranslucent.uasset" 757
"../../../../../../Users/m.navascues/Desktop/2019-Fall-FPS/Astra/Content/Levels/MainLevel_2.umap" 758
"../../../../../../Users/m.navascues/Desktop/2019-Fall-FPS/Astra/Content/Resources/Textures/HUD/Menu_Background.uasset" 759
"../../../../../../Users/m.navascues/Desktop/2019-Fall-FPS/Astra/Content/UI/HUD/Options.uasset" 760
"../../../../../../Users/m.navascues/Desktop/2019-Fall-FPS/Astra/Content/UI/HUD/MainMenu.uasset" 761
"../../../../../../Users/m.navascues/Desktop/2019-Fall-FPS/Astra/Content/Levels/MainMenu.umap" 762
"../../../Engine/Content/EngineSky/C_Sky_Cloud_Color.uasset" 763
"../../../Engine/Content/EngineSky/C_Sky_Horizon_Color.uasset" 764
"../../../Engine/Content/EngineSky/C_Sky_Zenith_Color.uasset" 765
"../../../Engine/Content/EngineSky/T_Sky_Blue.uasset" 766
"../../../Engine/Content/EngineSky/T_Sky_Clouds_M.uasset" 767
"../../../Engine/Content/EngineSky/T_Sky_Stars.uasset" 768
"../../../Engine/Content/EngineSky/M_Sky_Panning_Clouds2.uasset" 769
"../../../Engine/Content/EngineSky/SM_SkySphere.uasset" 770
"../../../Engine/Content/EngineSky/BP_Sky_Sphere.uasset" 771
"../../../../../../Users/m.navascues/Desktop/2019-Fall-FPS/Astra/Content/AI/Enemies/Flying/FlyingProjectile.uasset" 772
"../../../../../../Users/m.navascues/Desktop/2019-Fall-FPS/Astra/Content/AI/Enemies/Flying/FlyingNPC_AIController.uasset" 773
"../../../../../../Users/m.navascues/Desktop/2019-Fall-FPS/Astra/Content/Player/PrototypeWeap/Materials/M_SniperRifle_Inst.uasset" 774
"../../../../../../Users/m.navascues/Desktop/2019-Fall-FPS/Astra/Content/Player/PrototypeWeap/Prototype_SniperRifle_PhysicsAsset.uasset" 775
"../../../../../../Users/m.navascues/Desktop/2019-Fall-FPS/Astra/Content/Player/PrototypeWeap/Prototype_SniperRifle.uasset" 776
"../../../../../../Users/m.navascues/Desktop/2019-Fall-FPS/Astra/Content/AI/Enemies/Flying/FlyingNpc.uasset" 777
"../../../../../../Users/m.navascues/Desktop/2019-Fall-FPS/Astra/Content/Environment/InteractuableProps/JumpPad.uasset" 778
"../../../../../../Users/m.navascues/Desktop/2019-Fall-FPS/Astra/Content/Player/FPSHUD.uasset" 779
"../../../../../../Users/m.navascues/Desktop/2019-Fall-FPS/Astra/Content/Player/FPTestGameMode.uasset" 780
"../../../../../../Users/m.navascues/Desktop/2019-Fall-FPS/Astra/Content/Player/Weapons/PickUps/Pickup_GrenadeLauncher.uasset" 781
"../../../../../../Users/m.navascues/Desktop/2019-Fall-FPS/Astra/Content/Player/Weapons/PickUps/Pickup_Machinegun.uasset" 782
"../../../../../../Users/m.navascues/Desktop/2019-Fall-FPS/Astra/Content/Player/Weapons/PickUps/Pickup_Shotgun.uasset" 783
"../../../../../../Users/m.navascues/Desktop/2019-Fall-FPS/Astra/Content/Levels/TestGym_BuiltData.uasset" 784
"../../../Engine/Content/Functions/Engine_MaterialFunctions02/SplitComponents.uasset" 785
"../../../Engine/Content/Functions/Engine_MaterialFunctions02/Utility/VectorLength.uasset" 786
"../../../../../../Users/m.navascues/Desktop/2019-Fall-FPS/Astra/Content/Resources/Materials/PostProcess/MF_ConvolveTexture.uasset" 787
"../../../../../../Users/m.navascues/Desktop/2019-Fall-FPS/Astra/Content/Resources/Materials/PostProcess/MF_ExtractDepth.uasset" 788
"../../../../../../Users/m.navascues/Desktop/2019-Fall-FPS/Astra/Content/Resources/Materials/PostProcess/MF_SampleSceneTextureNeighbourUVs.uasset" 789
"../../../../../../Users/m.navascues/Desktop/2019-Fall-FPS/Astra/Content/Resources/Materials/PostProcess/PP_Outliner_M.uasset" 790
"../../../../../../Users/m.navascues/Desktop/2019-Fall-FPS/Astra/Content/Resources/Materials/PostProcess/PP_Outliner_Inst.uasset" 791
"../../../Engine/Content/MapTemplates/Bokeh_5Sides.uasset" 792
"../../../Engine/Content/MapTemplates/T_ScreenDirt02_w.uasset" 793
"../../../../../../Users/m.navascues/Desktop/2019-Fall-FPS/Astra/Content/Levels/TestGym.umap" 794
"../../../../../../Users/m.navascues/Desktop/2019-Fall-FPS/Astra/Content/Environment/sentToMenu_Blueprint.uasset" 795
"../../../../../../Users/m.navascues/Desktop/2019-Fall-FPS/Astra/Content/Resources/Materials/White.uasset" 796
"../../../../../../Users/m.navascues/Desktop/2019-Fall-FPS/Astra/Content/Levels/TestGym_movement.umap" 797
"../../../../../../Users/m.navascues/Desktop/2019-Fall-FPS/Astra/Content/Levels/tmp_level.umap" 798
"../../../Engine/Content/TemplateResources/M_Template_Master.uasset" 799
"../../../Engine/Content/TemplateResources/MI_Template_BaseGray_03_Metal.uasset" 800
"../../../../../../Users/m.navascues/Desktop/2019-Fall-FPS/Astra/Content/Player/PrototypeWeap/Prototype_AssaultRifle_Ammo.uasset" 801
"../../../../../../Users/m.navascues/Desktop/2019-Fall-FPS/Astra/Content/Player/PrototypeWeap/Prototype_AssaultRifle_Pickup.uasset" 802
"../../../../../../Users/m.navascues/Desktop/2019-Fall-FPS/Astra/Content/Player/PrototypeWeap/Prototype_GrenadeLauncher_Pickup.uasset" 803
"../../../../../../Users/m.navascues/Desktop/2019-Fall-FPS/Astra/Content/Player/PrototypeWeap/Textures/T_Prototype_Knife_D.uasset" 804
"../../../../../../Users/m.navascues/Desktop/2019-Fall-FPS/Astra/Content/Player/PrototypeWeap/Textures/T_Prototype_Knife_M.uasset" 805
"../../../../../../Users/m.navascues/Desktop/2019-Fall-FPS/Astra/Content/Player/PrototypeWeap/Textures/T_Prototype_Knife_N.uasset" 806
"../../../../../../Users/m.navascues/Desktop/2019-Fall-FPS/Astra/Content/Player/PrototypeWeap/Materials/M_Knife.uasset" 807
"../../../../../../Users/m.navascues/Desktop/2019-Fall-FPS/Astra/Content/Player/PrototypeWeap/Prototype_Knife_PhysicsAsset.uasset" 808
"../../../../../../Users/m.navascues/Desktop/2019-Fall-FPS/Astra/Content/Player/PrototypeWeap/Prototype_Knife_Skeleton.uasset" 809
"../../../../../../Users/m.navascues/Desktop/2019-Fall-FPS/Astra/Content/Player/PrototypeWeap/Prototype_Knife.uasset" 810
"../../../../../../Users/m.navascues/Desktop/2019-Fall-FPS/Astra/Content/Player/PrototypeWeap/Prototype_Pistol_Ammo.uasset" 811
"../../../../../../Users/m.navascues/Desktop/2019-Fall-FPS/Astra/Content/Player/PrototypeWeap/Prototype_Pistol_Pickup.uasset" 812
"../../../../../../Users/m.navascues/Desktop/2019-Fall-FPS/Astra/Content/Player/PrototypeWeap/Materials/M_RocketLauncherVer1_Inst.uasset" 813
"../../../../../../Users/m.navascues/Desktop/2019-Fall-FPS/Astra/Content/Player/PrototypeWeap/Prototype_RocketLauncher_PhysicsAsset.uasset" 814
"../../../../../../Users/m.navascues/Desktop/2019-Fall-FPS/Astra/Content/Player/PrototypeWeap/Prototype_RocketLauncher.uasset" 815
"../../../../../../Users/m.navascues/Desktop/2019-Fall-FPS/Astra/Content/Player/PrototypeWeap/Prototype_RocketLauncher_Ammo.uasset" 816
"../../../../../../Users/m.navascues/Desktop/2019-Fall-FPS/Astra/Content/Player/PrototypeWeap/Prototype_RocketLauncher_Pickup.uasset" 817
"../../../../../../Users/m.navascues/Desktop/2019-Fall-FPS/Astra/Content/Player/PrototypeWeap/Prototype_Shotgun_Ammo.uasset" 818
"../../../../../../Users/m.navascues/Desktop/2019-Fall-FPS/Astra/Content/Player/PrototypeWeap/Prototype_Shotgun_Pickup.uasset" 819
"../../../../../../Users/m.navascues/Desktop/2019-Fall-FPS/Astra/Content/Player/PrototypeWeap/Prototype_SniperRifle_Ammo.uasset" 820
"../../../../../../Users/m.navascues/Desktop/2019-Fall-FPS/Astra/Content/Player/PrototypeWeap/Prototype_SniperRifle_Pickup.uasset" 821
"../../../../../../Users/m.navascues/Desktop/2019-Fall-FPS/Astra/Content/Player/PrototypeWeap/Showcase.umap" 822
"../../../Engine/Content/Maps/Entry_BuiltData.uasset" 823
"../../../Engine/Content/Maps/Entry.umap" 824
