"C:/Users/markel.p/Desktop/gam400_github/2019-Fall-FPS/Astra/Astra.uproject" 1
"../../../../../../Users/markel.p/Desktop/gam400_github/2019-Fall-FPS/Astra/Binaries/Win64/UE4Editor.modules" 2
"../../../Engine/Plugins/2D/Paper2D/Paper2D.uplugin" 3
"../../../Engine/Plugins/AI/AISupport/AISupport.uplugin" 4
"../../../Engine/Plugins/AI/HTNPlanner/HTNPlanner.uplugin" 5
"../../../Engine/Plugins/Animation/LiveLink/LiveLink.uplugin" 6
"../../../Engine/Plugins/Animation/LiveLinkCurveDebugUI/LiveLinkCurveDebugUI.uplugin" 7
"../../../Engine/Plugins/Blendables/LightPropagationVolume/LightPropagationVolume.uplugin" 8
"../../../Engine/Plugins/Compositing/Composure/Composure.uplugin" 9
"../../../Engine/Plugins/Compositing/LensDistortion/LensDistortion.uplugin" 10
"../../../Engine/Plugins/Compositing/OpenColorIO/OpenColorIO.uplugin" 11
"../../../Engine/Plugins/Compositing/OpenCVLensDistortion/OpenCVLensDistortion.uplugin" 12
"../../../Engine/Plugins/Developer/ActorLayerUtilities/ActorLayerUtilities.uplugin" 13
"../../../Engine/Plugins/Developer/AnimationSharing/AnimationSharing.uplugin" 14
"../../../Engine/Plugins/Developer/BlankPlugin/BlankPlugin.uplugin" 15
"../../../Engine/Plugins/Developer/CLionSourceCodeAccess/CLionSourceCodeAccess.uplugin" 16
"../../../Engine/Plugins/Developer/CodeLiteSourceCodeAccess/CodeLiteSourceCodeAccess.uplugin" 17
"../../../Engine/Plugins/Developer/Concert/ConcertFrontend/ConcertFrontend.uplugin" 18
"../../../Engine/Plugins/Developer/Concert/ConcertMain/ConcertMain.uplugin" 19
"../../../Engine/Plugins/Developer/Concert/ConcertSync/ConcertSyncClient/ConcertSyncClient.uplugin" 20
"../../../Engine/Plugins/Developer/Concert/ConcertSync/ConcertSyncCore/ConcertSyncCore.uplugin" 21
"../../../Engine/Plugins/Developer/Concert/ConcertSync/ConcertSyncServer/ConcertSyncServer.uplugin" 22
"../../../Engine/Plugins/Developer/Concert/ConcertSync/ConcertSyncTest/ConcertSyncTest.uplugin" 23
"../../../Engine/Plugins/Developer/GitSourceControl/GitSourceControl.uplugin" 24
"../../../Engine/Plugins/Developer/KDevelopSourceCodeAccess/KDevelopSourceCodeAccess.uplugin" 25
"../../../Engine/Plugins/Developer/NullSourceCodeAccess/NullSourceCodeAccess.uplugin" 26
"../../../Engine/Plugins/Developer/OneSkyLocalizationService/OneSkyLocalizationService.uplugin" 27
"../../../Engine/Plugins/Developer/PerforceSourceControl/PerforceSourceControl.uplugin" 28
"../../../Engine/Plugins/Developer/RenderDocPlugin/RenderDocPlugin.uplugin" 29
"../../../Engine/Plugins/Developer/SubversionSourceControl/SubversionSourceControl.uplugin" 30
"../../../Engine/Plugins/Developer/UObjectPlugin/UObjectPlugin.uplugin" 31
"../../../Engine/Plugins/Developer/VisualStudioCodeSourceCodeAccess/VisualStudioCodeSourceCodeAccess.uplugin" 32
"../../../Engine/Plugins/Developer/VisualStudioSourceCodeAccess/VisualStudioSourceCodeAccess.uplugin" 33
"../../../Engine/Plugins/Developer/XCodeSourceCodeAccess/XCodeSourceCodeAccess.uplugin" 34
"../../../Engine/Plugins/Editor/AssetManagerEditor/AssetManagerEditor.uplugin" 35
"../../../Engine/Plugins/Editor/BlueprintMaterialTextureNodes/BlueprintMaterialTextureNodes.uplugin" 36
"../../../Engine/Plugins/Editor/CryptoKeys/CryptoKeys.uplugin" 37
"../../../Engine/Plugins/Editor/DataValidation/DataValidation.uplugin" 38
"../../../Engine/Plugins/Editor/EditorScriptingUtilities/EditorScriptingUtilities.uplugin" 39
"../../../Engine/Plugins/Editor/FacialAnimation/FacialAnimation.uplugin" 40
"../../../Engine/Plugins/Editor/GameplayTagsEditor/GameplayTagsEditor.uplugin" 41
"../../../Engine/Plugins/Editor/GLTFImporter/GLTFImporter.uplugin" 42
"../../../Engine/Plugins/Editor/MacGraphicsSwitching/MacGraphicsSwitching.uplugin" 43
"../../../Engine/Plugins/Editor/MaterialAnalyzer/MaterialAnalyzer.uplugin" 44
"../../../Engine/Plugins/Editor/MeshEditor/MeshEditor.uplugin" 45
"../../../Engine/Plugins/Editor/MobileLauncherProfileWizard/MobileLauncherProfileWizard.uplugin" 46
"../../../Engine/Plugins/Editor/PluginBrowser/PluginBrowser.uplugin" 47
"../../../Engine/Plugins/Editor/SpeedTreeImporter/SpeedTreeImporter.uplugin" 48
"../../../Engine/Plugins/Enterprise/DatasmithContent/DatasmithContent.uplugin" 49
"../../../Engine/Plugins/Enterprise/VariantManagerContent/VariantManagerContent.uplugin" 50
"../../../Engine/Plugins/Experimental/AlembicImporter/AlembicImporter.uplugin" 51
"../../../Engine/Plugins/Experimental/AppleImageUtils/AppleImageUtils.uplugin" 52
"../../../Engine/Plugins/Experimental/AppleVision/AppleVision.uplugin" 53
"../../../Engine/Plugins/Experimental/AR/PointCloud/PointCloud.uplugin" 54
"../../../Engine/Plugins/Experimental/BackChannel/BackChannel.uplugin" 55
"../../../Engine/Plugins/Experimental/BlastPlugin/BlastPlugin.uplugin" 56
"../../../Engine/Plugins/Experimental/BlueprintStats/BlueprintStats.uplugin" 57
"../../../Engine/Plugins/Experimental/ChaosCloth/ChaosCloth.uplugin" 58
"../../../Engine/Plugins/Experimental/ChaosNiagara/ChaosNiagara.uplugin" 59
"../../../Engine/Plugins/Experimental/ChaosSolverPlugin/ChaosSolverPlugin.uplugin" 60
"../../../Engine/Plugins/Experimental/CharacterAI/CharacterAI.uplugin" 61
"../../../Engine/Plugins/Experimental/CodeEditor/CodeEditor.uplugin" 62
"../../../Engine/Plugins/Experimental/CodeView/CodeView.uplugin" 63
"../../../Engine/Plugins/Experimental/ControlRig/ControlRig.uplugin" 64
"../../../Engine/Plugins/Experimental/FieldSystemPlugin/FieldSystemPlugin.uplugin" 65
"../../../Engine/Plugins/Experimental/Gauntlet/Gauntlet.uplugin" 66
"../../../Engine/Plugins/Experimental/GeometryCache/GeometryCache.uplugin" 67
"../../../Engine/Plugins/Experimental/GeometryCollectionPlugin/GeometryCollectionPlugin.uplugin" 68
"../../../Engine/Plugins/Experimental/HTML5Networking/HTML5Networking.uplugin" 69
"../../../Engine/Plugins/Experimental/ImagePlate/ImagePlate.uplugin" 70
"../../../Engine/Plugins/Experimental/PixelStreaming/PixelStreaming.uplugin" 71
"../../../Engine/Plugins/Experimental/PlatformCrypto/PlatformCrypto.uplugin" 72
"../../../Engine/Plugins/Experimental/ProxyLODPlugin/ProxyLODPlugin.uplugin" 73
"../../../Engine/Plugins/Experimental/PythonScriptPlugin/PythonScriptPlugin.uplugin" 74
"../../../Engine/Plugins/Experimental/RawInput/RawInput.uplugin" 75
"../../../Engine/Plugins/Experimental/RemoteSession/RemoteSession.uplugin" 76
"../../../Engine/Plugins/Experimental/Shotgun/Shotgun.uplugin" 77
"../../../Engine/Plugins/Experimental/SimpleHMD/SimpleHMD.uplugin" 78
"../../../Engine/Plugins/Experimental/SkeletalReduction/SkeletalReduction.uplugin" 79
"../../../Engine/Plugins/Experimental/StereoPanorama/StereoPanorama.uplugin" 80
"../../../Engine/Plugins/Experimental/VirtualCamera/VirtualCamera.uplugin" 81
"../../../Engine/Plugins/Experimental/VirtualProductionUtilities/VirtualProductionUtilities.uplugin" 82
"../../../Engine/Plugins/FX/HoudiniNiagara/HoudiniNiagara.uplugin" 83
"../../../Engine/Plugins/FX/Niagara/Niagara.uplugin" 84
"../../../Engine/Plugins/FX/NiagaraExtras/NiagaraExtras.uplugin" 85
"../../../Engine/Plugins/Importers/USDImporter/USDImporter.uplugin" 86
"../../../Engine/Plugins/Lumin/MagicLeap/MagicLeap.uplugin" 87
"../../../Engine/Plugins/Lumin/MagicLeapCamera/MagicLeapCamera.uplugin" 88
"../../../Engine/Plugins/Lumin/MagicLeapMedia/MagicLeapMedia.uplugin" 89
"../../../Engine/Plugins/Lumin/MagicLeapScreens/MagicLeapScreens.uplugin" 90
"../../../Engine/Plugins/Media/AndroidCamera/AndroidCamera.uplugin" 91
"../../../Engine/Plugins/Media/AndroidMedia/AndroidMedia.uplugin" 92
"../../../Engine/Plugins/Media/AudioCaptureTimecodeProvider/AudioCaptureTimecodeProvider.uplugin" 93
"../../../Engine/Plugins/Media/AvfMedia/AvfMedia.uplugin" 94
"../../../Engine/Plugins/Media/ImgMedia/ImgMedia.uplugin" 95
"../../../Engine/Plugins/Media/LinearTimecode/LinearTimecode.uplugin" 96
"../../../Engine/Plugins/Media/MediaCompositing/MediaCompositing.uplugin" 97
"../../../Engine/Plugins/Media/MediaFrameworkUtilities/MediaFrameworkUtilities.uplugin" 98
"../../../Engine/Plugins/Media/MediaIOFramework/MediaIOFramework.uplugin" 99
"../../../Engine/Plugins/Media/MediaPlayerEditor/MediaPlayerEditor.uplugin" 100
"../../../Engine/Plugins/Media/MfMedia/MfMedia.uplugin" 101
"../../../Engine/Plugins/Media/TimecodeSynchronizer/TimecodeSynchronizer.uplugin" 102
"../../../Engine/Plugins/Media/WebMMedia/WebMMedia.uplugin" 103
"../../../Engine/Plugins/Media/WmfMedia/WmfMedia.uplugin" 104
"../../../Engine/Plugins/Messaging/MessagingDebugger/MessagingDebugger.uplugin" 105
"../../../Engine/Plugins/Messaging/TcpMessaging/TcpMessaging.uplugin" 106
"../../../Engine/Plugins/Messaging/UdpMessaging/UdpMessaging.uplugin" 107
"../../../Engine/Plugins/MovieScene/ActorSequence/ActorSequence.uplugin" 108
"../../../Engine/Plugins/MovieScene/LevelSequenceEditor/LevelSequenceEditor.uplugin" 109
"../../../Engine/Plugins/MovieScene/MatineeToLevelSequence/MatineeToLevelSequence.uplugin" 110
"../../../Engine/Plugins/MovieScene/SequencerScripting/SequencerScripting.uplugin" 111
"../../../Engine/Plugins/NetcodeUnitTest/NetcodeUnitTest/NetcodeUnitTest.uplugin" 112
"../../../Engine/Plugins/NetcodeUnitTest/NUTUnrealEngine4/NUTUnrealEngine4.uplugin" 113
"../../../Engine/Plugins/Online/Android/OnlineSubsystemGameCircle/OnlineSubsystemGameCircle.uplugin" 114
"../../../Engine/Plugins/Online/Android/OnlineSubsystemGooglePlay/OnlineSubsystemGooglePlay.uplugin" 115
"../../../Engine/Plugins/Online/IOS/OnlineSubsystemIOS/OnlineSubsystemIOS.uplugin" 116
"../../../Engine/Plugins/Online/OnlineFramework/OnlineFramework.uplugin" 117
"../../../Engine/Plugins/Online/OnlineSubsystem/OnlineSubsystem.uplugin" 118
"../../../Engine/Plugins/Online/OnlineSubsystemAmazon/OnlineSubsystemAmazon.uplugin" 119
"../../../Engine/Plugins/Online/OnlineSubsystemFacebook/OnlineSubsystemFacebook.uplugin" 120
"../../../Engine/Plugins/Online/OnlineSubsystemGoogle/OnlineSubsystemGoogle.uplugin" 121
"../../../Engine/Plugins/Online/OnlineSubsystemNull/OnlineSubsystemNull.uplugin" 122
"../../../Engine/Plugins/Online/OnlineSubsystemOculus/OnlineSubsystemOculus.uplugin" 123
"../../../Engine/Plugins/Online/OnlineSubsystemSteam/OnlineSubsystemSteam.uplugin" 124
"../../../Engine/Plugins/Online/OnlineSubsystemTwitch/OnlineSubsystemTwitch.uplugin" 125
"../../../Engine/Plugins/Online/OnlineSubsystemUtils/OnlineSubsystemUtils.uplugin" 126
"../../../Engine/Plugins/Online/VoiceChat/VivoxVoiceChat/VivoxVoiceChat.uplugin" 127
"../../../Engine/Plugins/Performance/PerformanceMonitor/PerformanceMonitor.uplugin" 128
"../../../Engine/Plugins/Portal/LauncherChunkInstaller/LauncherChunkInstaller.uplugin" 129
"../../../Engine/Plugins/Runtime/Advertising/IOSTapJoy/IOSTapJoy.uplugin" 130
"../../../Engine/Plugins/Runtime/Analytics/Adjust/Adjust.uplugin" 131
"../../../Engine/Plugins/Runtime/Analytics/AnalyticsBlueprintLibrary/AnalyticsBlueprintLibrary.uplugin" 132
"../../../Engine/Plugins/Runtime/Analytics/AnalyticsMulticast/AnalyticsMulticast.uplugin" 133
"../../../Engine/Plugins/Runtime/Analytics/Apsalar/Apsalar.uplugin" 134
"../../../Engine/Plugins/Runtime/Analytics/FileLogging/FileLogging.uplugin" 135
"../../../Engine/Plugins/Runtime/Analytics/Flurry/Flurry.uplugin" 136
"../../../Engine/Plugins/Runtime/AndroidDeviceProfileSelector/AndroidDeviceProfileSelector.uplugin" 137
"../../../Engine/Plugins/Runtime/AndroidMoviePlayer/AndroidMoviePlayer.uplugin" 138
"../../../Engine/Plugins/Runtime/AndroidPermission/AndroidPermission.uplugin" 139
"../../../Engine/Plugins/Runtime/AnimationBudgetAllocator/AnimationBudgetAllocator.uplugin" 140
"../../../Engine/Plugins/Runtime/AnimDistanceMatching/AnimDistanceMatching.uplugin" 141
"../../../Engine/Plugins/Runtime/ApexDestruction/ApexDestruction.uplugin" 142
"../../../Engine/Plugins/Runtime/AppleMoviePlayer/AppleMoviePlayer.uplugin" 143
"../../../Engine/Plugins/Runtime/AR/Apple/AppleARKit/AppleARKit.uplugin" 144
"../../../Engine/Plugins/Runtime/AR/Apple/AppleARKitFaceSupport/AppleARKitFaceSupport.uplugin" 145
"../../../Engine/Plugins/Runtime/AR/Google/GoogleARCore/GoogleARCore.uplugin" 146
"../../../Engine/Plugins/Runtime/AR/Google/GoogleARCoreServices/GoogleARCoreServices.uplugin" 147
"../../../Engine/Plugins/Runtime/ArchVisCharacter/ArchVisCharacter.uplugin" 148
"../../../Engine/Plugins/Runtime/AudioCapture/AudioCapture.uplugin" 149
"../../../Engine/Plugins/Runtime/CableComponent/CableComponent.uplugin" 150
"../../../Engine/Plugins/Runtime/CustomMeshComponent/CustomMeshComponent.uplugin" 151
"../../../Engine/Plugins/Runtime/Database/ADOSupport/ADOSupport.uplugin" 152
"../../../Engine/Plugins/Runtime/Database/DatabaseSupport/DatabaseSupport.uplugin" 153
"../../../Engine/Plugins/Runtime/Database/RemoteDatabaseSupport/RemoteDatabaseSupport.uplugin" 154
"../../../Engine/Plugins/Runtime/Database/SQLiteCore/SQLiteCore.uplugin" 155
"../../../Engine/Plugins/Runtime/Database/SQLiteSupport/SQLiteSupport.uplugin" 156
"../../../Engine/Plugins/Runtime/EditableMesh/EditableMesh.uplugin" 157
"../../../Engine/Plugins/Runtime/ExampleDeviceProfileSelector/ExampleDeviceProfileSelector.uplugin" 158
"../../../Engine/Plugins/Runtime/Firebase/Firebase.uplugin" 159
"../../../Engine/Plugins/Runtime/GameplayAbilities/GameplayAbilities.uplugin" 160
"../../../Engine/Plugins/Runtime/GoogleCloudMessaging/GoogleCloudMessaging.uplugin" 161
"../../../Engine/Plugins/Runtime/GoogleVR/GoogleVRController/GoogleVRController.uplugin" 162
"../../../Engine/Plugins/Runtime/GoogleVR/GoogleVRHMD/GoogleVRHMD.uplugin" 163
"../../../Engine/Plugins/Runtime/GoogleVR/GoogleVRTransition2D/GoogleVRTransition2D.uplugin" 164
"../../../Engine/Plugins/Runtime/HTTPChunkInstaller/HTTPChunkInstaller.uplugin" 165
"../../../Engine/Plugins/Runtime/IOSDeviceProfileSelector/IOSDeviceProfileSelector.uplugin" 166
"../../../Engine/Plugins/Runtime/LeapMotion/LeapMotion.uplugin" 167
"../../../Engine/Plugins/Runtime/LinuxDeviceProfileSelector/LinuxDeviceProfileSelector.uplugin" 168
"../../../Engine/Plugins/Runtime/LocationServicesAndroidImpl/LocationServicesAndroidImpl.uplugin" 169
"../../../Engine/Plugins/Runtime/LocationServicesBPLibrary/LocationServicesBPLibrary.uplugin" 170
"../../../Engine/Plugins/Runtime/LocationServicesIOSImpl/LocationServicesIOSImpl.uplugin" 171
"../../../Engine/Plugins/Runtime/MeshReconstruction/DummyMeshReconstructor/DummyMeshReconstructor.uplugin" 172
"../../../Engine/Plugins/Runtime/MIDIDevice/MIDIDevice.uplugin" 173
"../../../Engine/Plugins/Runtime/MixedRealityCaptureFramework/MixedRealityCaptureFramework.uplugin" 174
"../../../Engine/Plugins/Runtime/MobilePatchingUtils/MobilePatchingUtils.uplugin" 175
"../../../Engine/Plugins/Runtime/nDisplay/nDisplay.uplugin" 176
"../../../Engine/Plugins/Runtime/Nvidia/Ansel/Ansel.uplugin" 177
"../../../Engine/Plugins/Runtime/Oculus/OculusAudio/OculusAudio.uplugin" 178
"../../../Engine/Plugins/Runtime/Oculus/OculusAvatar/OculusAvatar.uplugin" 179
"../../../Engine/Plugins/Runtime/Oculus/OculusVR/OculusVR.uplugin" 180
"../../../Engine/Plugins/Runtime/OpenXR/OpenXR.uplugin" 181
"../../../Engine/Plugins/Runtime/OptionalMobileFeaturesBPLibrary/OptionalMobileFeaturesBPLibrary.uplugin" 182
"../../../Engine/Plugins/Runtime/PacketHandlers/AESHandlerComponent/AESHandlerComponent.uplugin" 183
"../../../Engine/Plugins/Runtime/PhysXVehicles/PhysXVehicles.uplugin" 184
"../../../Engine/Plugins/Runtime/PreLoadScreenMoviePlayer/PreLoadScreenMoviePlayer.uplugin" 185
"../../../Engine/Plugins/Runtime/ProceduralMeshComponent/ProceduralMeshComponent.uplugin" 186
"../../../Engine/Plugins/Runtime/ReplicationGraph/ReplicationGraph.uplugin" 187
"../../../Engine/Plugins/Runtime/ResonanceAudio/ResonanceAudio.uplugin" 188
"../../../Engine/Plugins/Runtime/RuntimePhysXCooking/RuntimePhysXCooking.uplugin" 189
"../../../Engine/Plugins/Runtime/SignificanceManager/SignificanceManager.uplugin" 190
"../../../Engine/Plugins/Runtime/SoundMod/SoundMod.uplugin" 191
"../../../Engine/Plugins/Runtime/SoundUtilities/SoundUtilities.uplugin" 192
"../../../Engine/Plugins/Runtime/SoundVisualizations/SoundVisualizations.uplugin" 193
"../../../Engine/Plugins/Runtime/Spatialization/Spatialization.uplugin" 194
"../../../Engine/Plugins/Runtime/Steam/SteamAudio/SteamAudio.uplugin" 195
"../../../Engine/Plugins/Runtime/Steam/SteamController/SteamController.uplugin" 196
"../../../Engine/Plugins/Runtime/Steam/SteamVR/SteamVR.uplugin" 197
"../../../Engine/Plugins/Runtime/SunPosition/SunPosition.uplugin" 198
"../../../Engine/Plugins/Runtime/Synthesis/Synthesis.uplugin" 199
"../../../Engine/Plugins/Runtime/TimeSynth/TimeSynth.uplugin" 200
"../../../Engine/Plugins/Runtime/WebBrowserWidget/WebBrowserWidget.uplugin" 201
"../../../Engine/Plugins/Runtime/WebMMoviePlayer/WebMMoviePlayer.uplugin" 202
"../../../Engine/Plugins/Runtime/WindowsDeviceProfileSelector/WindowsDeviceProfileSelector.uplugin" 203
"../../../Engine/Plugins/Runtime/WindowsMixedReality/WindowsMixedReality.uplugin" 204
"../../../Engine/Plugins/Runtime/WindowsMoviePlayer/WindowsMoviePlayer.uplugin" 205
"../../../Engine/Plugins/ScriptPlugin/ScriptPlugin.uplugin" 206
"../../../Engine/Plugins/Slate/SlateRemote/SlateRemote.uplugin" 207
"../../../Engine/Plugins/Tests/EditorTests/EditorTests.uplugin" 208
"../../../Engine/Plugins/Tests/FbxAutomationTestBuilder/FbxAutomationTestBuilder.uplugin" 209
"../../../Engine/Plugins/Tests/FunctionalTestingEditor/FunctionalTestingEditor.uplugin" 210
"../../../Engine/Plugins/Tests/RuntimeTests/RuntimeTests.uplugin" 211
"../../../Engine/Plugins/Tests/ScreenshotTools/ScreenshotTools.uplugin" 212
"../../../Engine/Plugins/VirtualProduction/Takes/Takes.uplugin" 213
"../../../Engine/Content/Internationalization/icudt53l/cnvalias.icu" 214
"../../../Engine/Content/Internationalization/icudt53l/res_index.res" 215
"../../../Engine/Content/Internationalization/icudt53l/plurals.res" 216
"../../../Engine/Content/Internationalization/icudt53l/lang/en.res" 217
"../../../Engine/Content/Internationalization/icudt53l/lang/pool.res" 218
"../../../Engine/Content/Internationalization/icudt53l/lang/root.res" 219
"../../../Engine/Content/Internationalization/icudt53l/region/en.res" 220
"../../../Engine/Content/Internationalization/icudt53l/region/pool.res" 221
"../../../Engine/Content/Internationalization/icudt53l/region/root.res" 222
"../../../Engine/Content/Internationalization/icudt53l/windowsZones.res" 223
"../../../Engine/Content/Internationalization/icudt53l/zoneinfo64.res" 224
"../../../Engine/Content/Internationalization/icudt53l/keyTypeData.res" 225
"../../../Engine/Content/Internationalization/icudt53l/timezoneTypes.res" 226
"../../../Engine/Content/Internationalization/icudt53l/en_US.res" 227
"../../../Engine/Content/Internationalization/icudt53l/pool.res" 228
"../../../Engine/Content/Internationalization/icudt53l/en.res" 229
"../../../Engine/Content/Internationalization/icudt53l/root.res" 230
"C:/Users/markel.p/AppData/Local/UnrealEngine/4.22/Saved/Config/Windows/Manifest.ini" 231
"../../../Engine/Config/Linux/DataDrivenPlatformInfo.ini" 232
"../../../Engine/Config/Lumin/DataDrivenPlatformInfo.ini" 233
"../../../Engine/Config/Base.ini" 234
"../../../Engine/Config/BaseEngine.ini" 235
"C:/Users/markel.p/Desktop/gam400_github/2019-Fall-FPS/Astra/Config/DefaultEngine.ini" 236
"../../../Engine/Config/Windows/WindowsEngine.ini" 237
"C:/Users/markel.p/Desktop/gam400_github/2019-Fall-FPS/Astra/Saved/Config/Windows/Engine.ini" 238
"../../../../../../Users/markel.p/Desktop/gam400_github/2019-Fall-FPS/Astra/Intermediate/Config/CoalescedSourceConfigs/Engine.ini" 239
"../../../Engine/Config/BaseGame.ini" 240
"C:/Users/markel.p/Desktop/gam400_github/2019-Fall-FPS/Astra/Config/DefaultGame.ini" 241
"../../../Engine/Config/Windows/WindowsGame.ini" 242
"C:/Users/markel.p/Desktop/gam400_github/2019-Fall-FPS/Astra/Saved/Config/Windows/Game.ini" 243
"../../../../../../Users/markel.p/Desktop/gam400_github/2019-Fall-FPS/Astra/Intermediate/Config/CoalescedSourceConfigs/Game.ini" 244
"../../../Engine/Config/BaseInput.ini" 245
"C:/Users/markel.p/Desktop/gam400_github/2019-Fall-FPS/Astra/Config/DefaultInput.ini" 246
"C:/Users/markel.p/Desktop/gam400_github/2019-Fall-FPS/Astra/Saved/Config/Windows/Input.ini" 247
"../../../../../../Users/markel.p/Desktop/gam400_github/2019-Fall-FPS/Astra/Intermediate/Config/CoalescedSourceConfigs/Input.ini" 248
"../../../Engine/Config/BaseEditor.ini" 249
"C:/Users/markel.p/Desktop/gam400_github/2019-Fall-FPS/Astra/Config/DefaultEditor.ini" 250
"C:/Users/markel.p/Desktop/gam400_github/2019-Fall-FPS/Astra/Saved/Config/Windows/Editor.ini" 251
"../../../../../../Users/markel.p/Desktop/gam400_github/2019-Fall-FPS/Astra/Intermediate/Config/CoalescedSourceConfigs/Editor.ini" 252
"../../../Engine/Config/BaseEditorPerProjectUserSettings.ini" 253
"C:/Users/markel.p/Desktop/gam400_github/2019-Fall-FPS/Astra/Saved/Config/Windows/EditorPerProjectUserSettings.ini" 254
"../../../../../../Users/markel.p/Desktop/gam400_github/2019-Fall-FPS/Astra/Intermediate/Config/CoalescedSourceConfigs/EditorPerProjectUserSettings.ini" 255
"../../../Engine/Config/BaseEditorSettings.ini" 256
"C:/Users/markel.p/Desktop/gam400_github/2019-Fall-FPS/Astra/Config/DefaultEditorSettings.ini" 257
"C:/Users/markel.p/AppData/Local/UnrealEngine/4.22/Saved/Config/Windows/EditorSettings.ini" 258
"../../../../../../Users/markel.p/Desktop/gam400_github/2019-Fall-FPS/Astra/Intermediate/Config/CoalescedSourceConfigs/EditorSettings.ini" 259
"../../../Engine/Config/BaseEditorLayout.ini" 260
"C:/Users/markel.p/AppData/Local/UnrealEngine/4.22/Saved/Config/Windows/EditorLayout.ini" 261
"../../../../../../Users/markel.p/Desktop/gam400_github/2019-Fall-FPS/Astra/Intermediate/Config/CoalescedSourceConfigs/EditorLayout.ini" 262
"../../../Engine/Config/BaseEditorKeyBindings.ini" 263
"C:/Users/markel.p/AppData/Local/UnrealEngine/4.22/Saved/Config/Windows/EditorKeyBindings.ini" 264
"../../../../../../Users/markel.p/Desktop/gam400_github/2019-Fall-FPS/Astra/Intermediate/Config/CoalescedSourceConfigs/EditorKeyBindings.ini" 265
"../../../Engine/Config/BaseCompat.ini" 266
"C:/Users/markel.p/Desktop/gam400_github/2019-Fall-FPS/Astra/Saved/Config/Windows/Compat.ini" 267
"../../../../../../Users/markel.p/Desktop/gam400_github/2019-Fall-FPS/Astra/Intermediate/Config/CoalescedSourceConfigs/Compat.ini" 268
"../../../Engine/Config/BaseLightmass.ini" 269
"C:/Users/markel.p/Desktop/gam400_github/2019-Fall-FPS/Astra/Saved/Config/Windows/Lightmass.ini" 270
"../../../../../../Users/markel.p/Desktop/gam400_github/2019-Fall-FPS/Astra/Intermediate/Config/CoalescedSourceConfigs/Lightmass.ini" 271
"../../../Engine/Config/BaseScalability.ini" 272
"C:/Users/markel.p/Desktop/gam400_github/2019-Fall-FPS/Astra/Saved/Config/Windows/Scalability.ini" 273
"../../../../../../Users/markel.p/Desktop/gam400_github/2019-Fall-FPS/Astra/Intermediate/Config/CoalescedSourceConfigs/Scalability.ini" 274
"../../../Engine/Config/BaseHardware.ini" 275
"C:/Users/markel.p/Desktop/gam400_github/2019-Fall-FPS/Astra/Saved/Config/Windows/Hardware.ini" 276
"../../../../../../Users/markel.p/Desktop/gam400_github/2019-Fall-FPS/Astra/Intermediate/Config/CoalescedSourceConfigs/Hardware.ini" 277
"../../../Engine/Config/BaseGameUserSettings.ini" 278
"C:/Users/markel.p/Desktop/gam400_github/2019-Fall-FPS/Astra/Saved/Config/Windows/GameUserSettings.ini" 279
"../../../../../../Users/markel.p/Desktop/gam400_github/2019-Fall-FPS/Astra/Intermediate/Config/CoalescedSourceConfigs/GameUserSettings.ini" 280
"../../../Engine/Plugins/2D/Paper2D/Config/BasePaper2D.ini" 281
"C:/Users/markel.p/Desktop/gam400_github/2019-Fall-FPS/Astra/Saved/Config/Windows/Paper2D.ini" 282
"../../../../../../Users/markel.p/Desktop/gam400_github/2019-Fall-FPS/Astra/Intermediate/Config/CoalescedSourceConfigs/Paper2D.ini" 283
"../../../../../../Users/markel.p/Desktop/gam400_github/2019-Fall-FPS/Astra/Intermediate/Config/CoalescedSourceConfigs/AISupport.ini" 284
"../../../../../../Users/markel.p/Desktop/gam400_github/2019-Fall-FPS/Astra/Intermediate/Config/CoalescedSourceConfigs/LightPropagationVolume.ini" 285
"../../../../../../Users/markel.p/Desktop/gam400_github/2019-Fall-FPS/Astra/Intermediate/Config/CoalescedSourceConfigs/ActorLayerUtilities.ini" 286
"../../../../../../Users/markel.p/Desktop/gam400_github/2019-Fall-FPS/Astra/Intermediate/Config/CoalescedSourceConfigs/AnimationSharing.ini" 287
"../../../../../../Users/markel.p/Desktop/gam400_github/2019-Fall-FPS/Astra/Intermediate/Config/CoalescedSourceConfigs/CLionSourceCodeAccess.ini" 288
"../../../../../../Users/markel.p/Desktop/gam400_github/2019-Fall-FPS/Astra/Intermediate/Config/CoalescedSourceConfigs/CodeLiteSourceCodeAccess.ini" 289
"../../../../../../Users/markel.p/Desktop/gam400_github/2019-Fall-FPS/Astra/Intermediate/Config/CoalescedSourceConfigs/GitSourceControl.ini" 290
"../../../../../../Users/markel.p/Desktop/gam400_github/2019-Fall-FPS/Astra/Intermediate/Config/CoalescedSourceConfigs/KDevelopSourceCodeAccess.ini" 291
"../../../../../../Users/markel.p/Desktop/gam400_github/2019-Fall-FPS/Astra/Intermediate/Config/CoalescedSourceConfigs/NullSourceCodeAccess.ini" 292
"../../../../../../Users/markel.p/Desktop/gam400_github/2019-Fall-FPS/Astra/Intermediate/Config/CoalescedSourceConfigs/PerforceSourceControl.ini" 293
"../../../../../../Users/markel.p/Desktop/gam400_github/2019-Fall-FPS/Astra/Intermediate/Config/CoalescedSourceConfigs/SubversionSourceControl.ini" 294
"../../../../../../Users/markel.p/Desktop/gam400_github/2019-Fall-FPS/Astra/Intermediate/Config/CoalescedSourceConfigs/UObjectPlugin.ini" 295
"../../../../../../Users/markel.p/Desktop/gam400_github/2019-Fall-FPS/Astra/Intermediate/Config/CoalescedSourceConfigs/VisualStudioCodeSourceCodeAccess.ini" 296
"../../../../../../Users/markel.p/Desktop/gam400_github/2019-Fall-FPS/Astra/Intermediate/Config/CoalescedSourceConfigs/VisualStudioSourceCodeAccess.ini" 297
"../../../../../../Users/markel.p/Desktop/gam400_github/2019-Fall-FPS/Astra/Intermediate/Config/CoalescedSourceConfigs/XCodeSourceCodeAccess.ini" 298
"../../../../../../Users/markel.p/Desktop/gam400_github/2019-Fall-FPS/Astra/Intermediate/Config/CoalescedSourceConfigs/AssetManagerEditor.ini" 299
"../../../../../../Users/markel.p/Desktop/gam400_github/2019-Fall-FPS/Astra/Intermediate/Config/CoalescedSourceConfigs/CryptoKeys.ini" 300
"../../../../../../Users/markel.p/Desktop/gam400_github/2019-Fall-FPS/Astra/Intermediate/Config/CoalescedSourceConfigs/DataValidation.ini" 301
"../../../../../../Users/markel.p/Desktop/gam400_github/2019-Fall-FPS/Astra/Intermediate/Config/CoalescedSourceConfigs/FacialAnimation.ini" 302
"../../../../../../Users/markel.p/Desktop/gam400_github/2019-Fall-FPS/Astra/Intermediate/Config/CoalescedSourceConfigs/GameplayTagsEditor.ini" 303
"../../../../../../Users/markel.p/Desktop/gam400_github/2019-Fall-FPS/Astra/Intermediate/Config/CoalescedSourceConfigs/MacGraphicsSwitching.ini" 304
"../../../../../../Users/markel.p/Desktop/gam400_github/2019-Fall-FPS/Astra/Intermediate/Config/CoalescedSourceConfigs/MaterialAnalyzer.ini" 305
"../../../../../../Users/markel.p/Desktop/gam400_github/2019-Fall-FPS/Astra/Intermediate/Config/CoalescedSourceConfigs/MobileLauncherProfileWizard.ini" 306
"../../../../../../Users/markel.p/Desktop/gam400_github/2019-Fall-FPS/Astra/Intermediate/Config/CoalescedSourceConfigs/PluginBrowser.ini" 307
"../../../../../../Users/markel.p/Desktop/gam400_github/2019-Fall-FPS/Astra/Intermediate/Config/CoalescedSourceConfigs/SpeedTreeImporter.ini" 308
"../../../../../../Users/markel.p/Desktop/gam400_github/2019-Fall-FPS/Astra/Intermediate/Config/CoalescedSourceConfigs/DatasmithContent.ini" 309
"../../../../../../Users/markel.p/Desktop/gam400_github/2019-Fall-FPS/Astra/Intermediate/Config/CoalescedSourceConfigs/VariantManagerContent.ini" 310
"../../../../../../Users/markel.p/Desktop/gam400_github/2019-Fall-FPS/Astra/Intermediate/Config/CoalescedSourceConfigs/AlembicImporter.ini" 311
"../../../../../../Users/markel.p/Desktop/gam400_github/2019-Fall-FPS/Astra/Intermediate/Config/CoalescedSourceConfigs/AppleImageUtils.ini" 312
"../../../../../../Users/markel.p/Desktop/gam400_github/2019-Fall-FPS/Astra/Intermediate/Config/CoalescedSourceConfigs/AppleVision.ini" 313
"../../../../../../Users/markel.p/Desktop/gam400_github/2019-Fall-FPS/Astra/Intermediate/Config/CoalescedSourceConfigs/BackChannel.ini" 314
"../../../../../../Users/markel.p/Desktop/gam400_github/2019-Fall-FPS/Astra/Intermediate/Config/CoalescedSourceConfigs/CharacterAI.ini" 315
"../../../../../../Users/markel.p/Desktop/gam400_github/2019-Fall-FPS/Astra/Intermediate/Config/CoalescedSourceConfigs/GeometryCache.ini" 316
"../../../../../../Users/markel.p/Desktop/gam400_github/2019-Fall-FPS/Astra/Intermediate/Config/CoalescedSourceConfigs/HTML5Networking.ini" 317
"../../../../../../Users/markel.p/Desktop/gam400_github/2019-Fall-FPS/Astra/Intermediate/Config/CoalescedSourceConfigs/ProxyLODPlugin.ini" 318
"../../../../../../Users/markel.p/Desktop/gam400_github/2019-Fall-FPS/Astra/Intermediate/Config/CoalescedSourceConfigs/SkeletalReduction.ini" 319
"../../../Engine/Plugins/FX/Niagara/Config/BaseNiagara.ini" 320
"C:/Users/markel.p/Desktop/gam400_github/2019-Fall-FPS/Astra/Saved/Config/Windows/Niagara.ini" 321
"../../../../../../Users/markel.p/Desktop/gam400_github/2019-Fall-FPS/Astra/Intermediate/Config/CoalescedSourceConfigs/Niagara.ini" 322
"../../../Engine/Plugins/Lumin/MagicLeap/Config/BaseMagicLeap.ini" 323
"C:/Users/markel.p/Desktop/gam400_github/2019-Fall-FPS/Astra/Saved/Config/Windows/MagicLeap.ini" 324
"../../../../../../Users/markel.p/Desktop/gam400_github/2019-Fall-FPS/Astra/Intermediate/Config/CoalescedSourceConfigs/MagicLeap.ini" 325
"../../../../../../Users/markel.p/Desktop/gam400_github/2019-Fall-FPS/Astra/Intermediate/Config/CoalescedSourceConfigs/MagicLeapMedia.ini" 326
"../../../../../../Users/markel.p/Desktop/gam400_github/2019-Fall-FPS/Astra/Intermediate/Config/CoalescedSourceConfigs/AndroidMedia.ini" 327
"../../../../../../Users/markel.p/Desktop/gam400_github/2019-Fall-FPS/Astra/Intermediate/Config/CoalescedSourceConfigs/AvfMedia.ini" 328
"../../../../../../Users/markel.p/Desktop/gam400_github/2019-Fall-FPS/Astra/Intermediate/Config/CoalescedSourceConfigs/ImgMedia.ini" 329
"../../../../../../Users/markel.p/Desktop/gam400_github/2019-Fall-FPS/Astra/Intermediate/Config/CoalescedSourceConfigs/LinearTimecode.ini" 330
"../../../../../../Users/markel.p/Desktop/gam400_github/2019-Fall-FPS/Astra/Intermediate/Config/CoalescedSourceConfigs/MediaCompositing.ini" 331
"../../../../../../Users/markel.p/Desktop/gam400_github/2019-Fall-FPS/Astra/Intermediate/Config/CoalescedSourceConfigs/MediaPlayerEditor.ini" 332
"../../../../../../Users/markel.p/Desktop/gam400_github/2019-Fall-FPS/Astra/Intermediate/Config/CoalescedSourceConfigs/WebMMedia.ini" 333
"../../../../../../Users/markel.p/Desktop/gam400_github/2019-Fall-FPS/Astra/Intermediate/Config/CoalescedSourceConfigs/WmfMedia.ini" 334
"../../../../../../Users/markel.p/Desktop/gam400_github/2019-Fall-FPS/Astra/Intermediate/Config/CoalescedSourceConfigs/TcpMessaging.ini" 335
"../../../../../../Users/markel.p/Desktop/gam400_github/2019-Fall-FPS/Astra/Intermediate/Config/CoalescedSourceConfigs/UdpMessaging.ini" 336
"../../../../../../Users/markel.p/Desktop/gam400_github/2019-Fall-FPS/Astra/Intermediate/Config/CoalescedSourceConfigs/ActorSequence.ini" 337
"../../../../../../Users/markel.p/Desktop/gam400_github/2019-Fall-FPS/Astra/Intermediate/Config/CoalescedSourceConfigs/LevelSequenceEditor.ini" 338
"../../../../../../Users/markel.p/Desktop/gam400_github/2019-Fall-FPS/Astra/Intermediate/Config/CoalescedSourceConfigs/MatineeToLevelSequence.ini" 339
"../../../../../../Users/markel.p/Desktop/gam400_github/2019-Fall-FPS/Astra/Intermediate/Config/CoalescedSourceConfigs/NetcodeUnitTest.ini" 340
"../../../../../../Users/markel.p/Desktop/gam400_github/2019-Fall-FPS/Astra/Intermediate/Config/CoalescedSourceConfigs/NUTUnrealEngine4.ini" 341
"../../../../../../Users/markel.p/Desktop/gam400_github/2019-Fall-FPS/Astra/Intermediate/Config/CoalescedSourceConfigs/OnlineSubsystemGooglePlay.ini" 342
"../../../../../../Users/markel.p/Desktop/gam400_github/2019-Fall-FPS/Astra/Intermediate/Config/CoalescedSourceConfigs/OnlineSubsystemIOS.ini" 343
"../../../../../../Users/markel.p/Desktop/gam400_github/2019-Fall-FPS/Astra/Intermediate/Config/CoalescedSourceConfigs/OnlineSubsystem.ini" 344
"../../../../../../Users/markel.p/Desktop/gam400_github/2019-Fall-FPS/Astra/Intermediate/Config/CoalescedSourceConfigs/OnlineSubsystemNull.ini" 345
"../../../../../../Users/markel.p/Desktop/gam400_github/2019-Fall-FPS/Astra/Intermediate/Config/CoalescedSourceConfigs/OnlineSubsystemUtils.ini" 346
"../../../../../../Users/markel.p/Desktop/gam400_github/2019-Fall-FPS/Astra/Intermediate/Config/CoalescedSourceConfigs/LauncherChunkInstaller.ini" 347
"../../../../../../Users/markel.p/Desktop/gam400_github/2019-Fall-FPS/Astra/Intermediate/Config/CoalescedSourceConfigs/AndroidDeviceProfileSelector.ini" 348
"../../../../../../Users/markel.p/Desktop/gam400_github/2019-Fall-FPS/Astra/Intermediate/Config/CoalescedSourceConfigs/AndroidMoviePlayer.ini" 349
"../../../../../../Users/markel.p/Desktop/gam400_github/2019-Fall-FPS/Astra/Intermediate/Config/CoalescedSourceConfigs/AndroidPermission.ini" 350
"../../../Engine/Plugins/Runtime/ApexDestruction/Config/BaseApexDestruction.ini" 351
"C:/Users/markel.p/Desktop/gam400_github/2019-Fall-FPS/Astra/Saved/Config/Windows/ApexDestruction.ini" 352
"../../../../../../Users/markel.p/Desktop/gam400_github/2019-Fall-FPS/Astra/Intermediate/Config/CoalescedSourceConfigs/ApexDestruction.ini" 353
"../../../../../../Users/markel.p/Desktop/gam400_github/2019-Fall-FPS/Astra/Intermediate/Config/CoalescedSourceConfigs/AppleMoviePlayer.ini" 354
"../../../../../../Users/markel.p/Desktop/gam400_github/2019-Fall-FPS/Astra/Intermediate/Config/CoalescedSourceConfigs/ArchVisCharacter.ini" 355
"../../../../../../Users/markel.p/Desktop/gam400_github/2019-Fall-FPS/Astra/Intermediate/Config/CoalescedSourceConfigs/AudioCapture.ini" 356
"../../../../../../Users/markel.p/Desktop/gam400_github/2019-Fall-FPS/Astra/Intermediate/Config/CoalescedSourceConfigs/CableComponent.ini" 357
"../../../../../../Users/markel.p/Desktop/gam400_github/2019-Fall-FPS/Astra/Intermediate/Config/CoalescedSourceConfigs/CustomMeshComponent.ini" 358
"../../../../../../Users/markel.p/Desktop/gam400_github/2019-Fall-FPS/Astra/Intermediate/Config/CoalescedSourceConfigs/EditableMesh.ini" 359
"../../../../../../Users/markel.p/Desktop/gam400_github/2019-Fall-FPS/Astra/Intermediate/Config/CoalescedSourceConfigs/ExampleDeviceProfileSelector.ini" 360
"../../../../../../Users/markel.p/Desktop/gam400_github/2019-Fall-FPS/Astra/Intermediate/Config/CoalescedSourceConfigs/Firebase.ini" 361
"../../../../../../Users/markel.p/Desktop/gam400_github/2019-Fall-FPS/Astra/Intermediate/Config/CoalescedSourceConfigs/GoogleCloudMessaging.ini" 362
"../../../../../../Users/markel.p/Desktop/gam400_github/2019-Fall-FPS/Astra/Intermediate/Config/CoalescedSourceConfigs/IOSDeviceProfileSelector.ini" 363
"../../../../../../Users/markel.p/Desktop/gam400_github/2019-Fall-FPS/Astra/Intermediate/Config/CoalescedSourceConfigs/LinuxDeviceProfileSelector.ini" 364
"../../../../../../Users/markel.p/Desktop/gam400_github/2019-Fall-FPS/Astra/Intermediate/Config/CoalescedSourceConfigs/LocationServicesBPLibrary.ini" 365
"../../../../../../Users/markel.p/Desktop/gam400_github/2019-Fall-FPS/Astra/Intermediate/Config/CoalescedSourceConfigs/MobilePatchingUtils.ini" 366
"../../../Engine/Plugins/Runtime/Oculus/OculusVR/Config/BaseOculusVR.ini" 367
"C:/Users/markel.p/Desktop/gam400_github/2019-Fall-FPS/Astra/Saved/Config/Windows/OculusVR.ini" 368
"../../../../../../Users/markel.p/Desktop/gam400_github/2019-Fall-FPS/Astra/Intermediate/Config/CoalescedSourceConfigs/OculusVR.ini" 369
"../../../Engine/Plugins/Runtime/PhysXVehicles/Config/BasePhysXVehicles.ini" 370
"C:/Users/markel.p/Desktop/gam400_github/2019-Fall-FPS/Astra/Saved/Config/Windows/PhysXVehicles.ini" 371
"../../../../../../Users/markel.p/Desktop/gam400_github/2019-Fall-FPS/Astra/Intermediate/Config/CoalescedSourceConfigs/PhysXVehicles.ini" 372
"../../../../../../Users/markel.p/Desktop/gam400_github/2019-Fall-FPS/Astra/Intermediate/Config/CoalescedSourceConfigs/ProceduralMeshComponent.ini" 373
"../../../../../../Users/markel.p/Desktop/gam400_github/2019-Fall-FPS/Astra/Intermediate/Config/CoalescedSourceConfigs/RuntimePhysXCooking.ini" 374
"../../../../../../Users/markel.p/Desktop/gam400_github/2019-Fall-FPS/Astra/Intermediate/Config/CoalescedSourceConfigs/SignificanceManager.ini" 375
"../../../../../../Users/markel.p/Desktop/gam400_github/2019-Fall-FPS/Astra/Intermediate/Config/CoalescedSourceConfigs/SteamVR.ini" 376
"../../../../../../Users/markel.p/Desktop/gam400_github/2019-Fall-FPS/Astra/Intermediate/Config/CoalescedSourceConfigs/WebMMoviePlayer.ini" 377
"../../../../../../Users/markel.p/Desktop/gam400_github/2019-Fall-FPS/Astra/Intermediate/Config/CoalescedSourceConfigs/WindowsMoviePlayer.ini" 378
"../../../Engine/Plugins/FX/Niagara/Binaries/Win64/UE4Editor.modules" 379
"../../../Engine/Plugins/Runtime/ApexDestruction/Binaries/Win64/UE4Editor.modules" 380
"../../../Engine/Plugins/2D/Paper2D/Binaries/Win64/UE4Editor.modules" 381
"../../../Engine/Plugins/AI/AISupport/Binaries/Win64/UE4Editor.modules" 382
"../../../Engine/Plugins/Blendables/LightPropagationVolume/Binaries/Win64/UE4Editor.modules" 383
"../../../Engine/Plugins/Developer/ActorLayerUtilities/Binaries/Win64/UE4Editor.modules" 384
"../../../Engine/Plugins/Developer/AnimationSharing/Binaries/Win64/UE4Editor.modules" 385
"../../../Engine/Plugins/Runtime/SignificanceManager/Binaries/Win64/UE4Editor.modules" 386
"../../../Engine/Plugins/Developer/CLionSourceCodeAccess/Binaries/Win64/UE4Editor.modules" 387
"../../../Engine/Plugins/Developer/GitSourceControl/Binaries/Win64/UE4Editor.modules" 388
"../../../Engine/Plugins/Developer/PerforceSourceControl/Binaries/Win64/UE4Editor.modules" 389
"../../../Engine/Plugins/Developer/SubversionSourceControl/Binaries/Win64/UE4Editor.modules" 390
"../../../Engine/Plugins/Developer/UObjectPlugin/Binaries/Win64/UE4Editor.modules" 391
"../../../Engine/Plugins/Developer/VisualStudioCodeSourceCodeAccess/Binaries/Win64/UE4Editor.modules" 392
"../../../Engine/Plugins/Developer/VisualStudioSourceCodeAccess/Binaries/Win64/UE4Editor.modules" 393
"../../../Engine/Plugins/Editor/AssetManagerEditor/Binaries/Win64/UE4Editor.modules" 394
"../../../Engine/Plugins/Editor/CryptoKeys/Binaries/Win64/UE4Editor.modules" 395
"../../../Engine/Plugins/Editor/DataValidation/Binaries/Win64/UE4Editor.modules" 396
"../../../Engine/Plugins/Editor/FacialAnimation/Binaries/Win64/UE4Editor.modules" 397
"../../../Engine/Plugins/Editor/GameplayTagsEditor/Binaries/Win64/UE4Editor.modules" 398
"../../../Engine/Plugins/Editor/MaterialAnalyzer/Binaries/Win64/UE4Editor.modules" 399
"../../../Engine/Plugins/Editor/MobileLauncherProfileWizard/Binaries/Win64/UE4Editor.modules" 400
"../../../Engine/Plugins/Editor/PluginBrowser/Binaries/Win64/UE4Editor.modules" 401
"../../../Engine/Plugins/Editor/SpeedTreeImporter/Binaries/Win64/UE4Editor.modules" 402
"../../../Engine/Plugins/Enterprise/DatasmithContent/Binaries/Win64/UE4Editor.modules" 403
"../../../Engine/Plugins/Enterprise/VariantManagerContent/Binaries/Win64/UE4Editor.modules" 404
"../../../Engine/Plugins/Experimental/AlembicImporter/Binaries/Win64/UE4Editor.modules" 405
"../../../Engine/Plugins/Experimental/GeometryCache/Binaries/Win64/UE4Editor.modules" 406
"../../../Engine/Plugins/Experimental/AppleImageUtils/Binaries/Win64/UE4Editor.modules" 407
"../../../Engine/Plugins/Experimental/AppleVision/Binaries/Win64/UE4Editor.modules" 408
"../../../Engine/Plugins/Experimental/BackChannel/Binaries/Win64/UE4Editor.modules" 409
"../../../Engine/Plugins/Experimental/CharacterAI/Binaries/Win64/UE4Editor.modules" 410
"../../../Engine/Plugins/Experimental/HTML5Networking/Binaries/Win64/UE4Editor.modules" 411
"../../../Engine/Plugins/Experimental/ProxyLODPlugin/Binaries/Win64/UE4Editor.modules" 412
"../../../Engine/Plugins/Experimental/SkeletalReduction/Binaries/Win64/UE4Editor.modules" 413
"../../../Engine/Plugins/Lumin/MagicLeap/Binaries/Win64/UE4Editor.modules" 414
"../../../Engine/Plugins/Runtime/ProceduralMeshComponent/Binaries/Win64/UE4Editor.modules" 415
"../../../Engine/Plugins/Lumin/MagicLeapMedia/Binaries/Win64/UE4Editor.modules" 416
"../../../Engine/Plugins/Media/AndroidMedia/Binaries/Win64/UE4Editor.modules" 417
"../../../Engine/Plugins/Media/AvfMedia/Binaries/Win64/UE4Editor.modules" 418
"../../../Engine/Plugins/Media/ImgMedia/Binaries/Win64/UE4Editor.modules" 419
"../../../Engine/Plugins/Media/LinearTimecode/Binaries/Win64/UE4Editor.modules" 420
"../../../Engine/Plugins/Media/MediaCompositing/Binaries/Win64/UE4Editor.modules" 421
"../../../Engine/Plugins/Media/MediaPlayerEditor/Binaries/Win64/UE4Editor.modules" 422
"../../../Engine/Plugins/Media/WmfMedia/Binaries/Win64/UE4Editor.modules" 423
"../../../Engine/Plugins/Messaging/TcpMessaging/Binaries/Win64/UE4Editor.modules" 424
"../../../Engine/Plugins/Messaging/UdpMessaging/Binaries/Win64/UE4Editor.modules" 425
"../../../Engine/Plugins/MovieScene/ActorSequence/Binaries/Win64/UE4Editor.modules" 426
"../../../Engine/Plugins/MovieScene/LevelSequenceEditor/Binaries/Win64/UE4Editor.modules" 427
"../../../Engine/Plugins/MovieScene/MatineeToLevelSequence/Binaries/Win64/UE4Editor.modules" 428
"../../../Engine/Plugins/NetcodeUnitTest/NetcodeUnitTest/Binaries/Win64/UE4Editor.modules" 429
"../../../Engine/Plugins/NetcodeUnitTest/NUTUnrealEngine4/Binaries/Win64/UE4Editor.modules" 430
"../../../Engine/Plugins/Online/OnlineSubsystem/Binaries/Win64/UE4Editor.modules" 431
"../../../Engine/Plugins/Runtime/AndroidPermission/Binaries/Win64/UE4Editor.modules" 432
"../../../Engine/Plugins/Online/OnlineSubsystemNull/Binaries/Win64/UE4Editor.modules" 433
"../../../Engine/Plugins/Online/OnlineSubsystemUtils/Binaries/Win64/UE4Editor.modules" 434
"../../../Engine/Plugins/Portal/LauncherChunkInstaller/Binaries/Win64/UE4Editor.modules" 435
"../../../Engine/Plugins/Runtime/AndroidDeviceProfileSelector/Binaries/Win64/UE4Editor.modules" 436
"../../../Engine/Plugins/Runtime/ArchVisCharacter/Binaries/Win64/UE4Editor.modules" 437
"../../../Engine/Plugins/Runtime/AudioCapture/Binaries/Win64/UE4Editor.modules" 438
"../../../Engine/Plugins/Runtime/CableComponent/Binaries/Win64/UE4Editor.modules" 439
"../../../Engine/Plugins/Runtime/CustomMeshComponent/Binaries/Win64/UE4Editor.modules" 440
"../../../Engine/Plugins/Runtime/EditableMesh/Binaries/Win64/UE4Editor.modules" 441
"../../../Engine/Plugins/Runtime/ExampleDeviceProfileSelector/Binaries/Win64/UE4Editor.modules" 442
"../../../Engine/Plugins/Runtime/LocationServicesBPLibrary/Binaries/Win64/UE4Editor.modules" 443
"../../../Engine/Plugins/Runtime/MobilePatchingUtils/Binaries/Win64/UE4Editor.modules" 444
"../../../Engine/Plugins/Runtime/Oculus/OculusVR/Binaries/Win64/UE4Editor.modules" 445
"../../../Engine/Plugins/Runtime/PhysXVehicles/Binaries/Win64/UE4Editor.modules" 446
"../../../Engine/Plugins/Runtime/RuntimePhysXCooking/Binaries/Win64/UE4Editor.modules" 447
"../../../Engine/Plugins/Runtime/Steam/SteamVR/Binaries/Win64/UE4Editor.modules" 448
"../../../Engine/Plugins/Runtime/WebMMoviePlayer/Binaries/Win64/UE4Editor.modules" 449
"../../../Engine/Plugins/Media/WebMMedia/Binaries/Win64/UE4Editor.modules" 450
"../../../Engine/Plugins/Runtime/WindowsMoviePlayer/Binaries/Win64/UE4Editor.modules" 451
"../../../Engine/Content/Certificates/ThirdParty/cacert.pem" 452
"../../../Engine/Config/BaseDeviceProfiles.ini" 453
"C:/Users/markel.p/Desktop/gam400_github/2019-Fall-FPS/Astra/Saved/Config/Windows/DeviceProfiles.ini" 454
"../../../../../../Users/markel.p/Desktop/gam400_github/2019-Fall-FPS/Astra/Intermediate/Config/CoalescedSourceConfigs/DeviceProfiles.ini" 455
"../../../Engine/Config/ConsoleVariables.ini" 456
"../../../Engine/Content/Localization/Editor/en/Editor.locres" 457
"../../../Engine/Content/Localization/EditorTutorials/en/EditorTutorials.locres" 458
"../../../Engine/Content/Localization/Keywords/en/Keywords.locres" 459
"../../../Engine/Content/Localization/Category/en/Category.locres" 460
"../../../Engine/Content/Localization/ToolTips/en/ToolTips.locres" 461
"../../../Engine/Content/Localization/PropertyNames/en/PropertyNames.locres" 462
"../../../Engine/Content/Localization/Engine/en/Engine.locres" 463
"../../../Engine/Plugins/Online/Android/OnlineSubsystemGooglePlay/Content/Localization/OnlineSubsystemGooglePlay/en/OnlineSubsystemGooglePlay.locres" 464
"../../../Engine/Plugins/Online/IOS/OnlineSubsystemIOS/Content/Localization/OnlineSubsystemIOS/en/OnlineSubsystemIOS.locres" 465
"../../../Engine/Plugins/Online/OnlineSubsystem/Content/Localization/OnlineSubsystem/en/OnlineSubsystem.locres" 466
"../../../Engine/Plugins/Online/OnlineSubsystemUtils/Content/Localization/OnlineSubsystemUtils/en/OnlineSubsystemUtils.locres" 467
"../../../Engine/Content/Internationalization/icudt53l/numberingSystems.res" 468
"../../../Engine/Content/Internationalization/icudt53l/curr/supplementalData.res" 469
"../../../Engine/Content/Internationalization/icudt53l/curr/pool.res" 470
"../../../Engine/Content/Internationalization/icudt53l/curr/en.res" 471
"../../../Engine/Content/Internationalization/icudt53l/curr/root.res" 472
"../../../Engine/Content/Internationalization/icudt53l/lang/af.res" 473
"../../../Engine/Content/Internationalization/icudt53l/region/af.res" 474
"../../../Engine/Content/Internationalization/icudt53l/lang/agq.res" 475
"../../../Engine/Content/Internationalization/icudt53l/region/agq.res" 476
"../../../Engine/Content/Internationalization/icudt53l/lang/ak.res" 477
"../../../Engine/Content/Internationalization/icudt53l/region/ak.res" 478
"../../../Engine/Content/Internationalization/icudt53l/lang/am.res" 479
"../../../Engine/Content/Internationalization/icudt53l/region/am.res" 480
"../../../Engine/Content/Internationalization/icudt53l/lang/ar.res" 481
"../../../Engine/Content/Internationalization/icudt53l/region/ar.res" 482
"../../../Engine/Content/Internationalization/icudt53l/lang/ar_EG.res" 483
"../../../Engine/Content/Internationalization/icudt53l/lang/ar_LB.res" 484
"../../../Engine/Content/Internationalization/icudt53l/lang/as.res" 485
"../../../Engine/Content/Internationalization/icudt53l/region/as.res" 486
"../../../Engine/Content/Internationalization/icudt53l/lang/asa.res" 487
"../../../Engine/Content/Internationalization/icudt53l/region/asa.res" 488
"../../../Engine/Content/Internationalization/icudt53l/lang/az.res" 489
"../../../Engine/Content/Internationalization/icudt53l/lang/az_Cyrl.res" 490
"../../../Engine/Content/Internationalization/icudt53l/lang/az_AZ.res" 491
"../../../Engine/Content/Internationalization/icudt53l/lang/az_Latn_AZ.res" 492
"../../../Engine/Content/Internationalization/icudt53l/lang/az_Latn.res" 493
"../../../Engine/Content/Internationalization/icudt53l/region/az_AZ.res" 494
"../../../Engine/Content/Internationalization/icudt53l/region/az_Latn_AZ.res" 495
"../../../Engine/Content/Internationalization/icudt53l/region/az_Latn.res" 496
"../../../Engine/Content/Internationalization/icudt53l/region/az.res" 497
"../../../Engine/Content/Internationalization/icudt53l/region/az_Cyrl.res" 498
"../../../Engine/Content/Internationalization/icudt53l/lang/bas.res" 499
"../../../Engine/Content/Internationalization/icudt53l/region/bas.res" 500
"../../../Engine/Content/Internationalization/icudt53l/lang/be.res" 501
"../../../Engine/Content/Internationalization/icudt53l/region/be.res" 502
"../../../Engine/Content/Internationalization/icudt53l/lang/bem.res" 503
"../../../Engine/Content/Internationalization/icudt53l/region/bem.res" 504
"../../../Engine/Content/Internationalization/icudt53l/lang/bez.res" 505
"../../../Engine/Content/Internationalization/icudt53l/region/bez.res" 506
"../../../Engine/Content/Internationalization/icudt53l/lang/bg.res" 507
"../../../Engine/Content/Internationalization/icudt53l/region/bg.res" 508
"../../../Engine/Content/Internationalization/icudt53l/lang/bm.res" 509
"../../../Engine/Content/Internationalization/icudt53l/region/bm.res" 510
"../../../Engine/Content/Internationalization/icudt53l/lang/bn.res" 511
"../../../Engine/Content/Internationalization/icudt53l/region/bn.res" 512
"../../../Engine/Content/Internationalization/icudt53l/lang/bn_IN.res" 513
"../../../Engine/Content/Internationalization/icudt53l/region/bn_IN.res" 514
"../../../Engine/Content/Internationalization/icudt53l/lang/bo.res" 515
"../../../Engine/Content/Internationalization/icudt53l/region/bo.res" 516
"../../../Engine/Content/Internationalization/icudt53l/region/bo_IN.res" 517
"../../../Engine/Content/Internationalization/icudt53l/lang/br.res" 518
"../../../Engine/Content/Internationalization/icudt53l/region/br.res" 519
"../../../Engine/Content/Internationalization/icudt53l/lang/brx.res" 520
"../../../Engine/Content/Internationalization/icudt53l/region/brx.res" 521
"../../../Engine/Content/Internationalization/icudt53l/lang/bs.res" 522
"../../../Engine/Content/Internationalization/icudt53l/lang/bs_Cyrl.res" 523
"../../../Engine/Content/Internationalization/icudt53l/lang/bs_BA.res" 524
"../../../Engine/Content/Internationalization/icudt53l/lang/bs_Latn_BA.res" 525
"../../../Engine/Content/Internationalization/icudt53l/lang/bs_Latn.res" 526
"../../../Engine/Content/Internationalization/icudt53l/region/bs_BA.res" 527
"../../../Engine/Content/Internationalization/icudt53l/region/bs_Latn_BA.res" 528
"../../../Engine/Content/Internationalization/icudt53l/region/bs_Latn.res" 529
"../../../Engine/Content/Internationalization/icudt53l/region/bs.res" 530
"../../../Engine/Content/Internationalization/icudt53l/region/bs_Cyrl.res" 531
"../../../Engine/Content/Internationalization/icudt53l/lang/ca.res" 532
"../../../Engine/Content/Internationalization/icudt53l/region/ca.res" 533
"../../../Engine/Content/Internationalization/icudt53l/lang/cgg.res" 534
"../../../Engine/Content/Internationalization/icudt53l/region/cgg.res" 535
"../../../Engine/Content/Internationalization/icudt53l/lang/chr.res" 536
"../../../Engine/Content/Internationalization/icudt53l/region/chr.res" 537
"../../../Engine/Content/Internationalization/icudt53l/lang/cs.res" 538
"../../../Engine/Content/Internationalization/icudt53l/region/cs.res" 539
"../../../Engine/Content/Internationalization/icudt53l/lang/cy.res" 540
"../../../Engine/Content/Internationalization/icudt53l/region/cy.res" 541
"../../../Engine/Content/Internationalization/icudt53l/lang/da.res" 542
"../../../Engine/Content/Internationalization/icudt53l/region/da.res" 543
"../../../Engine/Content/Internationalization/icudt53l/lang/dav.res" 544
"../../../Engine/Content/Internationalization/icudt53l/region/dav.res" 545
"../../../Engine/Content/Internationalization/icudt53l/lang/de.res" 546
"../../../Engine/Content/Internationalization/icudt53l/region/de.res" 547
"../../../Engine/Content/Internationalization/icudt53l/lang/de_CH.res" 548
"../../../Engine/Content/Internationalization/icudt53l/region/de_CH.res" 549
"../../../Engine/Content/Internationalization/icudt53l/lang/dje.res" 550
"../../../Engine/Content/Internationalization/icudt53l/region/dje.res" 551
"../../../Engine/Content/Internationalization/icudt53l/lang/dua.res" 552
"../../../Engine/Content/Internationalization/icudt53l/region/dua.res" 553
"../../../Engine/Content/Internationalization/icudt53l/lang/dyo.res" 554
"../../../Engine/Content/Internationalization/icudt53l/region/dyo.res" 555
"../../../Engine/Content/Internationalization/icudt53l/lang/dz.res" 556
"../../../Engine/Content/Internationalization/icudt53l/region/dz.res" 557
"../../../Engine/Content/Internationalization/icudt53l/lang/ebu.res" 558
"../../../Engine/Content/Internationalization/icudt53l/region/ebu.res" 559
"../../../Engine/Content/Internationalization/icudt53l/lang/ee.res" 560
"../../../Engine/Content/Internationalization/icudt53l/region/ee.res" 561
"../../../Engine/Content/Internationalization/icudt53l/lang/el.res" 562
"../../../Engine/Content/Internationalization/icudt53l/region/el.res" 563
"../../../Engine/Content/Internationalization/icudt53l/lang/en_150.res" 564
"../../../Engine/Content/Internationalization/icudt53l/lang/en_GB.res" 565
"../../../Engine/Content/Internationalization/icudt53l/region/en_150.res" 566
"../../../Engine/Content/Internationalization/icudt53l/region/en_GB.res" 567
"../../../Engine/Content/Internationalization/icudt53l/lang/en_AG.res" 568
"../../../Engine/Content/Internationalization/icudt53l/region/en_AG.res" 569
"../../../Engine/Content/Internationalization/icudt53l/lang/en_AI.res" 570
"../../../Engine/Content/Internationalization/icudt53l/region/en_AI.res" 571
"../../../Engine/Content/Internationalization/icudt53l/lang/en_AU.res" 572
"../../../Engine/Content/Internationalization/icudt53l/region/en_AU.res" 573
"../../../Engine/Content/Internationalization/icudt53l/lang/en_BB.res" 574
"../../../Engine/Content/Internationalization/icudt53l/region/en_BB.res" 575
"../../../Engine/Content/Internationalization/icudt53l/lang/en_BE.res" 576
"../../../Engine/Content/Internationalization/icudt53l/region/en_BE.res" 577
"../../../Engine/Content/Internationalization/icudt53l/lang/en_BM.res" 578
"../../../Engine/Content/Internationalization/icudt53l/region/en_BM.res" 579
"../../../Engine/Content/Internationalization/icudt53l/lang/en_BS.res" 580
"../../../Engine/Content/Internationalization/icudt53l/region/en_BS.res" 581
"../../../Engine/Content/Internationalization/icudt53l/lang/en_BW.res" 582
"../../../Engine/Content/Internationalization/icudt53l/region/en_BW.res" 583
"../../../Engine/Content/Internationalization/icudt53l/lang/en_BZ.res" 584
"../../../Engine/Content/Internationalization/icudt53l/region/en_BZ.res" 585
"../../../Engine/Content/Internationalization/icudt53l/lang/en_CC.res" 586
"../../../Engine/Content/Internationalization/icudt53l/region/en_CC.res" 587
"../../../Engine/Content/Internationalization/icudt53l/lang/en_CK.res" 588
"../../../Engine/Content/Internationalization/icudt53l/region/en_CK.res" 589
"../../../Engine/Content/Internationalization/icudt53l/lang/en_CM.res" 590
"../../../Engine/Content/Internationalization/icudt53l/region/en_CM.res" 591
"../../../Engine/Content/Internationalization/icudt53l/lang/en_CX.res" 592
"../../../Engine/Content/Internationalization/icudt53l/region/en_CX.res" 593
"../../../Engine/Content/Internationalization/icudt53l/lang/en_DG.res" 594
"../../../Engine/Content/Internationalization/icudt53l/region/en_DG.res" 595
"../../../Engine/Content/Internationalization/icudt53l/lang/en_DM.res" 596
"../../../Engine/Content/Internationalization/icudt53l/region/en_DM.res" 597
"../../../Engine/Content/Internationalization/icudt53l/lang/en_ER.res" 598
"../../../Engine/Content/Internationalization/icudt53l/region/en_ER.res" 599
"../../../Engine/Content/Internationalization/icudt53l/lang/en_FJ.res" 600
"../../../Engine/Content/Internationalization/icudt53l/region/en_FJ.res" 601
"../../../Engine/Content/Internationalization/icudt53l/lang/en_FK.res" 602
"../../../Engine/Content/Internationalization/icudt53l/region/en_FK.res" 603
"../../../Engine/Content/Internationalization/icudt53l/lang/en_FM.res" 604
"../../../Engine/Content/Internationalization/icudt53l/region/en_FM.res" 605
"../../../Engine/Content/Internationalization/icudt53l/lang/en_GD.res" 606
"../../../Engine/Content/Internationalization/icudt53l/region/en_GD.res" 607
"../../../Engine/Content/Internationalization/icudt53l/lang/en_GG.res" 608
"../../../Engine/Content/Internationalization/icudt53l/region/en_GG.res" 609
"../../../Engine/Content/Internationalization/icudt53l/lang/en_GH.res" 610
"../../../Engine/Content/Internationalization/icudt53l/region/en_GH.res" 611
"../../../Engine/Content/Internationalization/icudt53l/lang/en_GI.res" 612
"../../../Engine/Content/Internationalization/icudt53l/region/en_GI.res" 613
"../../../Engine/Content/Internationalization/icudt53l/lang/en_GM.res" 614
"../../../Engine/Content/Internationalization/icudt53l/region/en_GM.res" 615
"../../../Engine/Content/Internationalization/icudt53l/lang/en_GY.res" 616
"../../../Engine/Content/Internationalization/icudt53l/region/en_GY.res" 617
"../../../Engine/Content/Internationalization/icudt53l/lang/en_HK.res" 618
"../../../Engine/Content/Internationalization/icudt53l/region/en_HK.res" 619
"../../../Engine/Content/Internationalization/icudt53l/lang/en_IE.res" 620
"../../../Engine/Content/Internationalization/icudt53l/region/en_IE.res" 621
"../../../Engine/Content/Internationalization/icudt53l/lang/en_IM.res" 622
"../../../Engine/Content/Internationalization/icudt53l/region/en_IM.res" 623
"../../../Engine/Content/Internationalization/icudt53l/lang/en_IN.res" 624
"../../../Engine/Content/Internationalization/icudt53l/region/en_IN.res" 625
"../../../Engine/Content/Internationalization/icudt53l/lang/en_IO.res" 626
"../../../Engine/Content/Internationalization/icudt53l/region/en_IO.res" 627
"../../../Engine/Content/Internationalization/icudt53l/lang/en_JE.res" 628
"../../../Engine/Content/Internationalization/icudt53l/region/en_JE.res" 629
"../../../Engine/Content/Internationalization/icudt53l/lang/en_JM.res" 630
"../../../Engine/Content/Internationalization/icudt53l/region/en_JM.res" 631
"../../../Engine/Content/Internationalization/icudt53l/lang/en_KE.res" 632
"../../../Engine/Content/Internationalization/icudt53l/region/en_KE.res" 633
"../../../Engine/Content/Internationalization/icudt53l/lang/en_KI.res" 634
"../../../Engine/Content/Internationalization/icudt53l/region/en_KI.res" 635
"../../../Engine/Content/Internationalization/icudt53l/lang/en_KN.res" 636
"../../../Engine/Content/Internationalization/icudt53l/region/en_KN.res" 637
"../../../Engine/Content/Internationalization/icudt53l/lang/en_KY.res" 638
"../../../Engine/Content/Internationalization/icudt53l/region/en_KY.res" 639
"../../../Engine/Content/Internationalization/icudt53l/lang/en_LC.res" 640
"../../../Engine/Content/Internationalization/icudt53l/region/en_LC.res" 641
"../../../Engine/Content/Internationalization/icudt53l/lang/en_LR.res" 642
"../../../Engine/Content/Internationalization/icudt53l/region/en_LR.res" 643
"../../../Engine/Content/Internationalization/icudt53l/lang/en_LS.res" 644
"../../../Engine/Content/Internationalization/icudt53l/region/en_LS.res" 645
"../../../Engine/Content/Internationalization/icudt53l/lang/en_MG.res" 646
"../../../Engine/Content/Internationalization/icudt53l/region/en_MG.res" 647
"../../../Engine/Content/Internationalization/icudt53l/lang/en_MO.res" 648
"../../../Engine/Content/Internationalization/icudt53l/region/en_MO.res" 649
"../../../Engine/Content/Internationalization/icudt53l/lang/en_MS.res" 650
"../../../Engine/Content/Internationalization/icudt53l/region/en_MS.res" 651
"../../../Engine/Content/Internationalization/icudt53l/lang/en_MT.res" 652
"../../../Engine/Content/Internationalization/icudt53l/region/en_MT.res" 653
"../../../Engine/Content/Internationalization/icudt53l/lang/en_MU.res" 654
"../../../Engine/Content/Internationalization/icudt53l/region/en_MU.res" 655
"../../../Engine/Content/Internationalization/icudt53l/lang/en_MW.res" 656
"../../../Engine/Content/Internationalization/icudt53l/region/en_MW.res" 657
"../../../Engine/Content/Internationalization/icudt53l/lang/en_NA.res" 658
"../../../Engine/Content/Internationalization/icudt53l/region/en_NA.res" 659
"../../../Engine/Content/Internationalization/icudt53l/lang/en_NF.res" 660
"../../../Engine/Content/Internationalization/icudt53l/region/en_NF.res" 661
"../../../Engine/Content/Internationalization/icudt53l/lang/en_NG.res" 662
"../../../Engine/Content/Internationalization/icudt53l/region/en_NG.res" 663
"../../../Engine/Content/Internationalization/icudt53l/lang/en_NR.res" 664
"../../../Engine/Content/Internationalization/icudt53l/region/en_NR.res" 665
"../../../Engine/Content/Internationalization/icudt53l/lang/en_NU.res" 666
"../../../Engine/Content/Internationalization/icudt53l/region/en_NU.res" 667
"../../../Engine/Content/Internationalization/icudt53l/lang/en_NZ.res" 668
"../../../Engine/Content/Internationalization/icudt53l/region/en_NZ.res" 669
"../../../Engine/Content/Internationalization/icudt53l/lang/en_PG.res" 670
"../../../Engine/Content/Internationalization/icudt53l/region/en_PG.res" 671
"../../../Engine/Content/Internationalization/icudt53l/lang/en_PH.res" 672
"../../../Engine/Content/Internationalization/icudt53l/region/en_PH.res" 673
"../../../Engine/Content/Internationalization/icudt53l/lang/en_PK.res" 674
"../../../Engine/Content/Internationalization/icudt53l/region/en_PK.res" 675
"../../../Engine/Content/Internationalization/icudt53l/lang/en_PN.res" 676
"../../../Engine/Content/Internationalization/icudt53l/region/en_PN.res" 677
"../../../Engine/Content/Internationalization/icudt53l/lang/en_PW.res" 678
"../../../Engine/Content/Internationalization/icudt53l/region/en_PW.res" 679
"../../../Engine/Content/Internationalization/icudt53l/lang/en_RW.res" 680
"../../../Engine/Content/Internationalization/icudt53l/region/en_RW.res" 681
"../../../Engine/Content/Internationalization/icudt53l/lang/en_SB.res" 682
"../../../Engine/Content/Internationalization/icudt53l/region/en_SB.res" 683
"../../../Engine/Content/Internationalization/icudt53l/lang/en_SC.res" 684
"../../../Engine/Content/Internationalization/icudt53l/region/en_SC.res" 685
"../../../Engine/Content/Internationalization/icudt53l/lang/en_SD.res" 686
"../../../Engine/Content/Internationalization/icudt53l/region/en_SD.res" 687
"../../../Engine/Content/Internationalization/icudt53l/lang/en_SG.res" 688
"../../../Engine/Content/Internationalization/icudt53l/region/en_SG.res" 689
"../../../Engine/Content/Internationalization/icudt53l/lang/en_SH.res" 690
"../../../Engine/Content/Internationalization/icudt53l/region/en_SH.res" 691
"../../../Engine/Content/Internationalization/icudt53l/lang/en_SL.res" 692
"../../../Engine/Content/Internationalization/icudt53l/region/en_SL.res" 693
"../../../Engine/Content/Internationalization/icudt53l/lang/en_SS.res" 694
"../../../Engine/Content/Internationalization/icudt53l/region/en_SS.res" 695
"../../../Engine/Content/Internationalization/icudt53l/lang/en_SX.res" 696
"../../../Engine/Content/Internationalization/icudt53l/region/en_SX.res" 697
"../../../Engine/Content/Internationalization/icudt53l/lang/en_SZ.res" 698
"../../../Engine/Content/Internationalization/icudt53l/region/en_SZ.res" 699
"../../../Engine/Content/Internationalization/icudt53l/lang/en_TC.res" 700
"../../../Engine/Content/Internationalization/icudt53l/region/en_TC.res" 701
"../../../Engine/Content/Internationalization/icudt53l/lang/en_TK.res" 702
"../../../Engine/Content/Internationalization/icudt53l/region/en_TK.res" 703
"../../../Engine/Content/Internationalization/icudt53l/lang/en_TO.res" 704
"../../../Engine/Content/Internationalization/icudt53l/region/en_TO.res" 705
"../../../Engine/Content/Internationalization/icudt53l/lang/en_TT.res" 706
"../../../Engine/Content/Internationalization/icudt53l/region/en_TT.res" 707
"../../../Engine/Content/Internationalization/icudt53l/lang/en_TV.res" 708
"../../../Engine/Content/Internationalization/icudt53l/region/en_TV.res" 709
"../../../Engine/Content/Internationalization/icudt53l/lang/en_TZ.res" 710
"../../../Engine/Content/Internationalization/icudt53l/region/en_TZ.res" 711
"../../../Engine/Content/Internationalization/icudt53l/lang/en_UG.res" 712
"../../../Engine/Content/Internationalization/icudt53l/region/en_UG.res" 713
"../../../Engine/Content/Internationalization/icudt53l/lang/en_VC.res" 714
"../../../Engine/Content/Internationalization/icudt53l/region/en_VC.res" 715
"../../../Engine/Content/Internationalization/icudt53l/lang/en_VG.res" 716
"../../../Engine/Content/Internationalization/icudt53l/region/en_VG.res" 717
"../../../Engine/Content/Internationalization/icudt53l/lang/en_VU.res" 718
"../../../Engine/Content/Internationalization/icudt53l/region/en_VU.res" 719
"../../../Engine/Content/Internationalization/icudt53l/lang/en_WS.res" 720
"../../../Engine/Content/Internationalization/icudt53l/region/en_WS.res" 721
"../../../Engine/Content/Internationalization/icudt53l/lang/en_ZA.res" 722
"../../../Engine/Content/Internationalization/icudt53l/region/en_ZA.res" 723
"../../../Engine/Content/Internationalization/icudt53l/lang/en_ZM.res" 724
"../../../Engine/Content/Internationalization/icudt53l/region/en_ZM.res" 725
"../../../Engine/Content/Internationalization/icudt53l/lang/en_ZW.res" 726
"../../../Engine/Content/Internationalization/icudt53l/region/en_ZW.res" 727
"../../../Engine/Content/Internationalization/icudt53l/lang/eo.res" 728
"../../../Engine/Content/Internationalization/icudt53l/lang/es.res" 729
"../../../Engine/Content/Internationalization/icudt53l/lang/es_419.res" 730
"../../../Engine/Content/Internationalization/icudt53l/region/es.res" 731
"../../../Engine/Content/Internationalization/icudt53l/lang/es_AR.res" 732
"../../../Engine/Content/Internationalization/icudt53l/region/es_AR.res" 733
"../../../Engine/Content/Internationalization/icudt53l/lang/es_BO.res" 734
"../../../Engine/Content/Internationalization/icudt53l/region/es_BO.res" 735
"../../../Engine/Content/Internationalization/icudt53l/lang/es_CL.res" 736
"../../../Engine/Content/Internationalization/icudt53l/region/es_CL.res" 737
"../../../Engine/Content/Internationalization/icudt53l/lang/es_CO.res" 738
"../../../Engine/Content/Internationalization/icudt53l/region/es_CO.res" 739
"../../../Engine/Content/Internationalization/icudt53l/lang/es_CR.res" 740
"../../../Engine/Content/Internationalization/icudt53l/region/es_CR.res" 741
"../../../Engine/Content/Internationalization/icudt53l/lang/es_CU.res" 742
"../../../Engine/Content/Internationalization/icudt53l/region/es_CU.res" 743
"../../../Engine/Content/Internationalization/icudt53l/lang/es_DO.res" 744
"../../../Engine/Content/Internationalization/icudt53l/region/es_DO.res" 745
"../../../Engine/Content/Internationalization/icudt53l/lang/es_EC.res" 746
"../../../Engine/Content/Internationalization/icudt53l/region/es_EC.res" 747
"../../../Engine/Content/Internationalization/icudt53l/lang/es_GT.res" 748
"../../../Engine/Content/Internationalization/icudt53l/region/es_GT.res" 749
"../../../Engine/Content/Internationalization/icudt53l/lang/es_HN.res" 750
"../../../Engine/Content/Internationalization/icudt53l/region/es_HN.res" 751
"../../../Engine/Content/Internationalization/icudt53l/lang/es_MX.res" 752
"../../../Engine/Content/Internationalization/icudt53l/region/es_MX.res" 753
"../../../Engine/Content/Internationalization/icudt53l/lang/es_NI.res" 754
"../../../Engine/Content/Internationalization/icudt53l/region/es_NI.res" 755
"../../../Engine/Content/Internationalization/icudt53l/lang/es_PA.res" 756
"../../../Engine/Content/Internationalization/icudt53l/region/es_PA.res" 757
"../../../Engine/Content/Internationalization/icudt53l/lang/es_PE.res" 758
"../../../Engine/Content/Internationalization/icudt53l/region/es_PE.res" 759
"../../../Engine/Content/Internationalization/icudt53l/lang/es_PR.res" 760
"../../../Engine/Content/Internationalization/icudt53l/region/es_PR.res" 761
"../../../Engine/Content/Internationalization/icudt53l/lang/es_PY.res" 762
"../../../Engine/Content/Internationalization/icudt53l/region/es_PY.res" 763
"../../../Engine/Content/Internationalization/icudt53l/lang/es_SV.res" 764
"../../../Engine/Content/Internationalization/icudt53l/region/es_SV.res" 765
"../../../Engine/Content/Internationalization/icudt53l/lang/es_US.res" 766
"../../../Engine/Content/Internationalization/icudt53l/region/es_US.res" 767
"../../../Engine/Content/Internationalization/icudt53l/lang/es_UY.res" 768
"../../../Engine/Content/Internationalization/icudt53l/region/es_UY.res" 769
"../../../Engine/Content/Internationalization/icudt53l/lang/es_VE.res" 770
"../../../Engine/Content/Internationalization/icudt53l/region/es_VE.res" 771
"../../../Engine/Content/Internationalization/icudt53l/lang/et.res" 772
"../../../Engine/Content/Internationalization/icudt53l/region/et.res" 773
"../../../Engine/Content/Internationalization/icudt53l/lang/eu.res" 774
"../../../Engine/Content/Internationalization/icudt53l/region/eu.res" 775
"../../../Engine/Content/Internationalization/icudt53l/lang/ewo.res" 776
"../../../Engine/Content/Internationalization/icudt53l/region/ewo.res" 777
"../../../Engine/Content/Internationalization/icudt53l/lang/fa.res" 778
"../../../Engine/Content/Internationalization/icudt53l/lang/fa_AF.res" 779
"../../../Engine/Content/Internationalization/icudt53l/region/fa_AF.res" 780
"../../../Engine/Content/Internationalization/icudt53l/region/fa.res" 781
"../../../Engine/Content/Internationalization/icudt53l/lang/ff.res" 782
"../../../Engine/Content/Internationalization/icudt53l/region/ff.res" 783
"../../../Engine/Content/Internationalization/icudt53l/lang/fi.res" 784
"../../../Engine/Content/Internationalization/icudt53l/region/fi.res" 785
"../../../Engine/Content/Internationalization/icudt53l/lang/fil.res" 786
"../../../Engine/Content/Internationalization/icudt53l/lang/fil_PH.res" 787
"../../../Engine/Content/Internationalization/icudt53l/region/fil_PH.res" 788
"../../../Engine/Content/Internationalization/icudt53l/region/fil.res" 789
"../../../Engine/Content/Internationalization/icudt53l/lang/fo.res" 790
"../../../Engine/Content/Internationalization/icudt53l/region/fo.res" 791
"../../../Engine/Content/Internationalization/icudt53l/lang/fr.res" 792
"../../../Engine/Content/Internationalization/icudt53l/region/fr.res" 793
"../../../Engine/Content/Internationalization/icudt53l/lang/fr_CA.res" 794
"../../../Engine/Content/Internationalization/icudt53l/region/fr_CA.res" 795
"../../../Engine/Content/Internationalization/icudt53l/lang/ga.res" 796
"../../../Engine/Content/Internationalization/icudt53l/region/ga.res" 797
"../../../Engine/Content/Internationalization/icudt53l/lang/gl.res" 798
"../../../Engine/Content/Internationalization/icudt53l/region/gl.res" 799
"../../../Engine/Content/Internationalization/icudt53l/lang/gsw.res" 800
"../../../Engine/Content/Internationalization/icudt53l/region/gsw.res" 801
"../../../Engine/Content/Internationalization/icudt53l/lang/gu.res" 802
"../../../Engine/Content/Internationalization/icudt53l/region/gu.res" 803
"../../../Engine/Content/Internationalization/icudt53l/lang/guz.res" 804
"../../../Engine/Content/Internationalization/icudt53l/region/guz.res" 805
"../../../Engine/Content/Internationalization/icudt53l/lang/gv.res" 806
"../../../Engine/Content/Internationalization/icudt53l/region/gv.res" 807
"../../../Engine/Content/Internationalization/icudt53l/lang/ha.res" 808
"../../../Engine/Content/Internationalization/icudt53l/lang/ha_Latn.res" 809
"../../../Engine/Content/Internationalization/icudt53l/lang/ha_GH.res" 810
"../../../Engine/Content/Internationalization/icudt53l/lang/ha_Latn_GH.res" 811
"../../../Engine/Content/Internationalization/icudt53l/region/ha_GH.res" 812
"../../../Engine/Content/Internationalization/icudt53l/region/ha_Latn_GH.res" 813
"../../../Engine/Content/Internationalization/icudt53l/region/ha_Latn.res" 814
"../../../Engine/Content/Internationalization/icudt53l/region/ha.res" 815
"../../../Engine/Content/Internationalization/icudt53l/lang/ha_NE.res" 816
"../../../Engine/Content/Internationalization/icudt53l/lang/ha_Latn_NE.res" 817
"../../../Engine/Content/Internationalization/icudt53l/region/ha_NE.res" 818
"../../../Engine/Content/Internationalization/icudt53l/region/ha_Latn_NE.res" 819
"../../../Engine/Content/Internationalization/icudt53l/lang/ha_NG.res" 820
"../../../Engine/Content/Internationalization/icudt53l/lang/ha_Latn_NG.res" 821
"../../../Engine/Content/Internationalization/icudt53l/region/ha_NG.res" 822
"../../../Engine/Content/Internationalization/icudt53l/region/ha_Latn_NG.res" 823
"../../../Engine/Content/Internationalization/icudt53l/lang/haw.res" 824
"../../../Engine/Content/Internationalization/icudt53l/region/haw.res" 825
"../../../Engine/Content/Internationalization/icudt53l/lang/he.res" 826
"../../../Engine/Content/Internationalization/icudt53l/lang/he_IL.res" 827
"../../../Engine/Content/Internationalization/icudt53l/region/he_IL.res" 828
"../../../Engine/Content/Internationalization/icudt53l/region/he.res" 829
"../../../Engine/Content/Internationalization/icudt53l/lang/hi.res" 830
"../../../Engine/Content/Internationalization/icudt53l/region/hi.res" 831
"../../../Engine/Content/Internationalization/icudt53l/lang/hr.res" 832
"../../../Engine/Content/Internationalization/icudt53l/region/hr.res" 833
"../../../Engine/Content/Internationalization/icudt53l/lang/hu.res" 834
"../../../Engine/Content/Internationalization/icudt53l/region/hu.res" 835
"../../../Engine/Content/Internationalization/icudt53l/lang/hy.res" 836
"../../../Engine/Content/Internationalization/icudt53l/region/hy.res" 837
"../../../Engine/Content/Internationalization/icudt53l/lang/id.res" 838
"../../../Engine/Content/Internationalization/icudt53l/lang/id_ID.res" 839
"../../../Engine/Content/Internationalization/icudt53l/region/id_ID.res" 840
"../../../Engine/Content/Internationalization/icudt53l/region/id.res" 841
"../../../Engine/Content/Internationalization/icudt53l/lang/ig.res" 842
"../../../Engine/Content/Internationalization/icudt53l/region/ig.res" 843
"../../../Engine/Content/Internationalization/icudt53l/lang/ii.res" 844
"../../../Engine/Content/Internationalization/icudt53l/region/ii.res" 845
"../../../Engine/Content/Internationalization/icudt53l/lang/is.res" 846
"../../../Engine/Content/Internationalization/icudt53l/region/is.res" 847
"../../../Engine/Content/Internationalization/icudt53l/lang/it.res" 848
"../../../Engine/Content/Internationalization/icudt53l/region/it.res" 849
"../../../Engine/Content/Internationalization/icudt53l/lang/ja.res" 850
"../../../Engine/Content/Internationalization/icudt53l/lang/ja_JP.res" 851
"../../../Engine/Content/Internationalization/icudt53l/region/ja_JP.res" 852
"../../../Engine/Content/Internationalization/icudt53l/region/ja.res" 853
"../../../Engine/Content/Internationalization/icudt53l/lang/jgo.res" 854
"../../../Engine/Content/Internationalization/icudt53l/region/jgo.res" 855
"../../../Engine/Content/Internationalization/icudt53l/lang/jmc.res" 856
"../../../Engine/Content/Internationalization/icudt53l/region/jmc.res" 857
"../../../Engine/Content/Internationalization/icudt53l/lang/ka.res" 858
"../../../Engine/Content/Internationalization/icudt53l/region/ka.res" 859
"../../../Engine/Content/Internationalization/icudt53l/lang/kab.res" 860
"../../../Engine/Content/Internationalization/icudt53l/region/kab.res" 861
"../../../Engine/Content/Internationalization/icudt53l/lang/kam.res" 862
"../../../Engine/Content/Internationalization/icudt53l/region/kam.res" 863
"../../../Engine/Content/Internationalization/icudt53l/lang/kde.res" 864
"../../../Engine/Content/Internationalization/icudt53l/region/kde.res" 865
"../../../Engine/Content/Internationalization/icudt53l/lang/kea.res" 866
"../../../Engine/Content/Internationalization/icudt53l/region/kea.res" 867
"../../../Engine/Content/Internationalization/icudt53l/lang/khq.res" 868
"../../../Engine/Content/Internationalization/icudt53l/region/khq.res" 869
"../../../Engine/Content/Internationalization/icudt53l/lang/ki.res" 870
"../../../Engine/Content/Internationalization/icudt53l/region/ki.res" 871
"../../../Engine/Content/Internationalization/icudt53l/lang/kk.res" 872
"../../../Engine/Content/Internationalization/icudt53l/lang/kk_Cyrl.res" 873
"../../../Engine/Content/Internationalization/icudt53l/lang/kk_KZ.res" 874
"../../../Engine/Content/Internationalization/icudt53l/lang/kk_Cyrl_KZ.res" 875
"../../../Engine/Content/Internationalization/icudt53l/region/kk_KZ.res" 876
"../../../Engine/Content/Internationalization/icudt53l/region/kk_Cyrl_KZ.res" 877
"../../../Engine/Content/Internationalization/icudt53l/region/kk_Cyrl.res" 878
"../../../Engine/Content/Internationalization/icudt53l/region/kk.res" 879
"../../../Engine/Content/Internationalization/icudt53l/lang/kkj.res" 880
"../../../Engine/Content/Internationalization/icudt53l/region/kkj.res" 881
"../../../Engine/Content/Internationalization/icudt53l/lang/kl.res" 882
"../../../Engine/Content/Internationalization/icudt53l/region/kl.res" 883
"../../../Engine/Content/Internationalization/icudt53l/lang/kln.res" 884
"../../../Engine/Content/Internationalization/icudt53l/region/kln.res" 885
"../../../Engine/Content/Internationalization/icudt53l/lang/km.res" 886
"../../../Engine/Content/Internationalization/icudt53l/region/km.res" 887
"../../../Engine/Content/Internationalization/icudt53l/lang/kn.res" 888
"../../../Engine/Content/Internationalization/icudt53l/region/kn.res" 889
"../../../Engine/Content/Internationalization/icudt53l/lang/ko.res" 890
"../../../Engine/Content/Internationalization/icudt53l/region/ko.res" 891
"../../../Engine/Content/Internationalization/icudt53l/lang/kok.res" 892
"../../../Engine/Content/Internationalization/icudt53l/region/kok.res" 893
"../../../Engine/Content/Internationalization/icudt53l/lang/ks.res" 894
"../../../Engine/Content/Internationalization/icudt53l/lang/ks_Arab.res" 895
"../../../Engine/Content/Internationalization/icudt53l/lang/ks_IN.res" 896
"../../../Engine/Content/Internationalization/icudt53l/lang/ks_Arab_IN.res" 897
"../../../Engine/Content/Internationalization/icudt53l/region/ks_IN.res" 898
"../../../Engine/Content/Internationalization/icudt53l/region/ks_Arab_IN.res" 899
"../../../Engine/Content/Internationalization/icudt53l/region/ks_Arab.res" 900
"../../../Engine/Content/Internationalization/icudt53l/region/ks.res" 901
"../../../Engine/Content/Internationalization/icudt53l/lang/ksb.res" 902
"../../../Engine/Content/Internationalization/icudt53l/region/ksb.res" 903
"../../../Engine/Content/Internationalization/icudt53l/lang/ksf.res" 904
"../../../Engine/Content/Internationalization/icudt53l/region/ksf.res" 905
"../../../Engine/Content/Internationalization/icudt53l/lang/kw.res" 906
"../../../Engine/Content/Internationalization/icudt53l/region/kw.res" 907
"../../../Engine/Content/Internationalization/icudt53l/lang/ky.res" 908
"../../../Engine/Content/Internationalization/icudt53l/lang/ky_Cyrl.res" 909
"../../../Engine/Content/Internationalization/icudt53l/lang/ky_KG.res" 910
"../../../Engine/Content/Internationalization/icudt53l/lang/ky_Cyrl_KG.res" 911
"../../../Engine/Content/Internationalization/icudt53l/region/ky_KG.res" 912
"../../../Engine/Content/Internationalization/icudt53l/region/ky_Cyrl_KG.res" 913
"../../../Engine/Content/Internationalization/icudt53l/region/ky_Cyrl.res" 914
"../../../Engine/Content/Internationalization/icudt53l/region/ky.res" 915
"../../../Engine/Content/Internationalization/icudt53l/lang/lag.res" 916
"../../../Engine/Content/Internationalization/icudt53l/region/lag.res" 917
"../../../Engine/Content/Internationalization/icudt53l/lang/leet.res" 918
"../../../Engine/Content/Internationalization/icudt53l/lang/lg.res" 919
"../../../Engine/Content/Internationalization/icudt53l/region/lg.res" 920
"../../../Engine/Content/Internationalization/icudt53l/lang/lkt.res" 921
"../../../Engine/Content/Internationalization/icudt53l/region/lkt.res" 922
"../../../Engine/Content/Internationalization/icudt53l/lang/ln.res" 923
"../../../Engine/Content/Internationalization/icudt53l/region/ln.res" 924
"../../../Engine/Content/Internationalization/icudt53l/lang/lo.res" 925
"../../../Engine/Content/Internationalization/icudt53l/region/lo.res" 926
"../../../Engine/Content/Internationalization/icudt53l/lang/lt.res" 927
"../../../Engine/Content/Internationalization/icudt53l/region/lt.res" 928
"../../../Engine/Content/Internationalization/icudt53l/lang/lu.res" 929
"../../../Engine/Content/Internationalization/icudt53l/region/lu.res" 930
"../../../Engine/Content/Internationalization/icudt53l/lang/luo.res" 931
"../../../Engine/Content/Internationalization/icudt53l/region/luo.res" 932
"../../../Engine/Content/Internationalization/icudt53l/lang/luy.res" 933
"../../../Engine/Content/Internationalization/icudt53l/region/luy.res" 934
"../../../Engine/Content/Internationalization/icudt53l/lang/lv.res" 935
"../../../Engine/Content/Internationalization/icudt53l/region/lv.res" 936
"../../../Engine/Content/Internationalization/icudt53l/lang/mas.res" 937
"../../../Engine/Content/Internationalization/icudt53l/region/mas.res" 938
"../../../Engine/Content/Internationalization/icudt53l/lang/mer.res" 939
"../../../Engine/Content/Internationalization/icudt53l/region/mer.res" 940
"../../../Engine/Content/Internationalization/icudt53l/lang/mfe.res" 941
"../../../Engine/Content/Internationalization/icudt53l/region/mfe.res" 942
"../../../Engine/Content/Internationalization/icudt53l/lang/mg.res" 943
"../../../Engine/Content/Internationalization/icudt53l/region/mg.res" 944
"../../../Engine/Content/Internationalization/icudt53l/lang/mgh.res" 945
"../../../Engine/Content/Internationalization/icudt53l/region/mgh.res" 946
"../../../Engine/Content/Internationalization/icudt53l/lang/mgo.res" 947
"../../../Engine/Content/Internationalization/icudt53l/region/mgo.res" 948
"../../../Engine/Content/Internationalization/icudt53l/lang/mk.res" 949
"../../../Engine/Content/Internationalization/icudt53l/region/mk.res" 950
"../../../Engine/Content/Internationalization/icudt53l/lang/ml.res" 951
"../../../Engine/Content/Internationalization/icudt53l/region/ml.res" 952
"../../../Engine/Content/Internationalization/icudt53l/lang/mn.res" 953
"../../../Engine/Content/Internationalization/icudt53l/lang/mn_Cyrl.res" 954
"../../../Engine/Content/Internationalization/icudt53l/lang/mn_MN.res" 955
"../../../Engine/Content/Internationalization/icudt53l/lang/mn_Cyrl_MN.res" 956
"../../../Engine/Content/Internationalization/icudt53l/region/mn_MN.res" 957
"../../../Engine/Content/Internationalization/icudt53l/region/mn_Cyrl_MN.res" 958
"../../../Engine/Content/Internationalization/icudt53l/region/mn_Cyrl.res" 959
"../../../Engine/Content/Internationalization/icudt53l/region/mn.res" 960
"../../../Engine/Content/Internationalization/icudt53l/lang/mr.res" 961
"../../../Engine/Content/Internationalization/icudt53l/region/mr.res" 962
"../../../Engine/Content/Internationalization/icudt53l/lang/ms.res" 963
"../../../Engine/Content/Internationalization/icudt53l/lang/ms_Latn.res" 964
"../../../Engine/Content/Internationalization/icudt53l/lang/ms_BN.res" 965
"../../../Engine/Content/Internationalization/icudt53l/lang/ms_Latn_BN.res" 966
"../../../Engine/Content/Internationalization/icudt53l/region/ms_BN.res" 967
"../../../Engine/Content/Internationalization/icudt53l/region/ms_Latn_BN.res" 968
"../../../Engine/Content/Internationalization/icudt53l/region/ms_Latn.res" 969
"../../../Engine/Content/Internationalization/icudt53l/region/ms.res" 970
"../../../Engine/Content/Internationalization/icudt53l/lang/ms_MY.res" 971
"../../../Engine/Content/Internationalization/icudt53l/lang/ms_Latn_MY.res" 972
"../../../Engine/Content/Internationalization/icudt53l/region/ms_MY.res" 973
"../../../Engine/Content/Internationalization/icudt53l/region/ms_Latn_MY.res" 974
"../../../Engine/Content/Internationalization/icudt53l/lang/ms_SG.res" 975
"../../../Engine/Content/Internationalization/icudt53l/lang/ms_Latn_SG.res" 976
"../../../Engine/Content/Internationalization/icudt53l/region/ms_SG.res" 977
"../../../Engine/Content/Internationalization/icudt53l/region/ms_Latn_SG.res" 978
"../../../Engine/Content/Internationalization/icudt53l/lang/mt.res" 979
"../../../Engine/Content/Internationalization/icudt53l/region/mt.res" 980
"../../../Engine/Content/Internationalization/icudt53l/lang/mua.res" 981
"../../../Engine/Content/Internationalization/icudt53l/region/mua.res" 982
"../../../Engine/Content/Internationalization/icudt53l/lang/my.res" 983
"../../../Engine/Content/Internationalization/icudt53l/region/my.res" 984
"../../../Engine/Content/Internationalization/icudt53l/lang/naq.res" 985
"../../../Engine/Content/Internationalization/icudt53l/region/naq.res" 986
"../../../Engine/Content/Internationalization/icudt53l/lang/nb.res" 987
"../../../Engine/Content/Internationalization/icudt53l/lang/nb_NO.res" 988
"../../../Engine/Content/Internationalization/icudt53l/region/nb_NO.res" 989
"../../../Engine/Content/Internationalization/icudt53l/region/nb.res" 990
"../../../Engine/Content/Internationalization/icudt53l/lang/nd.res" 991
"../../../Engine/Content/Internationalization/icudt53l/region/nd.res" 992
"../../../Engine/Content/Internationalization/icudt53l/lang/ne.res" 993
"../../../Engine/Content/Internationalization/icudt53l/region/ne.res" 994
"../../../Engine/Content/Internationalization/icudt53l/lang/nl.res" 995
"../../../Engine/Content/Internationalization/icudt53l/region/nl.res" 996
"../../../Engine/Content/Internationalization/icudt53l/lang/nl_BE.res" 997
"../../../Engine/Content/Internationalization/icudt53l/region/nl_BE.res" 998
"../../../Engine/Content/Internationalization/icudt53l/lang/nmg.res" 999
"../../../Engine/Content/Internationalization/icudt53l/region/nmg.res" 1000
"../../../Engine/Content/Internationalization/icudt53l/lang/nn.res" 1001
"../../../Engine/Content/Internationalization/icudt53l/lang/nn_NO.res" 1002
"../../../Engine/Content/Internationalization/icudt53l/region/nn_NO.res" 1003
"../../../Engine/Content/Internationalization/icudt53l/region/nn.res" 1004
"../../../Engine/Content/Internationalization/icudt53l/lang/nnh.res" 1005
"../../../Engine/Content/Internationalization/icudt53l/region/nnh.res" 1006
"../../../Engine/Content/Internationalization/icudt53l/lang/nus.res" 1007
"../../../Engine/Content/Internationalization/icudt53l/region/nus.res" 1008
"../../../Engine/Content/Internationalization/icudt53l/lang/nyn.res" 1009
"../../../Engine/Content/Internationalization/icudt53l/region/nyn.res" 1010
"../../../Engine/Content/Internationalization/icudt53l/lang/om.res" 1011
"../../../Engine/Content/Internationalization/icudt53l/region/om.res" 1012
"../../../Engine/Content/Internationalization/icudt53l/lang/or.res" 1013
"../../../Engine/Content/Internationalization/icudt53l/region/or.res" 1014
"../../../Engine/Content/Internationalization/icudt53l/lang/pa.res" 1015
"../../../Engine/Content/Internationalization/icudt53l/lang/pa_Arab.res" 1016
"../../../Engine/Content/Internationalization/icudt53l/lang/pa_PK.res" 1017
"../../../Engine/Content/Internationalization/icudt53l/lang/pa_Arab_PK.res" 1018
"../../../Engine/Content/Internationalization/icudt53l/region/pa_PK.res" 1019
"../../../Engine/Content/Internationalization/icudt53l/region/pa_Arab_PK.res" 1020
"../../../Engine/Content/Internationalization/icudt53l/region/pa_Arab.res" 1021
"../../../Engine/Content/Internationalization/icudt53l/lang/pa_Guru.res" 1022
"../../../Engine/Content/Internationalization/icudt53l/lang/pa_IN.res" 1023
"../../../Engine/Content/Internationalization/icudt53l/lang/pa_Guru_IN.res" 1024
"../../../Engine/Content/Internationalization/icudt53l/region/pa_IN.res" 1025
"../../../Engine/Content/Internationalization/icudt53l/region/pa_Guru_IN.res" 1026
"../../../Engine/Content/Internationalization/icudt53l/region/pa_Guru.res" 1027
"../../../Engine/Content/Internationalization/icudt53l/region/pa.res" 1028
"../../../Engine/Content/Internationalization/icudt53l/lang/pl.res" 1029
"../../../Engine/Content/Internationalization/icudt53l/region/pl.res" 1030
"../../../Engine/Content/Internationalization/icudt53l/lang/ps.res" 1031
"../../../Engine/Content/Internationalization/icudt53l/region/ps.res" 1032
"../../../Engine/Content/Internationalization/icudt53l/lang/pt.res" 1033
"../../../Engine/Content/Internationalization/icudt53l/lang/pt_AO.res" 1034
"../../../Engine/Content/Internationalization/icudt53l/lang/pt_PT.res" 1035
"../../../Engine/Content/Internationalization/icudt53l/region/pt_AO.res" 1036
"../../../Engine/Content/Internationalization/icudt53l/region/pt_PT.res" 1037
"../../../Engine/Content/Internationalization/icudt53l/region/pt.res" 1038
"../../../Engine/Content/Internationalization/icudt53l/lang/pt_CV.res" 1039
"../../../Engine/Content/Internationalization/icudt53l/region/pt_CV.res" 1040
"../../../Engine/Content/Internationalization/icudt53l/lang/pt_GW.res" 1041
"../../../Engine/Content/Internationalization/icudt53l/region/pt_GW.res" 1042
"../../../Engine/Content/Internationalization/icudt53l/lang/pt_MO.res" 1043
"../../../Engine/Content/Internationalization/icudt53l/region/pt_MO.res" 1044
"../../../Engine/Content/Internationalization/icudt53l/lang/pt_MZ.res" 1045
"../../../Engine/Content/Internationalization/icudt53l/region/pt_MZ.res" 1046
"../../../Engine/Content/Internationalization/icudt53l/lang/pt_ST.res" 1047
"../../../Engine/Content/Internationalization/icudt53l/region/pt_ST.res" 1048
"../../../Engine/Content/Internationalization/icudt53l/lang/pt_TL.res" 1049
"../../../Engine/Content/Internationalization/icudt53l/region/pt_TL.res" 1050
"../../../Engine/Content/Internationalization/icudt53l/lang/rm.res" 1051
"../../../Engine/Content/Internationalization/icudt53l/region/rm.res" 1052
"../../../Engine/Content/Internationalization/icudt53l/lang/rn.res" 1053
"../../../Engine/Content/Internationalization/icudt53l/region/rn.res" 1054
"../../../Engine/Content/Internationalization/icudt53l/lang/ro.res" 1055
"../../../Engine/Content/Internationalization/icudt53l/lang/ro_MD.res" 1056
"../../../Engine/Content/Internationalization/icudt53l/region/ro_MD.res" 1057
"../../../Engine/Content/Internationalization/icudt53l/region/ro.res" 1058
"../../../Engine/Content/Internationalization/icudt53l/lang/rof.res" 1059
"../../../Engine/Content/Internationalization/icudt53l/region/rof.res" 1060
"../../../Engine/Content/Internationalization/icudt53l/lang/ru.res" 1061
"../../../Engine/Content/Internationalization/icudt53l/region/ru.res" 1062
"../../../Engine/Content/Internationalization/icudt53l/lang/ru_UA.res" 1063
"../../../Engine/Content/Internationalization/icudt53l/lang/rw.res" 1064
"../../../Engine/Content/Internationalization/icudt53l/region/rw.res" 1065
"../../../Engine/Content/Internationalization/icudt53l/lang/rwk.res" 1066
"../../../Engine/Content/Internationalization/icudt53l/region/rwk.res" 1067
"../../../Engine/Content/Internationalization/icudt53l/lang/saq.res" 1068
"../../../Engine/Content/Internationalization/icudt53l/region/saq.res" 1069
"../../../Engine/Content/Internationalization/icudt53l/lang/sbp.res" 1070
"../../../Engine/Content/Internationalization/icudt53l/region/sbp.res" 1071
"../../../Engine/Content/Internationalization/icudt53l/lang/seh.res" 1072
"../../../Engine/Content/Internationalization/icudt53l/region/seh.res" 1073
"../../../Engine/Content/Internationalization/icudt53l/lang/ses.res" 1074
"../../../Engine/Content/Internationalization/icudt53l/region/ses.res" 1075
"../../../Engine/Content/Internationalization/icudt53l/lang/sg.res" 1076
"../../../Engine/Content/Internationalization/icudt53l/region/sg.res" 1077
"../../../Engine/Content/Internationalization/icudt53l/lang/shi.res" 1078
"../../../Engine/Content/Internationalization/icudt53l/lang/shi_Latn.res" 1079
"../../../Engine/Content/Internationalization/icudt53l/lang/shi_MA.res" 1080
"../../../Engine/Content/Internationalization/icudt53l/lang/shi_Tfng_MA.res" 1081
"../../../Engine/Content/Internationalization/icudt53l/lang/shi_Tfng.res" 1082
"../../../Engine/Content/Internationalization/icudt53l/region/shi_MA.res" 1083
"../../../Engine/Content/Internationalization/icudt53l/region/shi_Tfng_MA.res" 1084
"../../../Engine/Content/Internationalization/icudt53l/region/shi_Tfng.res" 1085
"../../../Engine/Content/Internationalization/icudt53l/region/shi.res" 1086
"../../../Engine/Content/Internationalization/icudt53l/region/shi_Latn.res" 1087
"../../../Engine/Content/Internationalization/icudt53l/lang/si.res" 1088
"../../../Engine/Content/Internationalization/icudt53l/region/si.res" 1089
"../../../Engine/Content/Internationalization/icudt53l/lang/sk.res" 1090
"../../../Engine/Content/Internationalization/icudt53l/region/sk.res" 1091
"../../../Engine/Content/Internationalization/icudt53l/lang/sl.res" 1092
"../../../Engine/Content/Internationalization/icudt53l/region/sl.res" 1093
"../../../Engine/Content/Internationalization/icudt53l/lang/sn.res" 1094
"../../../Engine/Content/Internationalization/icudt53l/region/sn.res" 1095
"../../../Engine/Content/Internationalization/icudt53l/lang/so.res" 1096
"../../../Engine/Content/Internationalization/icudt53l/region/so.res" 1097
"../../../Engine/Content/Internationalization/icudt53l/lang/sq.res" 1098
"../../../Engine/Content/Internationalization/icudt53l/region/sq.res" 1099
"../../../Engine/Content/Internationalization/icudt53l/lang/sr.res" 1100
"../../../Engine/Content/Internationalization/icudt53l/lang/sr_Cyrl.res" 1101
"../../../Engine/Content/Internationalization/icudt53l/lang/sr_BA.res" 1102
"../../../Engine/Content/Internationalization/icudt53l/lang/sr_Cyrl_BA.res" 1103
"../../../Engine/Content/Internationalization/icudt53l/region/sr_BA.res" 1104
"../../../Engine/Content/Internationalization/icudt53l/region/sr_Cyrl_BA.res" 1105
"../../../Engine/Content/Internationalization/icudt53l/region/sr_Cyrl.res" 1106
"../../../Engine/Content/Internationalization/icudt53l/region/sr.res" 1107
"../../../Engine/Content/Internationalization/icudt53l/lang/sr_ME.res" 1108
"../../../Engine/Content/Internationalization/icudt53l/lang/sr_Latn_ME.res" 1109
"../../../Engine/Content/Internationalization/icudt53l/lang/sr_Latn.res" 1110
"../../../Engine/Content/Internationalization/icudt53l/region/sr_ME.res" 1111
"../../../Engine/Content/Internationalization/icudt53l/region/sr_Latn_ME.res" 1112
"../../../Engine/Content/Internationalization/icudt53l/region/sr_Latn.res" 1113
"../../../Engine/Content/Internationalization/icudt53l/lang/sr_RS.res" 1114
"../../../Engine/Content/Internationalization/icudt53l/lang/sr_Cyrl_RS.res" 1115
"../../../Engine/Content/Internationalization/icudt53l/region/sr_RS.res" 1116
"../../../Engine/Content/Internationalization/icudt53l/region/sr_Cyrl_RS.res" 1117
"../../../Engine/Content/Internationalization/icudt53l/lang/sr_XK.res" 1118
"../../../Engine/Content/Internationalization/icudt53l/lang/sr_Cyrl_XK.res" 1119
"../../../Engine/Content/Internationalization/icudt53l/region/sr_XK.res" 1120
"../../../Engine/Content/Internationalization/icudt53l/region/sr_Cyrl_XK.res" 1121
"../../../Engine/Content/Internationalization/icudt53l/lang/sr_Latn_BA.res" 1122
"../../../Engine/Content/Internationalization/icudt53l/region/sr_Latn_BA.res" 1123
"../../../Engine/Content/Internationalization/icudt53l/lang/sr_Latn_RS.res" 1124
"../../../Engine/Content/Internationalization/icudt53l/region/sr_Latn_RS.res" 1125
"../../../Engine/Content/Internationalization/icudt53l/lang/sv.res" 1126
"../../../Engine/Content/Internationalization/icudt53l/region/sv.res" 1127
"../../../Engine/Content/Internationalization/icudt53l/lang/sv_FI.res" 1128
"../../../Engine/Content/Internationalization/icudt53l/region/sv_FI.res" 1129
"../../../Engine/Content/Internationalization/icudt53l/lang/sw.res" 1130
"../../../Engine/Content/Internationalization/icudt53l/region/sw.res" 1131
"../../../Engine/Content/Internationalization/icudt53l/lang/swc.res" 1132
"../../../Engine/Content/Internationalization/icudt53l/region/swc.res" 1133
"../../../Engine/Content/Internationalization/icudt53l/lang/ta.res" 1134
"../../../Engine/Content/Internationalization/icudt53l/region/ta.res" 1135
"../../../Engine/Content/Internationalization/icudt53l/lang/te.res" 1136
"../../../Engine/Content/Internationalization/icudt53l/region/te.res" 1137
"../../../Engine/Content/Internationalization/icudt53l/lang/teo.res" 1138
"../../../Engine/Content/Internationalization/icudt53l/region/teo.res" 1139
"../../../Engine/Content/Internationalization/icudt53l/lang/th.res" 1140
"../../../Engine/Content/Internationalization/icudt53l/lang/th_TH.res" 1141
"../../../Engine/Content/Internationalization/icudt53l/region/th_TH.res" 1142
"../../../Engine/Content/Internationalization/icudt53l/region/th.res" 1143
"../../../Engine/Content/Internationalization/icudt53l/lang/ti.res" 1144
"../../../Engine/Content/Internationalization/icudt53l/region/ti.res" 1145
"../../../Engine/Content/Internationalization/icudt53l/lang/to.res" 1146
"../../../Engine/Content/Internationalization/icudt53l/region/to.res" 1147
"../../../Engine/Content/Internationalization/icudt53l/lang/tr.res" 1148
"../../../Engine/Content/Internationalization/icudt53l/region/tr.res" 1149
"../../../Engine/Content/Internationalization/icudt53l/lang/twq.res" 1150
"../../../Engine/Content/Internationalization/icudt53l/region/twq.res" 1151
"../../../Engine/Content/Internationalization/icudt53l/lang/tzm.res" 1152
"../../../Engine/Content/Internationalization/icudt53l/lang/tzm_Latn.res" 1153
"../../../Engine/Content/Internationalization/icudt53l/lang/tzm_MA.res" 1154
"../../../Engine/Content/Internationalization/icudt53l/lang/tzm_Latn_MA.res" 1155
"../../../Engine/Content/Internationalization/icudt53l/region/tzm_MA.res" 1156
"../../../Engine/Content/Internationalization/icudt53l/region/tzm_Latn_MA.res" 1157
"../../../Engine/Content/Internationalization/icudt53l/region/tzm_Latn.res" 1158
"../../../Engine/Content/Internationalization/icudt53l/region/tzm.res" 1159
"../../../Engine/Content/Internationalization/icudt53l/lang/ug.res" 1160
"../../../Engine/Content/Internationalization/icudt53l/lang/ug_Arab.res" 1161
"../../../Engine/Content/Internationalization/icudt53l/lang/ug_CN.res" 1162
"../../../Engine/Content/Internationalization/icudt53l/lang/ug_Arab_CN.res" 1163
"../../../Engine/Content/Internationalization/icudt53l/region/ug_CN.res" 1164
"../../../Engine/Content/Internationalization/icudt53l/region/ug_Arab_CN.res" 1165
"../../../Engine/Content/Internationalization/icudt53l/region/ug_Arab.res" 1166
"../../../Engine/Content/Internationalization/icudt53l/region/ug.res" 1167
"../../../Engine/Content/Internationalization/icudt53l/lang/uk.res" 1168
"../../../Engine/Content/Internationalization/icudt53l/region/uk.res" 1169
"../../../Engine/Content/Internationalization/icudt53l/lang/ur.res" 1170
"../../../Engine/Content/Internationalization/icudt53l/region/ur.res" 1171
"../../../Engine/Content/Internationalization/icudt53l/lang/uz.res" 1172
"../../../Engine/Content/Internationalization/icudt53l/lang/uz_Arab.res" 1173
"../../../Engine/Content/Internationalization/icudt53l/lang/uz_AF.res" 1174
"../../../Engine/Content/Internationalization/icudt53l/lang/uz_Arab_AF.res" 1175
"../../../Engine/Content/Internationalization/icudt53l/region/uz_AF.res" 1176
"../../../Engine/Content/Internationalization/icudt53l/region/uz_Arab_AF.res" 1177
"../../../Engine/Content/Internationalization/icudt53l/region/uz_Arab.res" 1178
"../../../Engine/Content/Internationalization/icudt53l/lang/uz_Cyrl.res" 1179
